Log file open, 10/03/20 22:23:39
LogInit: Display: Running engine for game: DungeonGenerator
LogPlatformFile: Not using cached read wrapper
LogTaskGraph: Started task graph with 5 named threads and 47 total threads with 3 sets of task threads.
LogStats: Stats thread started at 0.254193
LogD3D11RHI: Loaded GFSDK_Aftermath_Lib.x64.dll
LogICUInternationalization: ICU TimeZone Detection - Raw Offset: -7:00, Platform Override: ''
LogPluginManager: Mounting plugin Paper2D
LogPluginManager: Mounting plugin AISupport
LogPluginManager: Mounting plugin LightPropagationVolume
LogPluginManager: Mounting plugin CameraShakePreviewer
LogPluginManager: Mounting plugin ActorLayerUtilities
LogPluginManager: Mounting plugin AnimationSharing
LogPluginManager: Mounting plugin CLionSourceCodeAccess
LogPluginManager: Mounting plugin CodeLiteSourceCodeAccess
LogPluginManager: Mounting plugin GitSourceControl
LogPluginManager: Mounting plugin KDevelopSourceCodeAccess
LogPluginManager: Mounting plugin NullSourceCodeAccess
LogPluginManager: Mounting plugin PerforceSourceControl
LogPluginManager: Mounting plugin PlasticSourceControl
LogPluginManager: Mounting plugin RiderSourceCodeAccess
LogPluginManager: Mounting plugin SubversionSourceControl
LogPluginManager: Mounting plugin UObjectPlugin
LogPluginManager: Mounting plugin VisualStudioCodeSourceCodeAccess
LogPluginManager: Mounting plugin VisualStudioSourceCodeAccess
LogPluginManager: Mounting plugin XCodeSourceCodeAccess
LogPluginManager: Mounting plugin AssetManagerEditor
LogPluginManager: Mounting plugin CryptoKeys
LogPluginManager: Mounting plugin CurveEditorTools
LogPluginManager: Mounting plugin DataValidation
LogPluginManager: Mounting plugin EditorScriptingUtilities
LogPluginManager: Mounting plugin FacialAnimation
LogPluginManager: Mounting plugin GameplayTagsEditor
LogPluginManager: Mounting plugin GeometryMode
LogPluginManager: Mounting plugin MacGraphicsSwitching
LogPluginManager: Mounting plugin MaterialAnalyzer
LogPluginManager: Mounting plugin MobileLauncherProfileWizard
LogPluginManager: Mounting plugin PluginBrowser
LogPluginManager: Mounting plugin SpeedTreeImporter
LogPluginManager: Mounting plugin DatasmithContent
LogPluginManager: Mounting plugin VariantManagerContent
LogPluginManager: Mounting plugin AlembicImporter
LogPluginManager: Mounting plugin AutomationUtils
LogPluginManager: Mounting plugin BackChannel
LogPluginManager: Mounting plugin ChaosCloth
LogPluginManager: Mounting plugin ChaosClothEditor
LogPluginManager: Mounting plugin ChaosEditor
LogPluginManager: Mounting plugin ChaosNiagara
LogPluginManager: Mounting plugin ChaosSolverPlugin
LogPluginManager: Mounting plugin CharacterAI
LogPluginManager: Mounting plugin GeometryCache
LogPluginManager: Mounting plugin GeometryCollectionPlugin
LogPluginManager: Mounting plugin GeometryProcessing
LogPluginManager: Mounting plugin PlanarCut
LogPluginManager: Mounting plugin PlatformCrypto
LogPluginManager: Mounting plugin ProxyLODPlugin
LogPluginManager: Mounting plugin SkeletalReduction
LogPluginManager: Mounting plugin Niagara
LogPluginManager: Mounting plugin MagicLeap
LogPluginManager: Mounting plugin MagicLeapLightEstimation
LogPluginManager: Mounting plugin MagicLeapMedia
LogPluginManager: Mounting plugin MagicLeapPassableWorld
LogPluginManager: Mounting plugin MLSDK
LogPluginManager: Mounting plugin AndroidMedia
LogPluginManager: Mounting plugin AvfMedia
LogPluginManager: Mounting plugin ImgMedia
LogPluginManager: Mounting plugin MediaCompositing
LogPluginManager: Mounting plugin MediaPlayerEditor
LogPluginManager: Mounting plugin WebMMedia
LogPluginManager: Mounting plugin WmfMedia
LogPluginManager: Mounting plugin MeshPainting
LogPluginManager: Mounting plugin TcpMessaging
LogPluginManager: Mounting plugin UdpMessaging
LogPluginManager: Mounting plugin ActorSequence
LogPluginManager: Mounting plugin LevelSequenceEditor
LogPluginManager: Mounting plugin MatineeToLevelSequence
LogPluginManager: Mounting plugin MovieRenderPipeline
LogPluginManager: Mounting plugin TemplateSequence
LogPluginManager: Mounting plugin NetcodeUnitTest
LogPluginManager: Mounting plugin NUTUnrealEngine4
LogPluginManager: Mounting plugin OnlineSubsystemGooglePlay
LogPluginManager: Mounting plugin OnlineSubsystemIOS
LogPluginManager: Mounting plugin OnlineSubsystem
LogPluginManager: Mounting plugin OnlineSubsystemNull
LogPluginManager: Mounting plugin OnlineSubsystemUtils
LogPluginManager: Mounting plugin LauncherChunkInstaller
LogPluginManager: Mounting plugin AndroidDeviceProfileSelector
LogPluginManager: Mounting plugin AndroidMoviePlayer
LogPluginManager: Mounting plugin AndroidPermission
LogPluginManager: Mounting plugin AppleImageUtils
LogPluginManager: Mounting plugin AppleMoviePlayer
LogPluginManager: Mounting plugin ArchVisCharacter
LogPluginManager: Mounting plugin AssetTags
LogPluginManager: Mounting plugin AudioCapture
LogPluginManager: Mounting plugin CableComponent
LogPluginManager: Mounting plugin CustomMeshComponent
LogPluginManager: Mounting plugin EditableMesh
LogPluginManager: Mounting plugin ExampleDeviceProfileSelector
LogPluginManager: Mounting plugin GoogleCloudMessaging
LogPluginManager: Mounting plugin GooglePAD
LogPluginManager: Mounting plugin IOSDeviceProfileSelector
LogPluginManager: Mounting plugin LinuxDeviceProfileSelector
LogPluginManager: Mounting plugin LocationServicesBPLibrary
LogPluginManager: Mounting plugin MobilePatchingUtils
LogPluginManager: Mounting plugin OculusVR
LogPluginManager: Mounting plugin PhysXVehicles
LogPluginManager: Mounting plugin PostSplashScreen
LogPluginManager: Mounting plugin ProceduralMeshComponent
LogPluginManager: Mounting plugin RuntimePhysXCooking
LogPluginManager: Mounting plugin SignificanceManager
LogPluginManager: Mounting plugin SoundFields
LogPluginManager: Mounting plugin SteamVR
LogPluginManager: Mounting plugin Synthesis
LogPluginManager: Mounting plugin WebMMoviePlayer
LogPluginManager: Mounting plugin WindowsMoviePlayer
LogPluginManager: Mounting plugin ScreenshotTools
LogInit: Using libcurl 7.55.1-DEV
LogInit:  - built for x86_64-pc-win32
LogInit:  - supports SSL with OpenSSL/1.1.1
LogInit:  - supports HTTP deflate (compression) using libz 1.2.8
LogInit:  - other features:
LogInit:      CURL_VERSION_SSL
LogInit:      CURL_VERSION_LIBZ
LogInit:      CURL_VERSION_IPV6
LogInit:      CURL_VERSION_ASYNCHDNS
LogInit:      CURL_VERSION_LARGEFILE
LogInit:      CURL_VERSION_IDN
LogInit:  CurlRequestOptions (configurable via config and command line):
LogInit:  - bVerifyPeer = true  - Libcurl will verify peer certificate
LogInit:  - bUseHttpProxy = false  - Libcurl will NOT use HTTP proxy
LogInit:  - bDontReuseConnections = false  - Libcurl will reuse connections
LogInit:  - MaxHostConnections = 16  - Libcurl will limit the number of connections to a host
LogInit:  - LocalHostAddr = Default
LogInit:  - BufferSize = 65536
LogOnline: OSS: Creating online subsystem instance for: NULL
LogInit: WinSock: version 1.1 (2.2), MaxSocks=32767, MaxUdp=65467
LogOnline: OSS: TryLoadSubsystemAndSetDefault: Loaded subsystem for module [NULL]
LogOculusPluginWrapper: OculusPlugin initialized successfully
LogHMD: Failed initializing OVRPlugin 1.44.0
LogInit: Build: ++UE4+Release-4.25-CL-13942748
LogInit: Engine Version: 4.25.3-13942748+++UE4+Release-4.25
LogInit: Compatible Engine Version: 4.25.0-13144385+++UE4+Release-4.25
LogInit: Net CL: 13144385
LogInit: OS: Windows 10 (Release 1909) (), CPU: AMD Ryzen 7 3700X 8-Core Processor             , GPU: NVIDIA GeForce RTX 2080 SUPER
LogInit: Compiled (64-bit): Jul 25 2020 02:07:48
LogInit: Compiled with Visual C++: 19.24.28315.00
LogInit: Build Configuration: Development
LogInit: Branch Name: ++UE4+Release-4.25
LogInit: Command Line:  -skipcompile
LogInit: Base Directory: E:/UnrealEngine/UE_4.25/Engine/Binaries/Win64/
LogInit: Allocator: TBB
LogInit: Installed Engine Build: 1
LogDevObjectVersion: Number of dev versions registered: 26
LogDevObjectVersion:   Dev-Blueprints (B0D832E4-1F89-4F0D-ACCF-7EB736FD4AA2): 10
LogDevObjectVersion:   Dev-Build (E1C64328-A22C-4D53-A36C-8E866417BD8C): 0
LogDevObjectVersion:   Dev-Core (375EC13C-06E4-48FB-B500-84F0262A717E): 4
LogDevObjectVersion:   Dev-Editor (E4B068ED-F494-42E9-A231-DA0B2E46BB41): 38
LogDevObjectVersion:   Dev-Framework (CFFC743F-43B0-4480-9391-14DF171D2073): 37
LogDevObjectVersion:   Dev-Mobile (B02B49B5-BB20-44E9-A304-32B752E40360): 2
LogDevObjectVersion:   Dev-Networking (A4E4105C-59A1-49B5-A7C5-40C4547EDFEE): 0
LogDevObjectVersion:   Dev-Online (39C831C9-5AE6-47DC-9A44-9C173E1C8E7C): 0
LogDevObjectVersion:   Dev-Physics (78F01B33-EBEA-4F98-B9B4-84EACCB95AA2): 4
LogDevObjectVersion:   Dev-Platform (6631380F-2D4D-43E0-8009-CF276956A95A): 0
LogDevObjectVersion:   Dev-Rendering (12F88B9F-8875-4AFC-A67C-D90C383ABD29): 43
LogDevObjectVersion:   Dev-Sequencer (7B5AE74C-D270-4C10-A958-57980B212A5A): 12
LogDevObjectVersion:   Dev-VR (D7296918-1DD6-4BDD-9DE2-64A83CC13884): 3
LogDevObjectVersion:   Dev-LoadTimes (C2A15278-BFE7-4AFE-6C17-90FF531DF755): 1
LogDevObjectVersion:   Private-Geometry (6EACA3D4-40EC-4CC1-B786-8BED09428FC5): 3
LogDevObjectVersion:   Dev-AnimPhys (29E575DD-E0A3-4627-9D10-D276232CDCEA): 17
LogDevObjectVersion:   Dev-Anim (AF43A65D-7FD3-4947-9873-3E8ED9C1BB05): 7
LogDevObjectVersion:   Dev-ReflectionCapture (6B266CEC-1EC7-4B8F-A30B-E4D90942FC07): 1
LogDevObjectVersion:   Dev-Automation (0DF73D61-A23F-47EA-B727-89E90C41499A): 1
LogDevObjectVersion:   FortniteMain (601D1886-AC64-4F84-AA16-D3DE0DEAC7D6): 31
LogDevObjectVersion:   Dev-Enterprise (9DFFBCD6-494F-0158-E221-12823C92A888): 10
LogDevObjectVersion:   Dev-Niagara (F2AED0AC-9AFE-416F-8664-AA7FFA26D6FC): 1
LogDevObjectVersion:   Dev-Destruction (174F1F0B-B4C6-45A5-B13F-2EE8D0FB917D): 10
LogDevObjectVersion:   Dev-Physics-Ext (35F94A83-E258-406C-A318-09F59610247C): 37
LogDevObjectVersion:   Dev-PhysicsMaterial-Chaos (B68FC16E-8B1B-42E2-B453-215C058844FE): 1
LogDevObjectVersion:   Dev-CineCamera (B2E18506-4273-CFC2-A54E-F4BB758BBA07): 1
LogInit: Presizing for max 25165824 objects, including 0 objects not considered by GC, pre-allocating 0 bytes for permanent pool.
LogConfig: Applying CVar settings from Section [/Script/Engine.StreamingSettings] File [E:/GameProgramming2/DungeonGenerator/procedural generation for unreal/DungeonGenerator/Saved/Config/Windows/Engine.ini]
LogConfig: Setting CVar [[s.MinBulkDataSizeForAsyncLoading:131072]]
LogConfig: Setting CVar [[s.AsyncLoadingThreadEnabled:0]]
LogConfig: Setting CVar [[s.EventDrivenLoaderEnabled:1]]
LogConfig: Setting CVar [[s.WarnIfTimeLimitExceeded:0]]
LogConfig: Setting CVar [[s.TimeLimitExceededMultiplier:1.5]]
LogConfig: Setting CVar [[s.TimeLimitExceededMinTime:0.005]]
LogConfig: Setting CVar [[s.UseBackgroundLevelStreaming:1]]
LogConfig: Setting CVar [[s.PriorityAsyncLoadingExtraTime:15.0]]
LogConfig: Setting CVar [[s.LevelStreamingActorsUpdateTimeLimit:5.0]]
LogConfig: Setting CVar [[s.PriorityLevelStreamingActorsUpdateExtraTime:5.0]]
LogConfig: Setting CVar [[s.LevelStreamingComponentsRegistrationGranularity:10]]
LogConfig: Setting CVar [[s.UnregisterComponentsTimeLimit:1.0]]
LogConfig: Setting CVar [[s.LevelStreamingComponentsUnregistrationGranularity:5]]
LogConfig: Setting CVar [[s.FlushStreamingOnExit:1]]
LogInit: Object subsystem initialized
LogConfig: Setting CVar [[con.DebugEarlyDefault:1]]
LogConfig: Setting CVar [[r.setres:1280x720]]
[2020.10.04-04.23.40:392][  0]LogConfig: Setting CVar [[r.VSync:0]]
[2020.10.04-04.23.40:393][  0]LogConfig: Setting CVar [[r.RHICmdBypass:0]]
[2020.10.04-04.23.40:393][  0]LogConfig: Applying CVar settings from Section [/Script/Engine.RendererSettings] File [E:/GameProgramming2/DungeonGenerator/procedural generation for unreal/DungeonGenerator/Saved/Config/Windows/Engine.ini]
[2020.10.04-04.23.40:393][  0]LogConfig: Setting CVar [[r.GPUCrashDebugging:0]]
[2020.10.04-04.23.40:393][  0]LogConfig: Applying CVar settings from Section [/Script/Engine.RendererOverrideSettings] File [E:/GameProgramming2/DungeonGenerator/procedural generation for unreal/DungeonGenerator/Saved/Config/Windows/Engine.ini]
[2020.10.04-04.23.40:393][  0]LogConfig: Applying CVar settings from Section [/Script/Engine.StreamingSettings] File [E:/GameProgramming2/DungeonGenerator/procedural generation for unreal/DungeonGenerator/Saved/Config/Windows/Engine.ini]
[2020.10.04-04.23.40:393][  0]LogConfig: Setting CVar [[s.MinBulkDataSizeForAsyncLoading:131072]]
[2020.10.04-04.23.40:393][  0]LogConfig: Setting CVar [[s.AsyncLoadingThreadEnabled:0]]
[2020.10.04-04.23.40:393][  0]LogConfig: Setting CVar [[s.EventDrivenLoaderEnabled:1]]
[2020.10.04-04.23.40:393][  0]LogConfig: Setting CVar [[s.WarnIfTimeLimitExceeded:0]]
[2020.10.04-04.23.40:393][  0]LogConfig: Setting CVar [[s.TimeLimitExceededMultiplier:1.5]]
[2020.10.04-04.23.40:393][  0]LogConfig: Setting CVar [[s.TimeLimitExceededMinTime:0.005]]
[2020.10.04-04.23.40:393][  0]LogConfig: Setting CVar [[s.UseBackgroundLevelStreaming:1]]
[2020.10.04-04.23.40:393][  0]LogConfig: Setting CVar [[s.PriorityAsyncLoadingExtraTime:15.0]]
[2020.10.04-04.23.40:393][  0]LogConfig: Setting CVar [[s.LevelStreamingActorsUpdateTimeLimit:5.0]]
[2020.10.04-04.23.40:393][  0]LogConfig: Setting CVar [[s.PriorityLevelStreamingActorsUpdateExtraTime:5.0]]
[2020.10.04-04.23.40:393][  0]LogConfig: Setting CVar [[s.LevelStreamingComponentsRegistrationGranularity:10]]
[2020.10.04-04.23.40:393][  0]LogConfig: Setting CVar [[s.UnregisterComponentsTimeLimit:1.0]]
[2020.10.04-04.23.40:394][  0]LogConfig: Setting CVar [[s.LevelStreamingComponentsUnregistrationGranularity:5]]
[2020.10.04-04.23.40:394][  0]LogConfig: Setting CVar [[s.FlushStreamingOnExit:1]]
[2020.10.04-04.23.40:394][  0]LogConfig: Applying CVar settings from Section [/Script/Engine.GarbageCollectionSettings] File [E:/GameProgramming2/DungeonGenerator/procedural generation for unreal/DungeonGenerator/Saved/Config/Windows/Engine.ini]
[2020.10.04-04.23.40:394][  0]LogConfig: Setting CVar [[gc.MaxObjectsNotConsideredByGC:1]]
[2020.10.04-04.23.40:394][  0]LogConfig: Setting CVar [[gc.SizeOfPermanentObjectPool:0]]
[2020.10.04-04.23.40:394][  0]LogConfig: Setting CVar [[gc.FlushStreamingOnGC:0]]
[2020.10.04-04.23.40:394][  0]LogConfig: Setting CVar [[gc.NumRetriesBeforeForcingGC:10]]
[2020.10.04-04.23.40:394][  0]LogConfig: Setting CVar [[gc.AllowParallelGC:1]]
[2020.10.04-04.23.40:394][  0]LogConfig: Setting CVar [[gc.TimeBetweenPurgingPendingKillObjects:61.1]]
[2020.10.04-04.23.40:394][  0]LogConfig: Setting CVar [[gc.MaxObjectsInEditor:25165824]]
[2020.10.04-04.23.40:394][  0]LogConfig: Setting CVar [[gc.IncrementalBeginDestroyEnabled:1]]
[2020.10.04-04.23.40:394][  0]LogConfig: Setting CVar [[gc.CreateGCClusters:1]]
[2020.10.04-04.23.40:394][  0]LogConfig: Setting CVar [[gc.MinGCClusterSize:5]]
[2020.10.04-04.23.40:394][  0]LogConfig: Setting CVar [[gc.ActorClusteringEnabled:0]]
[2020.10.04-04.23.40:394][  0]LogConfig: Setting CVar [[gc.BlueprintClusteringEnabled:0]]
[2020.10.04-04.23.40:394][  0]LogConfig: Setting CVar [[gc.UseDisregardForGCOnDedicatedServers:0]]
[2020.10.04-04.23.40:394][  0]LogConfig: Applying CVar settings from Section [/Script/Engine.NetworkSettings] File [E:/GameProgramming2/DungeonGenerator/procedural generation for unreal/DungeonGenerator/Saved/Config/Windows/Engine.ini]
[2020.10.04-04.23.40:394][  0]LogConfig: Applying CVar settings from Section [/Script/UnrealEd.CookerSettings] File [E:/GameProgramming2/DungeonGenerator/procedural generation for unreal/DungeonGenerator/Saved/Config/Windows/Engine.ini]
[2020.10.04-04.23.40:404][  0]LogConfig: Applying CVar settings from Section [ViewDistanceQuality@3] File [E:/GameProgramming2/DungeonGenerator/procedural generation for unreal/DungeonGenerator/Saved/Config/Windows/Scalability.ini]
[2020.10.04-04.23.40:404][  0]LogConfig: Setting CVar [[r.SkeletalMeshLODBias:0]]
[2020.10.04-04.23.40:404][  0]LogConfig: Setting CVar [[r.ViewDistanceScale:1.0]]
[2020.10.04-04.23.40:404][  0]LogConfig: Applying CVar settings from Section [AntiAliasingQuality@3] File [E:/GameProgramming2/DungeonGenerator/procedural generation for unreal/DungeonGenerator/Saved/Config/Windows/Scalability.ini]
[2020.10.04-04.23.40:404][  0]LogConfig: Setting CVar [[r.PostProcessAAQuality:4]]
[2020.10.04-04.23.40:404][  0]LogConfig: Applying CVar settings from Section [ShadowQuality@3] File [E:/GameProgramming2/DungeonGenerator/procedural generation for unreal/DungeonGenerator/Saved/Config/Windows/Scalability.ini]
[2020.10.04-04.23.40:405][  0]LogConfig: Setting CVar [[r.LightFunctionQuality:1]]
[2020.10.04-04.23.40:405][  0]LogConfig: Setting CVar [[r.ShadowQuality:5]]
[2020.10.04-04.23.40:405][  0]LogConfig: Setting CVar [[r.Shadow.CSM.MaxCascades:10]]
[2020.10.04-04.23.40:405][  0]LogConfig: Setting CVar [[r.Shadow.MaxResolution:2048]]
[2020.10.04-04.23.40:405][  0]LogConfig: Setting CVar [[r.Shadow.MaxCSMResolution:2048]]
[2020.10.04-04.23.40:405][  0]LogConfig: Setting CVar [[r.Shadow.RadiusThreshold:0.01]]
[2020.10.04-04.23.40:405][  0]LogConfig: Setting CVar [[r.Shadow.DistanceScale:1.0]]
[2020.10.04-04.23.40:405][  0]LogConfig: Setting CVar [[r.Shadow.CSM.TransitionScale:1.0]]
[2020.10.04-04.23.40:405][  0]LogConfig: Setting CVar [[r.Shadow.PreShadowResolutionFactor:1.0]]
[2020.10.04-04.23.40:405][  0]LogConfig: Setting CVar [[r.DistanceFieldShadowing:1]]
[2020.10.04-04.23.40:405][  0]LogConfig: Setting CVar [[r.DistanceFieldAO:1]]
[2020.10.04-04.23.40:405][  0]LogConfig: Setting CVar [[r.AOQuality:2]]
[2020.10.04-04.23.40:405][  0]LogConfig: Setting CVar [[r.VolumetricFog:1]]
[2020.10.04-04.23.40:405][  0]LogConfig: Setting CVar [[r.VolumetricFog.GridPixelSize:8]]
[2020.10.04-04.23.40:405][  0]LogConfig: Setting CVar [[r.VolumetricFog.GridSizeZ:128]]
[2020.10.04-04.23.40:405][  0]LogConfig: Setting CVar [[r.VolumetricFog.HistoryMissSupersampleCount:4]]
[2020.10.04-04.23.40:405][  0]LogConfig: Setting CVar [[r.LightMaxDrawDistanceScale:1]]
[2020.10.04-04.23.40:405][  0]LogConfig: Setting CVar [[r.CapsuleShadows:1]]
[2020.10.04-04.23.40:406][  0]LogConfig: Applying CVar settings from Section [PostProcessQuality@3] File [E:/GameProgramming2/DungeonGenerator/procedural generation for unreal/DungeonGenerator/Saved/Config/Windows/Scalability.ini]
[2020.10.04-04.23.40:406][  0]LogConfig: Setting CVar [[r.MotionBlurQuality:4]]
[2020.10.04-04.23.40:406][  0]LogConfig: Setting CVar [[r.AmbientOcclusionMipLevelFactor:0.4]]
[2020.10.04-04.23.40:406][  0]LogConfig: Setting CVar [[r.AmbientOcclusionMaxQuality:100]]
[2020.10.04-04.23.40:406][  0]LogConfig: Setting CVar [[r.AmbientOcclusionLevels:-1]]
[2020.10.04-04.23.40:406][  0]LogConfig: Setting CVar [[r.AmbientOcclusionRadiusScale:1.0]]
[2020.10.04-04.23.40:406][  0]LogConfig: Setting CVar [[r.DepthOfFieldQuality:2]]
[2020.10.04-04.23.40:406][  0]LogConfig: Setting CVar [[r.RenderTargetPoolMin:400]]
[2020.10.04-04.23.40:406][  0]LogConfig: Setting CVar [[r.LensFlareQuality:2]]
[2020.10.04-04.23.40:406][  0]LogConfig: Setting CVar [[r.SceneColorFringeQuality:1]]
[2020.10.04-04.23.40:406][  0]LogConfig: Setting CVar [[r.EyeAdaptationQuality:2]]
[2020.10.04-04.23.40:406][  0]LogConfig: Setting CVar [[r.BloomQuality:5]]
[2020.10.04-04.23.40:406][  0]LogConfig: Setting CVar [[r.FastBlurThreshold:100]]
[2020.10.04-04.23.40:406][  0]LogConfig: Setting CVar [[r.Upscale.Quality:3]]
[2020.10.04-04.23.40:406][  0]LogConfig: Setting CVar [[r.Tonemapper.GrainQuantization:1]]
[2020.10.04-04.23.40:406][  0]LogConfig: Setting CVar [[r.LightShaftQuality:1]]
[2020.10.04-04.23.40:406][  0]LogConfig: Setting CVar [[r.Filter.SizeScale:1]]
[2020.10.04-04.23.40:407][  0]LogConfig: Setting CVar [[r.Tonemapper.Quality:5]]
[2020.10.04-04.23.40:407][  0]LogConfig: Setting CVar [[r.DOF.Gather.AccumulatorQuality:1        ; higher gathering accumulator quality]]
[2020.10.04-04.23.40:407][  0]LogConfig: Setting CVar [[r.DOF.Gather.PostfilterMethod:1          ; Median3x3 postfilering method]]
[2020.10.04-04.23.40:407][  0]LogConfig: Setting CVar [[r.DOF.Gather.EnableBokehSettings:0       ; no bokeh simulation when gathering]]
[2020.10.04-04.23.40:407][  0]LogConfig: Setting CVar [[r.DOF.Gather.RingCount:4                 ; medium number of samples when gathering]]
[2020.10.04-04.23.40:407][  0]LogConfig: Setting CVar [[r.DOF.Scatter.ForegroundCompositing:1    ; additive foreground scattering]]
[2020.10.04-04.23.40:407][  0]LogConfig: Setting CVar [[r.DOF.Scatter.BackgroundCompositing:2    ; additive background scattering]]
[2020.10.04-04.23.40:407][  0]LogConfig: Setting CVar [[r.DOF.Scatter.EnableBokehSettings:1      ; bokeh simulation when scattering]]
[2020.10.04-04.23.40:407][  0]LogConfig: Setting CVar [[r.DOF.Scatter.MaxSpriteRatio:0.1         ; only a maximum of 10% of scattered bokeh]]
[2020.10.04-04.23.40:407][  0]LogConfig: Setting CVar [[r.DOF.Recombine.Quality:1                ; cheap slight out of focus]]
[2020.10.04-04.23.40:407][  0]LogConfig: Setting CVar [[r.DOF.Recombine.EnableBokehSettings:0    ; no bokeh simulation on slight out of focus]]
[2020.10.04-04.23.40:407][  0]LogConfig: Setting CVar [[r.DOF.TemporalAAQuality:1                ; more stable temporal accumulation]]
[2020.10.04-04.23.40:407][  0]LogConfig: Setting CVar [[r.DOF.Kernel.MaxForegroundRadius:0.025]]
[2020.10.04-04.23.40:407][  0]LogConfig: Setting CVar [[r.DOF.Kernel.MaxBackgroundRadius:0.025]]
[2020.10.04-04.23.40:407][  0]LogConfig: Applying CVar settings from Section [TextureQuality@3] File [E:/GameProgramming2/DungeonGenerator/procedural generation for unreal/DungeonGenerator/Saved/Config/Windows/Scalability.ini]
[2020.10.04-04.23.40:407][  0]LogConfig: Setting CVar [[r.Streaming.MipBias:0]]
[2020.10.04-04.23.40:407][  0]LogConfig: Setting CVar [[r.Streaming.AmortizeCPUToGPUCopy:0]]
[2020.10.04-04.23.40:407][  0]LogConfig: Setting CVar [[r.Streaming.MaxNumTexturesToStreamPerFrame:0]]
[2020.10.04-04.23.40:408][  0]LogConfig: Setting CVar [[r.Streaming.Boost:1]]
[2020.10.04-04.23.40:408][  0]LogConfig: Setting CVar [[r.MaxAnisotropy:8]]
[2020.10.04-04.23.40:408][  0]LogConfig: Setting CVar [[r.VT.MaxAnisotropy:8]]
[2020.10.04-04.23.40:408][  0]LogConfig: Setting CVar [[r.Streaming.LimitPoolSizeToVRAM:0]]
[2020.10.04-04.23.40:408][  0]LogConfig: Setting CVar [[r.Streaming.PoolSize:1000]]
[2020.10.04-04.23.40:408][  0]LogConfig: Setting CVar [[r.Streaming.MaxEffectiveScreenSize:0]]
[2020.10.04-04.23.40:408][  0]LogConfig: Applying CVar settings from Section [EffectsQuality@3] File [E:/GameProgramming2/DungeonGenerator/procedural generation for unreal/DungeonGenerator/Saved/Config/Windows/Scalability.ini]
[2020.10.04-04.23.40:408][  0]LogConfig: Setting CVar [[r.TranslucencyLightingVolumeDim:64]]
[2020.10.04-04.23.40:408][  0]LogConfig: Setting CVar [[r.RefractionQuality:2]]
[2020.10.04-04.23.40:408][  0]LogConfig: Setting CVar [[r.SSR.Quality:3]]
[2020.10.04-04.23.40:408][  0]LogConfig: Setting CVar [[r.SSR.HalfResSceneColor:0]]
[2020.10.04-04.23.40:408][  0]LogConfig: Setting CVar [[r.SceneColorFormat:4]]
[2020.10.04-04.23.40:408][  0]LogConfig: Setting CVar [[r.DetailMode:2]]
[2020.10.04-04.23.40:408][  0]LogConfig: Setting CVar [[r.TranslucencyVolumeBlur:1]]
[2020.10.04-04.23.40:408][  0]LogConfig: Setting CVar [[r.MaterialQualityLevel:1 ; High quality]]
[2020.10.04-04.23.40:408][  0]LogConfig: Setting CVar [[r.SSS.Scale:1]]
[2020.10.04-04.23.40:408][  0]LogConfig: Setting CVar [[r.SSS.SampleSet:2]]
[2020.10.04-04.23.40:408][  0]LogConfig: Setting CVar [[r.SSS.Quality:1]]
[2020.10.04-04.23.40:409][  0]LogConfig: Setting CVar [[r.SSS.HalfRes:0]]
[2020.10.04-04.23.40:409][  0]LogConfig: Setting CVar [[r.SSGI.Quality:3]]
[2020.10.04-04.23.40:409][  0]LogConfig: Setting CVar [[r.EmitterSpawnRateScale:1.0]]
[2020.10.04-04.23.40:409][  0]LogConfig: Setting CVar [[r.ParticleLightQuality:2]]
[2020.10.04-04.23.40:409][  0]LogConfig: Setting CVar [[r.SkyAtmosphere.AerialPerspectiveLUT.FastApplyOnOpaque:1 ; Always have FastSkyLUT 1 in this case to avoid wrong sky]]
[2020.10.04-04.23.40:409][  0]LogConfig: Setting CVar [[r.SkyAtmosphere.AerialPerspectiveLUT.SampleCountPerSlice:1]]
[2020.10.04-04.23.40:409][  0]LogConfig: Setting CVar [[r.SkyAtmosphere.AerialPerspectiveLUT.DepthResolution:16.0]]
[2020.10.04-04.23.40:409][  0]LogConfig: Setting CVar [[r.SkyAtmosphere.FastSkyLUT:1]]
[2020.10.04-04.23.40:409][  0]LogConfig: Setting CVar [[r.SkyAtmosphere.FastSkyLUT.SampleCountMin:4.0]]
[2020.10.04-04.23.40:409][  0]LogConfig: Setting CVar [[r.SkyAtmosphere.FastSkyLUT.SampleCountMax:32.0]]
[2020.10.04-04.23.40:409][  0]LogConfig: Setting CVar [[r.SkyAtmosphere.SampleCountMin:4.0]]
[2020.10.04-04.23.40:409][  0]LogConfig: Setting CVar [[r.SkyAtmosphere.SampleCountMax:32.0]]
[2020.10.04-04.23.40:409][  0]LogConfig: Setting CVar [[r.SkyAtmosphere.TransmittanceLUT.UseSmallFormat:0]]
[2020.10.04-04.23.40:409][  0]LogConfig: Setting CVar [[r.SkyAtmosphere.TransmittanceLUT.SampleCount:10.0]]
[2020.10.04-04.23.40:409][  0]LogConfig: Setting CVar [[r.SkyAtmosphere.MultiScatteringLUT.SampleCount:15.0]]
[2020.10.04-04.23.40:409][  0]LogConfig: Applying CVar settings from Section [FoliageQuality@3] File [E:/GameProgramming2/DungeonGenerator/procedural generation for unreal/DungeonGenerator/Saved/Config/Windows/Scalability.ini]
[2020.10.04-04.23.40:409][  0]LogConfig: Setting CVar [[foliage.DensityScale:1.0]]
[2020.10.04-04.23.40:409][  0]LogConfig: Setting CVar [[grass.DensityScale:1.0]]
[2020.10.04-04.23.40:409][  0]LogConfig: Applying CVar settings from Section [ShadingQuality@3] File [E:/GameProgramming2/DungeonGenerator/procedural generation for unreal/DungeonGenerator/Saved/Config/Windows/Scalability.ini]
[2020.10.04-04.23.40:409][  0]LogConfig: Setting CVar [[r.HairStrands.SkyLighting.SampleCount:16]]
[2020.10.04-04.23.40:410][  0]LogConfig: Setting CVar [[r.HairStrands.SkyLighting.JitterIntegration:0]]
[2020.10.04-04.23.40:410][  0]LogConfig: Setting CVar [[r.HairStrands.SkyAO.SampleCount:16]]
[2020.10.04-04.23.40:410][  0]LogConfig: Setting CVar [[r.HairStrands.DeepShadow.SuperSampling:0]]
[2020.10.04-04.23.40:410][  0]LogConfig: Setting CVar [[r.HairStrands.VisibilityPPLL:0]]
[2020.10.04-04.23.40:410][  0]LogConfig: Setting CVar [[r.HairStrands.RasterizationScale:0.5]]
[2020.10.04-04.23.40:410][  0]LogConfig: Setting CVar [[r.HairStrands.VelocityRasterizationScale:1]]
[2020.10.04-04.23.40:410][  0]LogInit: Selected Device Profile: [Windows]
[2020.10.04-04.23.40:410][  0]LogInit: Applying CVar settings loaded from the selected device profile: [Windows]
[2020.10.04-04.23.40:410][  0]LogHAL: Display: Platform has ~ 16 GB [17105043456 / 17179869184 / 16], which maps to Larger [LargestMinGB=32, LargerMinGB=12, DefaultMinGB=8, SmallerMinGB=6, SmallestMinGB=0)
[2020.10.04-04.23.40:410][  0]LogInit: Going up to parent DeviceProfile []
[2020.10.04-04.23.40:410][  0]LogConfig: Applying CVar settings from Section [ViewDistanceQuality@3] File [E:/GameProgramming2/DungeonGenerator/procedural generation for unreal/DungeonGenerator/Saved/Config/Windows/Scalability.ini]
[2020.10.04-04.23.40:410][  0]LogConfig: Setting CVar [[r.SkeletalMeshLODBias:0]]
[2020.10.04-04.23.40:410][  0]LogConfig: Setting CVar [[r.ViewDistanceScale:1.0]]
[2020.10.04-04.23.40:410][  0]LogConfig: Applying CVar settings from Section [AntiAliasingQuality@3] File [E:/GameProgramming2/DungeonGenerator/procedural generation for unreal/DungeonGenerator/Saved/Config/Windows/Scalability.ini]
[2020.10.04-04.23.40:410][  0]LogConfig: Setting CVar [[r.PostProcessAAQuality:4]]
[2020.10.04-04.23.40:410][  0]LogConfig: Applying CVar settings from Section [ShadowQuality@3] File [E:/GameProgramming2/DungeonGenerator/procedural generation for unreal/DungeonGenerator/Saved/Config/Windows/Scalability.ini]
[2020.10.04-04.23.40:411][  0]LogConfig: Setting CVar [[r.LightFunctionQuality:1]]
[2020.10.04-04.23.40:411][  0]LogConfig: Setting CVar [[r.ShadowQuality:5]]
[2020.10.04-04.23.40:411][  0]LogConfig: Setting CVar [[r.Shadow.CSM.MaxCascades:10]]
[2020.10.04-04.23.40:411][  0]LogConfig: Setting CVar [[r.Shadow.MaxResolution:2048]]
[2020.10.04-04.23.40:411][  0]LogConfig: Setting CVar [[r.Shadow.MaxCSMResolution:2048]]
[2020.10.04-04.23.40:411][  0]LogConfig: Setting CVar [[r.Shadow.RadiusThreshold:0.01]]
[2020.10.04-04.23.40:411][  0]LogConfig: Setting CVar [[r.Shadow.DistanceScale:1.0]]
[2020.10.04-04.23.40:411][  0]LogConfig: Setting CVar [[r.Shadow.CSM.TransitionScale:1.0]]
[2020.10.04-04.23.40:411][  0]LogConfig: Setting CVar [[r.Shadow.PreShadowResolutionFactor:1.0]]
[2020.10.04-04.23.40:411][  0]LogConfig: Setting CVar [[r.DistanceFieldShadowing:1]]
[2020.10.04-04.23.40:411][  0]LogConfig: Setting CVar [[r.DistanceFieldAO:1]]
[2020.10.04-04.23.40:411][  0]LogConfig: Setting CVar [[r.AOQuality:2]]
[2020.10.04-04.23.40:411][  0]LogConfig: Setting CVar [[r.VolumetricFog:1]]
[2020.10.04-04.23.40:411][  0]LogConfig: Setting CVar [[r.VolumetricFog.GridPixelSize:8]]
[2020.10.04-04.23.40:411][  0]LogConfig: Setting CVar [[r.VolumetricFog.GridSizeZ:128]]
[2020.10.04-04.23.40:411][  0]LogConfig: Setting CVar [[r.VolumetricFog.HistoryMissSupersampleCount:4]]
[2020.10.04-04.23.40:411][  0]LogConfig: Setting CVar [[r.LightMaxDrawDistanceScale:1]]
[2020.10.04-04.23.40:411][  0]LogConfig: Setting CVar [[r.CapsuleShadows:1]]
[2020.10.04-04.23.40:411][  0]LogConfig: Applying CVar settings from Section [PostProcessQuality@3] File [E:/GameProgramming2/DungeonGenerator/procedural generation for unreal/DungeonGenerator/Saved/Config/Windows/Scalability.ini]
[2020.10.04-04.23.40:411][  0]LogConfig: Setting CVar [[r.MotionBlurQuality:4]]
[2020.10.04-04.23.40:411][  0]LogConfig: Setting CVar [[r.AmbientOcclusionMipLevelFactor:0.4]]
[2020.10.04-04.23.40:411][  0]LogConfig: Setting CVar [[r.AmbientOcclusionMaxQuality:100]]
[2020.10.04-04.23.40:412][  0]LogConfig: Setting CVar [[r.AmbientOcclusionLevels:-1]]
[2020.10.04-04.23.40:412][  0]LogConfig: Setting CVar [[r.AmbientOcclusionRadiusScale:1.0]]
[2020.10.04-04.23.40:412][  0]LogConfig: Setting CVar [[r.DepthOfFieldQuality:2]]
[2020.10.04-04.23.40:412][  0]LogConfig: Setting CVar [[r.RenderTargetPoolMin:400]]
[2020.10.04-04.23.40:412][  0]LogConfig: Setting CVar [[r.LensFlareQuality:2]]
[2020.10.04-04.23.40:412][  0]LogConfig: Setting CVar [[r.SceneColorFringeQuality:1]]
[2020.10.04-04.23.40:412][  0]LogConfig: Setting CVar [[r.EyeAdaptationQuality:2]]
[2020.10.04-04.23.40:412][  0]LogConfig: Setting CVar [[r.BloomQuality:5]]
[2020.10.04-04.23.40:412][  0]LogConfig: Setting CVar [[r.FastBlurThreshold:100]]
[2020.10.04-04.23.40:412][  0]LogConfig: Setting CVar [[r.Upscale.Quality:3]]
[2020.10.04-04.23.40:412][  0]LogConfig: Setting CVar [[r.Tonemapper.GrainQuantization:1]]
[2020.10.04-04.23.40:412][  0]LogConfig: Setting CVar [[r.LightShaftQuality:1]]
[2020.10.04-04.23.40:412][  0]LogConfig: Setting CVar [[r.Filter.SizeScale:1]]
[2020.10.04-04.23.40:412][  0]LogConfig: Setting CVar [[r.Tonemapper.Quality:5]]
[2020.10.04-04.23.40:412][  0]LogConfig: Setting CVar [[r.DOF.Gather.AccumulatorQuality:1        ; higher gathering accumulator quality]]
[2020.10.04-04.23.40:412][  0]LogConfig: Setting CVar [[r.DOF.Gather.PostfilterMethod:1          ; Median3x3 postfilering method]]
[2020.10.04-04.23.40:412][  0]LogConfig: Setting CVar [[r.DOF.Gather.EnableBokehSettings:0       ; no bokeh simulation when gathering]]
[2020.10.04-04.23.40:412][  0]LogConfig: Setting CVar [[r.DOF.Gather.RingCount:4                 ; medium number of samples when gathering]]
[2020.10.04-04.23.40:412][  0]LogConfig: Setting CVar [[r.DOF.Scatter.ForegroundCompositing:1    ; additive foreground scattering]]
[2020.10.04-04.23.40:412][  0]LogConfig: Setting CVar [[r.DOF.Scatter.BackgroundCompositing:2    ; additive background scattering]]
[2020.10.04-04.23.40:413][  0]LogConfig: Setting CVar [[r.DOF.Scatter.EnableBokehSettings:1      ; bokeh simulation when scattering]]
[2020.10.04-04.23.40:413][  0]LogConfig: Setting CVar [[r.DOF.Scatter.MaxSpriteRatio:0.1         ; only a maximum of 10% of scattered bokeh]]
[2020.10.04-04.23.40:413][  0]LogConfig: Setting CVar [[r.DOF.Recombine.Quality:1                ; cheap slight out of focus]]
[2020.10.04-04.23.40:413][  0]LogConfig: Setting CVar [[r.DOF.Recombine.EnableBokehSettings:0    ; no bokeh simulation on slight out of focus]]
[2020.10.04-04.23.40:413][  0]LogConfig: Setting CVar [[r.DOF.TemporalAAQuality:1                ; more stable temporal accumulation]]
[2020.10.04-04.23.40:413][  0]LogConfig: Setting CVar [[r.DOF.Kernel.MaxForegroundRadius:0.025]]
[2020.10.04-04.23.40:413][  0]LogConfig: Setting CVar [[r.DOF.Kernel.MaxBackgroundRadius:0.025]]
[2020.10.04-04.23.40:413][  0]LogConfig: Applying CVar settings from Section [TextureQuality@3] File [E:/GameProgramming2/DungeonGenerator/procedural generation for unreal/DungeonGenerator/Saved/Config/Windows/Scalability.ini]
[2020.10.04-04.23.40:413][  0]LogConfig: Setting CVar [[r.Streaming.MipBias:0]]
[2020.10.04-04.23.40:413][  0]LogConfig: Setting CVar [[r.Streaming.AmortizeCPUToGPUCopy:0]]
[2020.10.04-04.23.40:413][  0]LogConfig: Setting CVar [[r.Streaming.MaxNumTexturesToStreamPerFrame:0]]
[2020.10.04-04.23.40:413][  0]LogConfig: Setting CVar [[r.Streaming.Boost:1]]
[2020.10.04-04.23.40:413][  0]LogConfig: Setting CVar [[r.MaxAnisotropy:8]]
[2020.10.04-04.23.40:413][  0]LogConfig: Setting CVar [[r.VT.MaxAnisotropy:8]]
[2020.10.04-04.23.40:413][  0]LogConfig: Setting CVar [[r.Streaming.LimitPoolSizeToVRAM:0]]
[2020.10.04-04.23.40:413][  0]LogConfig: Setting CVar [[r.Streaming.PoolSize:1000]]
[2020.10.04-04.23.40:413][  0]LogConfig: Setting CVar [[r.Streaming.MaxEffectiveScreenSize:0]]
[2020.10.04-04.23.40:413][  0]LogConfig: Applying CVar settings from Section [EffectsQuality@3] File [E:/GameProgramming2/DungeonGenerator/procedural generation for unreal/DungeonGenerator/Saved/Config/Windows/Scalability.ini]
[2020.10.04-04.23.40:414][  0]LogConfig: Setting CVar [[r.TranslucencyLightingVolumeDim:64]]
[2020.10.04-04.23.40:414][  0]LogConfig: Setting CVar [[r.RefractionQuality:2]]
[2020.10.04-04.23.40:414][  0]LogConfig: Setting CVar [[r.SSR.Quality:3]]
[2020.10.04-04.23.40:414][  0]LogConfig: Setting CVar [[r.SSR.HalfResSceneColor:0]]
[2020.10.04-04.23.40:414][  0]LogConfig: Setting CVar [[r.SceneColorFormat:4]]
[2020.10.04-04.23.40:414][  0]LogConfig: Setting CVar [[r.DetailMode:2]]
[2020.10.04-04.23.40:414][  0]LogConfig: Setting CVar [[r.TranslucencyVolumeBlur:1]]
[2020.10.04-04.23.40:414][  0]LogConfig: Setting CVar [[r.MaterialQualityLevel:1 ; High quality]]
[2020.10.04-04.23.40:414][  0]LogConfig: Setting CVar [[r.SSS.Scale:1]]
[2020.10.04-04.23.40:414][  0]LogConfig: Setting CVar [[r.SSS.SampleSet:2]]
[2020.10.04-04.23.40:414][  0]LogConfig: Setting CVar [[r.SSS.Quality:1]]
[2020.10.04-04.23.40:414][  0]LogConfig: Setting CVar [[r.SSS.HalfRes:0]]
[2020.10.04-04.23.40:414][  0]LogConfig: Setting CVar [[r.SSGI.Quality:3]]
[2020.10.04-04.23.40:414][  0]LogConfig: Setting CVar [[r.EmitterSpawnRateScale:1.0]]
[2020.10.04-04.23.40:414][  0]LogConfig: Setting CVar [[r.ParticleLightQuality:2]]
[2020.10.04-04.23.40:414][  0]LogConfig: Setting CVar [[r.SkyAtmosphere.AerialPerspectiveLUT.FastApplyOnOpaque:1 ; Always have FastSkyLUT 1 in this case to avoid wrong sky]]
[2020.10.04-04.23.40:414][  0]LogConfig: Setting CVar [[r.SkyAtmosphere.AerialPerspectiveLUT.SampleCountPerSlice:1]]
[2020.10.04-04.23.40:414][  0]LogConfig: Setting CVar [[r.SkyAtmosphere.AerialPerspectiveLUT.DepthResolution:16.0]]
[2020.10.04-04.23.40:414][  0]LogConfig: Setting CVar [[r.SkyAtmosphere.FastSkyLUT:1]]
[2020.10.04-04.23.40:415][  0]LogConfig: Setting CVar [[r.SkyAtmosphere.FastSkyLUT.SampleCountMin:4.0]]
[2020.10.04-04.23.40:415][  0]LogConfig: Setting CVar [[r.SkyAtmosphere.FastSkyLUT.SampleCountMax:32.0]]
[2020.10.04-04.23.40:415][  0]LogConfig: Setting CVar [[r.SkyAtmosphere.SampleCountMin:4.0]]
[2020.10.04-04.23.40:415][  0]LogConfig: Setting CVar [[r.SkyAtmosphere.SampleCountMax:32.0]]
[2020.10.04-04.23.40:415][  0]LogConfig: Setting CVar [[r.SkyAtmosphere.TransmittanceLUT.UseSmallFormat:0]]
[2020.10.04-04.23.40:415][  0]LogConfig: Setting CVar [[r.SkyAtmosphere.TransmittanceLUT.SampleCount:10.0]]
[2020.10.04-04.23.40:415][  0]LogConfig: Setting CVar [[r.SkyAtmosphere.MultiScatteringLUT.SampleCount:15.0]]
[2020.10.04-04.23.40:415][  0]LogConfig: Applying CVar settings from Section [FoliageQuality@3] File [E:/GameProgramming2/DungeonGenerator/procedural generation for unreal/DungeonGenerator/Saved/Config/Windows/Scalability.ini]
[2020.10.04-04.23.40:415][  0]LogConfig: Setting CVar [[foliage.DensityScale:1.0]]
[2020.10.04-04.23.40:415][  0]LogConfig: Setting CVar [[grass.DensityScale:1.0]]
[2020.10.04-04.23.40:415][  0]LogConfig: Applying CVar settings from Section [ShadingQuality@3] File [E:/GameProgramming2/DungeonGenerator/procedural generation for unreal/DungeonGenerator/Saved/Config/Windows/Scalability.ini]
[2020.10.04-04.23.40:415][  0]LogConfig: Setting CVar [[r.HairStrands.SkyLighting.SampleCount:16]]
[2020.10.04-04.23.40:415][  0]LogConfig: Setting CVar [[r.HairStrands.SkyLighting.JitterIntegration:0]]
[2020.10.04-04.23.40:415][  0]LogConfig: Setting CVar [[r.HairStrands.SkyAO.SampleCount:16]]
[2020.10.04-04.23.40:415][  0]LogConfig: Setting CVar [[r.HairStrands.DeepShadow.SuperSampling:0]]
[2020.10.04-04.23.40:415][  0]LogConfig: Setting CVar [[r.HairStrands.VisibilityPPLL:0]]
[2020.10.04-04.23.40:415][  0]LogConfig: Setting CVar [[r.HairStrands.RasterizationScale:0.5]]
[2020.10.04-04.23.40:416][  0]LogConfig: Setting CVar [[r.HairStrands.VelocityRasterizationScale:1]]
[2020.10.04-04.23.40:416][  0]LogConfig: Applying CVar settings from Section [Startup] File [../../../Engine/Config/ConsoleVariables.ini]
[2020.10.04-04.23.40:416][  0]LogConfig: Setting CVar [[net.UseAdaptiveNetUpdateFrequency:0]]
[2020.10.04-04.23.40:416][  0]LogConfig: Setting CVar [[p.chaos.AllowCreatePhysxBodies:1]]
[2020.10.04-04.23.40:416][  0]LogConfig: Setting CVar [[fx.SkipVectorVMBackendOptimizations:1]]
[2020.10.04-04.23.40:416][  0]LogConfig: Applying CVar settings from Section [ConsoleVariables] File [E:/GameProgramming2/DungeonGenerator/procedural generation for unreal/DungeonGenerator/Saved/Config/Windows/Engine.ini]
[2020.10.04-04.23.40:416][  0]LogInit: Computer: DESKTOP-7A4L19L
[2020.10.04-04.23.40:416][  0]LogInit: User: balaj
[2020.10.04-04.23.40:416][  0]LogInit: CPU Page size=4096, Cores=8
[2020.10.04-04.23.40:416][  0]LogInit: High frequency timer resolution =10.000000 MHz
[2020.10.04-04.23.40:417][  0]LogMemory: Memory total: Physical=15.9GB (16GB approx)
[2020.10.04-04.23.40:417][  0]LogMemory: Platform Memory Stats for Windows
[2020.10.04-04.23.40:417][  0]LogMemory: Process Physical Memory: 118.68 MB used, 118.68 MB peak
[2020.10.04-04.23.40:417][  0]LogMemory: Process Virtual Memory: 101.85 MB used, 101.85 MB peak
[2020.10.04-04.23.40:417][  0]LogMemory: Physical Memory: 11886.77 MB used,  4425.87 MB free, 16312.64 MB total
[2020.10.04-04.23.40:417][  0]LogMemory: Virtual Memory: 5226.23 MB used,  134212504.00 MB free, 134217728.00 MB total
[2020.10.04-04.23.40:706][  0]LogWindows: WindowsPlatformFeatures enabled
[2020.10.04-04.23.40:923][  0]LogInit: Physics initialised using underlying interface: PhysX
[2020.10.04-04.23.40:924][  0]LogInit: Using OS detected language (en-US).
[2020.10.04-04.23.40:924][  0]LogInit: Using OS detected locale (en-US).
[2020.10.04-04.23.40:926][  0]LogTextLocalizationManager: No specific localization for 'en-US' exists, so the 'en' localization will be used.
[2020.10.04-04.23.41:102][  0]LogInit: Setting process to per monitor DPI aware
[2020.10.04-04.23.41:171][  0]LogSlate: New Slate User Created.  User Index 0, Is Virtual User: 0
[2020.10.04-04.23.41:171][  0]LogSlate: Slate User Registered.  User Index 0, Is Virtual User: 0
[2020.10.04-04.23.41:283][  0]LogHMD: Failed to initialize OpenVR with code 110
[2020.10.04-04.23.41:283][  0]LogD3D11RHI: D3D11 min allowed feature level: 11_0
[2020.10.04-04.23.41:283][  0]LogD3D11RHI: D3D11 max allowed feature level: 11_0
[2020.10.04-04.23.41:283][  0]LogD3D11RHI: D3D11 adapters:
[2020.10.04-04.23.41:375][  0]LogD3D11RHI:    0. 'NVIDIA GeForce RTX 2080 SUPER' (Feature Level 11_0)
[2020.10.04-04.23.41:375][  0]LogD3D11RHI:       8010/0/8156 MB DedicatedVideo/DedicatedSystem/SharedSystem, Outputs:3, VendorId:0x10de
[2020.10.04-04.23.41:381][  0]LogD3D11RHI:    1. 'Microsoft Basic Render Driver' (Feature Level 11_0)
[2020.10.04-04.23.41:381][  0]LogD3D11RHI:       0/0/8156 MB DedicatedVideo/DedicatedSystem/SharedSystem, Outputs:0, VendorId:0x1414
[2020.10.04-04.23.41:381][  0]LogD3D11RHI: Chosen D3D11 Adapter: 0
[2020.10.04-04.23.41:393][  0]LogD3D11RHI: Creating new Direct3DDevice
[2020.10.04-04.23.41:393][  0]LogD3D11RHI:     GPU DeviceId: 0x1e81 (for the marketing name, search the web for "GPU Device Id")
[2020.10.04-04.23.41:393][  0]LogWindows: EnumDisplayDevices:
[2020.10.04-04.23.41:394][  0]LogWindows:    0. 'NVIDIA GeForce RTX 2080 SUPER' (P:0 D:1)
[2020.10.04-04.23.41:394][  0]LogWindows:    1. 'NVIDIA GeForce RTX 2080 SUPER' (P:1 D:1)
[2020.10.04-04.23.41:394][  0]LogWindows:    2. 'NVIDIA GeForce RTX 2080 SUPER' (P:0 D:1)
[2020.10.04-04.23.41:394][  0]LogWindows:    3. 'NVIDIA GeForce RTX 2080 SUPER' (P:0 D:0)
[2020.10.04-04.23.41:395][  0]LogWindows: DebugString: FoundDriverCount:4 
[2020.10.04-04.23.41:395][  0]LogD3D11RHI:     Adapter Name: NVIDIA GeForce RTX 2080 SUPER
[2020.10.04-04.23.41:395][  0]LogD3D11RHI:   Driver Version: 451.67 (internal:27.21.14.5167, unified:451.67)
[2020.10.04-04.23.41:395][  0]LogD3D11RHI:      Driver Date: 7-5-2020
[2020.10.04-04.23.41:395][  0]LogRHI: Texture pool is 5607 MB (70% of 8010 MB)
[2020.10.04-04.23.41:453][  0]LogD3D11RHI: RHI has support for 64 bit atomics
[2020.10.04-04.23.41:454][  0]LogD3D11RHI: [Aftermath] Enabled and primed
[2020.10.04-04.23.41:455][  0]LogD3D11RHI: Async texture creation enabled
[2020.10.04-04.23.41:455][  0]LogD3D11RHI: Array index from any shader is supported
[2020.10.04-04.23.41:483][  0]LogD3D11RHI: GPU Timing Frequency: 1000.000000 (Debug: 2 1)
[2020.10.04-04.23.41:738][  0]LogTargetPlatformManager: Display: Loaded TargetPlatform 'AllDesktop'
[2020.10.04-04.23.41:760][  0]LogTargetPlatformManager: Display: Loaded TargetPlatform 'Android'
[2020.10.04-04.23.41:760][  0]LogTargetPlatformManager: Display: Loaded TargetPlatform 'Android_ASTC'
[2020.10.04-04.23.41:761][  0]LogTargetPlatformManager: Display: Loaded TargetPlatform 'Android_DXT'
[2020.10.04-04.23.41:761][  0]LogTargetPlatformManager: Display: Loaded TargetPlatform 'Android_ETC2'
[2020.10.04-04.23.41:761][  0]LogTargetPlatformManager: Display: Loaded TargetPlatform 'AndroidClient'
[2020.10.04-04.23.41:761][  0]LogTargetPlatformManager: Display: Loaded TargetPlatform 'Android_ASTCClient'
[2020.10.04-04.23.41:761][  0]LogTargetPlatformManager: Display: Loaded TargetPlatform 'Android_DXTClient'
[2020.10.04-04.23.41:761][  0]LogTargetPlatformManager: Display: Loaded TargetPlatform 'Android_ETC2Client'
[2020.10.04-04.23.41:761][  0]LogTargetPlatformManager: Display: Loaded TargetPlatform 'Android_Multi'
[2020.10.04-04.23.41:761][  0]LogTargetPlatformManager: Display: Loaded TargetPlatform 'Android_MultiClient'
[2020.10.04-04.23.41:790][  0]LogTargetPlatformManager: Display: Loaded TargetPlatform 'IOSClient'
[2020.10.04-04.23.41:791][  0]LogTargetPlatformManager: Display: Loaded TargetPlatform 'IOS'
[2020.10.04-04.23.41:801][  0]LogTargetPlatformManager: Display: Loaded TargetPlatform 'Linux'
[2020.10.04-04.23.41:811][  0]LogTargetPlatformManager: Display: Loaded TargetPlatform 'LinuxNoEditor'
[2020.10.04-04.23.41:821][  0]LogTargetPlatformManager: Display: Loaded TargetPlatform 'LinuxClient'
[2020.10.04-04.23.41:831][  0]LogTargetPlatformManager: Display: Loaded TargetPlatform 'LinuxServer'
[2020.10.04-04.23.41:841][  0]LogTargetPlatformManager: Display: Loaded TargetPlatform 'LinuxAArch64NoEditor'
[2020.10.04-04.23.41:851][  0]LogTargetPlatformManager: Display: Loaded TargetPlatform 'LinuxAArch64Client'
[2020.10.04-04.23.41:868][  0]LogTargetPlatformManager: Display: Loaded TargetPlatform 'LinuxAArch64Server'
[2020.10.04-04.23.41:893][  0]LogTargetPlatformManager: Display: Loaded TargetPlatform 'Lumin'
[2020.10.04-04.23.41:893][  0]LogTargetPlatformManager: Display: Loaded TargetPlatform 'LuminClient'
[2020.10.04-04.23.41:909][  0]LogTargetPlatformManager: Display: Loaded TargetPlatform 'TVOSClient'
[2020.10.04-04.23.41:909][  0]LogTargetPlatformManager: Display: Loaded TargetPlatform 'TVOS'
[2020.10.04-04.23.41:919][  0]LogTargetPlatformManager: Display: Loaded TargetPlatform 'WindowsNoEditor'
[2020.10.04-04.23.41:930][  0]LogTargetPlatformManager: Display: Loaded TargetPlatform 'Windows'
[2020.10.04-04.23.41:940][  0]LogTargetPlatformManager: Display: Loaded TargetPlatform 'WindowsClient'
[2020.10.04-04.23.41:951][  0]LogTargetPlatformManager: Display: Loaded TargetPlatform 'WindowsServer'
[2020.10.04-04.23.41:951][  0]LogTargetPlatformManager: Display: Building Assets For Windows
[2020.10.04-04.23.41:968][  0]LogAudioDebug: Display: Lib vorbis DLL was dynamically loaded.
[2020.10.04-04.23.42:069][  0]LogShaderCompilers: Guid format shader working directory is -53 characters bigger than the processId version (../../../../../GameProgramming2/DungeonGenerator/procedural generation for unreal/DungeonGenerator/Intermediate/Shaders/WorkingDirectory/28920/).
[2020.10.04-04.23.42:070][  0]LogShaderCompilers: Cleaned the shader compiler working directory 'C:/Users/balaj/AppData/Local/Temp/UnrealShaderWorkingDir/88768C8E4F953C36593000896EB480D1/'.
[2020.10.04-04.23.42:070][  0]LogXGEController: Cleaning working directory: C:/Users/balaj/AppData/Local/Temp/UnrealXGEWorkingDir/
[2020.10.04-04.23.42:070][  0]LogXGEController: Cannot use XGE Controller as Incredibuild is not installed on this machine.
[2020.10.04-04.23.42:071][  0]LogShaderCompilers: Cannot use XGE Shader Compiler as Incredibuild is not installed on this machine.
[2020.10.04-04.23.42:071][  0]LogShaderCompilers: Display: Using Local Shader Compiler.
[2020.10.04-04.23.42:712][  0]LogDerivedDataCache: Display: Max Cache Size: 512 MB
[2020.10.04-04.23.42:758][  0]LogDerivedDataCache: Loaded boot cache 0.05s 79MB C:/Users/balaj/AppData/Local/UnrealEngine/4.25/DerivedDataCache/Boot.ddc.
[2020.10.04-04.23.42:758][  0]LogDerivedDataCache: Display: Loaded Boot cache: C:/Users/balaj/AppData/Local/UnrealEngine/4.25/DerivedDataCache/Boot.ddc
[2020.10.04-04.23.42:758][  0]LogDerivedDataCache: FDerivedDataBackendGraph:  Pak pak cache file ../../../../../GameProgramming2/DungeonGenerator/procedural generation for unreal/DungeonGenerator/DerivedDataCache/DDC.ddp not found, will not use a pak cache.
[2020.10.04-04.23.42:758][  0]LogDerivedDataCache: Unable to find inner node Pak for hierarchical cache Hierarchy.
[2020.10.04-04.23.42:759][  0]LogDerivedDataCache: FDerivedDataBackendGraph:  CompressedPak pak cache file ../../../../../GameProgramming2/DungeonGenerator/procedural generation for unreal/DungeonGenerator/DerivedDataCache/Compressed.ddp not found, will not use a pak cache.
[2020.10.04-04.23.42:759][  0]LogDerivedDataCache: Unable to find inner node CompressedPak for hierarchical cache Hierarchy.
[2020.10.04-04.23.42:768][  0]LogDerivedDataCache: Display: Pak cache opened for reading ../../../Engine/DerivedDataCache/Compressed.ddp.
[2020.10.04-04.23.42:769][  0]LogDerivedDataCache: FDerivedDataBackendGraph:  EnterprisePak pak cache file ../../../Enterprise/DerivedDataCache/Compressed.ddp not found, will not use a pak cache.
[2020.10.04-04.23.42:769][  0]LogDerivedDataCache: Unable to find inner node EnterprisePak for hierarchical cache Hierarchy.
[2020.10.04-04.23.42:771][  0]LogDerivedDataCache: Using Local data cache path C:/Users/balaj/AppData/Local/UnrealEngine/Common/DerivedDataCache: Writable
[2020.10.04-04.23.42:771][  0]LogDerivedDataCache: Shared data cache path not found in *engine.ini, will not use an Shared cache.
[2020.10.04-04.23.42:771][  0]LogDerivedDataCache: Unable to find inner node Shared for hierarchical cache Hierarchy.
[2020.10.04-04.23.42:815][  0]LogSlate: Using FreeType 2.10.0
[2020.10.04-04.23.42:815][  0]LogSlate: SlateFontServices - WITH_FREETYPE: 1, WITH_HARFBUZZ: 1
[2020.10.04-04.23.42:838][  0]LogAssetRegistry: FAssetRegistry took 0.0044 seconds to start up
[2020.10.04-04.23.43:040][  0]LogInit: Selected Device Profile: [Windows]
[2020.10.04-04.23.43:160][  0]LogMeshReduction: Using QuadricMeshReduction for automatic static mesh reduction
[2020.10.04-04.23.43:160][  0]LogMeshReduction: Using SimplygonMeshReduction for automatic skeletal mesh reduction
[2020.10.04-04.23.43:160][  0]LogMeshReduction: Using ProxyLODMeshReduction for automatic mesh merging
[2020.10.04-04.23.43:160][  0]LogMeshReduction: No distributed automatic mesh merging module available
[2020.10.04-04.23.43:160][  0]LogMeshMerging: No distributed automatic mesh merging module available
[2020.10.04-04.23.43:179][  0]LogNetVersion: DungeonGenerator 1.0.0, NetCL: 13144385, EngineNetVer: 14, GameNetVer: 0 (Checksum: 1437415712)
[2020.10.04-04.23.43:541][  0]LogAISub: UAISubsystem::UAISubsystem AISubsystem (000001F696CA9BC0), frame # 0
[2020.10.04-04.23.43:541][  0]LogAISub: UAISubsystem::UAISubsystem AIPerceptionSystem (000001F696BF91C0), frame # 0
[2020.10.04-04.23.43:542][  0]LogAISub: UAISubsystem::UAISubsystem EnvQueryManager (000001F696C35E00), frame # 0
[2020.10.04-04.23.43:610][  0]LogPackageLocalizationCache: Processed 19 localized package path(s) for 1 prioritized culture(s) in 0.060283 seconds
[2020.10.04-04.23.43:618][  0]LogUObjectArray: 15917 objects as part of root set at end of initial load.
[2020.10.04-04.23.43:618][  0]LogUObjectAllocator: 3965568 out of 0 bytes used by permanent object pool.
[2020.10.04-04.23.43:618][  0]LogUObjectArray: CloseDisregardForGC: 0/0 objects in disregard for GC pool
[2020.10.04-04.23.44:072][  0]LogTcpMessaging: Initializing TcpMessaging bridge
[2020.10.04-04.23.44:079][  0]LogUdpMessaging: Initializing bridge on interface 0.0.0.0:0 to multicast group 230.0.0.1:6666.
[2020.10.04-04.23.44:247][  0]SourceControl: Source control is disabled
[2020.10.04-04.23.44:247][  0]SourceControl: Source control is disabled
[2020.10.04-04.23.44:252][  0]SourceControl: Source control is disabled
[2020.10.04-04.23.44:255][  0]SourceControl: Source control is disabled
[2020.10.04-04.23.44:264][  0]SourceControl: Source control is disabled
[2020.10.04-04.23.44:568][  0]LogAndroidPermission: UAndroidPermissionCallbackProxy::GetInstance
[2020.10.04-04.23.44:593][  0]LogAudioCaptureCore: Display: No Audio Capture implementations found. Audio input will be silent.
[2020.10.04-04.23.44:593][  0]LogAudioCaptureCore: Display: No Audio Capture implementations found. Audio input will be silent.
[2020.10.04-04.23.44:647][  0]LogOcInput: OculusInput pre-init called
[2020.10.04-04.23.44:839][  0]LogEngine: Initializing Engine...
[2020.10.04-04.23.44:841][  0]LogHMD: Failed to initialize OpenVR with code 110
[2020.10.04-04.23.44:841][  0]LogMagicLeap: Warning: VR disabled because ZI is not enabled.  To enable, in the editor, Edit -> Project Settings -> Plugins -> Magic Leap Plugin -> Enable Zero Iteration
[2020.10.04-04.23.44:842][  0]LogStats: UGameplayTagsManager::InitializeManager -  0.000 s
[2020.10.04-04.23.44:929][  0]LogInit: Initializing FReadOnlyCVARCache
[2020.10.04-04.23.44:936][  0]LogAIModule: Creating AISystem for world Untitled
[2020.10.04-04.23.44:937][  0]LogAISub: UAISubsystem::UAISubsystem EnvQueryManager (000001F6A1673C00), frame # 0
[2020.10.04-04.23.44:937][  0]LogAISub: UAISubsystem::UAISubsystem AIPerceptionSystem (000001F6A16A3100), frame # 0
[2020.10.04-04.23.44:950][  0]LogAudioMixer: Display: Audio Mixer Platform Settings:
[2020.10.04-04.23.44:950][  0]LogAudioMixer: Display: 	Sample Rate:						  48000
[2020.10.04-04.23.44:950][  0]LogAudioMixer: Display: 	Callback Buffer Frame Size Requested: 1024
[2020.10.04-04.23.44:950][  0]LogAudioMixer: Display: 	Callback Buffer Frame Size To Use:	  1024
[2020.10.04-04.23.44:950][  0]LogAudioMixer: Display: 	Number of buffers to queue:			  2
[2020.10.04-04.23.44:951][  0]LogAudioMixer: Display: 	Max Channels (voices):				  32
[2020.10.04-04.23.44:951][  0]LogAudioMixer: Display: 	Number of Async Source Workers:		  0
[2020.10.04-04.23.44:951][  0]LogAudio: Display: AudioDevice MaxSources: 32
[2020.10.04-04.23.44:951][  0]LogAudio: Display: Using built-in audio occlusion.
[2020.10.04-04.23.44:951][  0]LogAudioMixer: Display: Initializing audio mixer.
[2020.10.04-04.23.45:051][  0]LogAudioMixer: Display: 0: FrontLeft
[2020.10.04-04.23.45:051][  0]LogAudioMixer: Display: 1: FrontRight
[2020.10.04-04.23.45:095][  0]LogAudioMixer: Display: Using Audio Device Headset Earphone (HyperX Virtual Surround Sound)
[2020.10.04-04.23.45:099][  0]LogAudioMixer: Display: Initializing Sound Submixes...
[2020.10.04-04.23.45:100][  0]LogAudioMixer: Display: Creating Master Submix 'MasterSubmixDefault'
[2020.10.04-04.23.45:100][  0]LogAudioMixer: Display: Creating Master Submix 'MasterReverbSubmixDefault'
[2020.10.04-04.23.45:102][  0]LogAudioMixer: Display: Creating Master Submix 'MasterEQSubmixDefault'
[2020.10.04-04.23.45:104][  0]LogInit: FAudioDevice initialized.
[2020.10.04-04.23.45:104][  0]LogNetVersion: Set ProjectVersion to 1.0.0.0. Version Checksum will be recalculated on next use.
[2020.10.04-04.23.45:151][  0]LogDerivedDataCache: Saved boot cache 0.05s 79MB C:/Users/balaj/AppData/Local/UnrealEngine/4.25/DerivedDataCache/Boot.ddc.
[2020.10.04-04.23.45:155][  0]LogInit: Texture streaming: Enabled
[2020.10.04-04.23.45:174][  0]LogEngineSessionManager: EngineSessionManager initialized
[2020.10.04-04.23.45:175][  0]LogEngineSessionManager: EngineSessionManager sent abnormal shutdown report. Type=Debugger, SessionId={4DC9A4C6-4A04-5077-CFE4-26A50F8BFB0F}
[2020.10.04-04.23.45:175][  0]LogEditorSessionSummary: Verbose: Initializing EditorSessionSummaryWriter for editor session tracking
[2020.10.04-04.23.45:176][  0]LogEditorSessionSummary: EditorSessionSummaryWriter initialized
[2020.10.04-04.23.45:224][  0]LogInit: Transaction tracking system initialized
[2020.10.04-04.23.45:253][  0]BlueprintLog: New page: Editor Load
[2020.10.04-04.23.45:345][  0]LocalizationService: Localization service is disabled
[2020.10.04-04.23.45:505][  0]LogCook: Display: Max memory allowance for cook 16384mb min free memory 0mb
[2020.10.04-04.23.45:505][  0]LogCook: Display: Mobile HDR setting 1
[2020.10.04-04.23.45:658][  0]LogFileCache: Scanning file cache for directory 'E:/GameProgramming2/DungeonGenerator/procedural generation for unreal/DungeonGenerator/Content/' took 0.00s
[2020.10.04-04.23.45:797][  0]SourceControl: Source control is disabled
[2020.10.04-04.23.45:797][  0]LogUnrealEdMisc: Loading editor; pre map load, took 7.414
[2020.10.04-04.23.45:797][  0]LightingResults: New page: Lighting Build
[2020.10.04-04.23.45:798][  0]LogWorld: UWorld::CleanupWorld for Untitled, bSessionEnded=true, bCleanupResources=true
[2020.10.04-04.23.45:798][  0]LogSlate: InvalidateAllWidgets triggered.  All widgets were invalidated
[2020.10.04-04.23.45:798][  0]MapCheck: New page: Map Check
[2020.10.04-04.23.45:798][  0]LightingResults: New page: Lighting Build
[2020.10.04-04.23.45:816][  0]LogAISub: UAISubsystem::~UAISubsystem EnvQueryManager (000001F6A1673C00), frame # 0
[2020.10.04-04.23.45:816][  0]LogAISub: UAISubsystem::~UAISubsystem AIPerceptionSystem (000001F6A16A3100), frame # 0
[2020.10.04-04.23.45:817][  0]LogUObjectHash: Compacting FUObjectHashTables data took   0.67ms
[2020.10.04-04.23.46:015][  0]LogAIModule: Creating AISystem for world TopDownExampleMap
[2020.10.04-04.23.46:015][  0]LogAISub: UAISubsystem::UAISubsystem EnvQueryManager (000001F687BBCA00), frame # 0
[2020.10.04-04.23.46:015][  0]LogAISub: UAISubsystem::UAISubsystem AIPerceptionSystem (000001F687B9BB00), frame # 0
[2020.10.04-04.23.46:030][  0]LogEditorServer: Finished looking for orphan Actors (0.000 secs)
[2020.10.04-04.23.46:034][  0]LogNavigationDataBuild: Display:    Building NavData:  Name Default class /Script/NavigationSystem.RecastNavMesh agent radius 35.0.
[2020.10.04-04.23.46:047][  0]LogUObjectHash: Compacting FUObjectHashTables data took   0.81ms
[2020.10.04-04.23.46:048][  0]Cmd: MAP CHECKDEP NOCLEARLOG
[2020.10.04-04.23.46:048][  0]MapCheck: Map check complete: 0 Error(s), 0 Warning(s), took 0.156ms to complete.
[2020.10.04-04.23.46:048][  0]LogFileHelpers: Loading map 'TopDownExampleMap' took 0.251
[2020.10.04-04.23.46:050][  0]LogUnrealEdMisc: Total Editor Startup Time, took 7.667
[2020.10.04-04.23.46:211][  0]LogSlate: Updating window title bar state: overlay mode, drag disabled, window buttons hidden, title bar hidden
[2020.10.04-04.23.46:218][  0]LogSlate: Updating window title bar state: overlay mode, drag disabled, window buttons hidden, title bar hidden
[2020.10.04-04.23.46:224][  0]LogSlate: Updating window title bar state: overlay mode, drag disabled, window buttons hidden, title bar hidden
[2020.10.04-04.23.46:231][  0]LogSlate: Updating window title bar state: overlay mode, drag disabled, window buttons hidden, title bar hidden
[2020.10.04-04.23.46:241][  0]LogCollectionManager: Loaded 0 collections in 0.000630 seconds
[2020.10.04-04.23.46:264][  0]LogFileCache: Scanning file cache for directory 'E:/GameProgramming2/DungeonGenerator/procedural generation for unreal/DungeonGenerator/Saved/Collections/' took 0.01s
[2020.10.04-04.23.46:264][  0]LogFileCache: Scanning file cache for directory 'E:/GameProgramming2/DungeonGenerator/procedural generation for unreal/DungeonGenerator/Content/Developers/balaj/Collections/' took 0.00s
[2020.10.04-04.23.46:264][  0]LogFileCache: Scanning file cache for directory 'E:/GameProgramming2/DungeonGenerator/procedural generation for unreal/DungeonGenerator/Content/Collections/' took 0.00s
[2020.10.04-04.23.46:264][  0]LogContentBrowser: Native class hierarchy populated in 0.0098 seconds. Added 3433 classes and 823 folders.
[2020.10.04-04.23.46:266][  0]LogContentBrowser: Native class hierarchy updated for 'WidgetCarousel' in 0.0003 seconds. Added 0 classes and 0 folders.
[2020.10.04-04.23.46:302][  0]LogContentBrowser: Native class hierarchy updated for 'AddContentDialog' in 0.0003 seconds. Added 0 classes and 0 folders.
[2020.10.04-04.23.46:303][  0]LogContentBrowser: Native class hierarchy updated for 'SceneOutliner' in 0.0002 seconds. Added 2 classes and 0 folders.
[2020.10.04-04.23.46:312][  0]LogContentBrowser: Native class hierarchy updated for 'WorldBrowser' in 0.0003 seconds. Added 2 classes and 3 folders.
[2020.10.04-04.23.46:406][  0]LogSlate: Took 0.000133 seconds to synchronously load lazily loaded font '../../../Engine/Content/Slate/Fonts/Roboto-Regular.ttf' (155K)
[2020.10.04-04.23.46:408][  0]LogSlate: Took 0.000086 seconds to synchronously load lazily loaded font '../../../Engine/Content/Slate/Fonts/Roboto-Bold.ttf' (160K)
[2020.10.04-04.23.46:412][  0]LogSlate: Took 0.000139 seconds to synchronously load lazily loaded font '../../../Engine/Content/Editor/Slate/Fonts/FontAwesome.ttf' (139K)
[2020.10.04-04.23.46:412][  0]LogSlate: Took 0.000078 seconds to synchronously load lazily loaded font '../../../Engine/Content/Slate/Fonts/DroidSansMono.ttf' (77K)
[2020.10.04-04.23.46:509][  0]LogRenderer: Reallocating scene render targets to support 1000x548 Format 10 NumSamples 1 (Frame:1).
[2020.10.04-04.23.46:592][  0]LogContentBrowser: Native class hierarchy updated for 'HierarchicalLODOutliner' in 0.0004 seconds. Added 0 classes and 0 folders.
[2020.10.04-04.23.46:593][  0]LogLoad: (Engine Initialization) Total time: 8.21 seconds
[2020.10.04-04.23.46:593][  0]LogLoad: (Engine Initialization) Total Blueprint compile time: 0.00 seconds
[2020.10.04-04.23.46:626][  0]LogAssetRegistry: Asset discovery search completed in 3.7917 seconds
[2020.10.04-04.23.46:630][  0]LogCollectionManager: Fixed up redirectors for 0 collections in 0.000002 seconds (updated 0 objects)
[2020.10.04-04.23.46:632][  0]LogContentStreaming: Texture pool size now 1000 MB
[2020.10.04-04.23.46:703][  1]LogRenderer: Reallocating scene render targets to support 1000x564 Format 10 NumSamples 1 (Frame:3).
[2020.10.04-04.23.58:161][315]LogTemp: Repeating last play command: Selected Viewport
[2020.10.04-04.23.58:175][315]LogPlayLevel: PlayLevel: No blueprints needed recompiling
[2020.10.04-04.23.58:175][315]PIE: New page: PIE session: TopDownExampleMap (Oct 3, 2020, 4:23:58 PM)
[2020.10.04-04.23.58:177][315]LogOnline: OSS: Creating online subsystem instance for: NULL
[2020.10.04-04.23.58:180][315]LogOnline: OSS: TryLoadSubsystemAndSetDefault: Loaded subsystem for module [NULL]
[2020.10.04-04.23.58:180][315]LogPlayLevel: Creating play world package: /Game/TopDownBP/Maps/UEDPIE_0_TopDownExampleMap
[2020.10.04-04.23.58:193][315]LogPlayLevel: PIE: StaticDuplicateObject took: (0.013404s)
[2020.10.04-04.23.58:195][315]LogAIModule: Creating AISystem for world TopDownExampleMap
[2020.10.04-04.23.58:195][315]LogAISub: UAISubsystem::UAISubsystem EnvQueryManager (000001F6F82CBE00), frame # 1315
[2020.10.04-04.23.58:195][315]LogAISub: UAISubsystem::UAISubsystem AIPerceptionSystem (000001F6962E0CC0), frame # 1315
[2020.10.04-04.23.58:196][315]LogPlayLevel: PIE: World Init took: (0.002278s)
[2020.10.04-04.23.58:196][315]LogPlayLevel: PIE: Created PIE world by copying editor world from /Game/TopDownBP/Maps/TopDownExampleMap.TopDownExampleMap to /Game/TopDownBP/Maps/UEDPIE_0_TopDownExampleMap.TopDownExampleMap (0.016119s)
[2020.10.04-04.23.58:211][315]LogUObjectHash: Compacting FUObjectHashTables data took   0.84ms
[2020.10.04-04.23.58:212][315]LogAudioMixer: Display: Audio Mixer Platform Settings:
[2020.10.04-04.23.58:212][315]LogAudioMixer: Display: 	Sample Rate:						  48000
[2020.10.04-04.23.58:212][315]LogAudioMixer: Display: 	Callback Buffer Frame Size Requested: 1024
[2020.10.04-04.23.58:212][315]LogAudioMixer: Display: 	Callback Buffer Frame Size To Use:	  1024
[2020.10.04-04.23.58:212][315]LogAudioMixer: Display: 	Number of buffers to queue:			  2
[2020.10.04-04.23.58:212][315]LogAudioMixer: Display: 	Max Channels (voices):				  32
[2020.10.04-04.23.58:212][315]LogAudioMixer: Display: 	Number of Async Source Workers:		  0
[2020.10.04-04.23.58:213][315]LogAudio: Display: AudioDevice MaxSources: 32
[2020.10.04-04.23.58:213][315]LogAudio: Display: Using built-in audio occlusion.
[2020.10.04-04.23.58:213][315]LogAudioMixer: Display: Initializing audio mixer.
[2020.10.04-04.23.58:217][315]LogAudioMixer: Display: 0: FrontLeft
[2020.10.04-04.23.58:217][315]LogAudioMixer: Display: 1: FrontRight
[2020.10.04-04.23.58:254][315]LogAudioMixer: Display: Using Audio Device Headset Earphone (HyperX Virtual Surround Sound)
[2020.10.04-04.23.58:254][315]LogAudioMixer: Display: Initializing Sound Submixes...
[2020.10.04-04.23.58:254][315]LogAudioMixer: Display: Creating Master Submix 'MasterSubmixDefault'
[2020.10.04-04.23.58:255][315]LogAudioMixer: Display: Creating Master Submix 'MasterReverbSubmixDefault'
[2020.10.04-04.23.58:255][315]LogAudioMixer: Display: Creating Master Submix 'MasterEQSubmixDefault'
[2020.10.04-04.23.58:268][315]LogInit: FAudioDevice initialized.
[2020.10.04-04.23.58:282][315]LogLoad: Game class is 'TopDownGameMode_C'
[2020.10.04-04.23.58:284][315]LogWorld: Bringing World /Game/TopDownBP/Maps/UEDPIE_0_TopDownExampleMap.TopDownExampleMap up for play (max tick rate 0) at 2020.10.03-22.23.58
[2020.10.04-04.23.58:284][315]LogWorld: Bringing up level for play took: 0.001262
[2020.10.04-04.23.58:284][315]LogOnline: OSS: Creating online subsystem instance for: :Context_1
[2020.10.04-04.23.58:288][315]LogContentBrowser: Native class hierarchy updated for 'MovieSceneCapture' in 0.0004 seconds. Added 20 classes and 0 folders.
[2020.10.04-04.23.58:289][315]LogTemp: Warning: asdasd
[2020.10.04-04.23.58:294][315]LogTemp: Warning: asdasd
[2020.10.04-04.24.01:507][315]LogTemp: Warning: Count!:4 
[2020.10.04-04.24.01:507][315]LogTemp: Warning: Random numbeR?:3 
[2020.10.04-04.24.01:507][315]LogTemp: Warning: Door:-1700
[2020.10.04-04.24.01:507][315]LogTemp: Warning: West
[2020.10.04-04.24.01:507][315]LogTemp: Warning: Door:-1700
[2020.10.04-04.24.01:513][315]LogTemp: Warning: asdasd
[2020.10.04-04.24.02:721][315]LogTemp: Warning: Count!:3 
[2020.10.04-04.24.02:721][315]LogTemp: Warning: Random numbeR?:3 
[2020.10.04-04.24.02:721][315]LogTemp: Warning: Door:-1700
[2020.10.04-04.24.02:721][315]LogTemp: Warning: West
[2020.10.04-04.24.02:722][315]LogTemp: Warning: Door:-1700
[2020.10.04-04.24.02:728][315]PIE: Server logged in
[2020.10.04-04.24.02:729][315]PIE: Play in editor total start time 4.555 seconds.
[2020.10.04-04.29.05:666][304]LogSlate: Updating window title bar state: overlay mode, drag disabled, window buttons hidden, title bar hidden
[2020.10.04-04.29.05:666][304]LogWorld: BeginTearingDown for /Game/TopDownBP/Maps/UEDPIE_0_TopDownExampleMap
[2020.10.04-04.29.05:666][304]LogWorld: UWorld::CleanupWorld for TopDownExampleMap, bSessionEnded=true, bCleanupResources=true
[2020.10.04-04.29.05:667][304]LogSlate: InvalidateAllWidgets triggered.  All widgets were invalidated
[2020.10.04-04.29.05:678][304]LogPlayLevel: Display: Shutting down PIE online subsystems
[2020.10.04-04.29.05:680][304]LogSlate: InvalidateAllWidgets triggered.  All widgets were invalidated
[2020.10.04-04.29.05:718][304]LogSlate: Updating window title bar state: overlay mode, drag disabled, window buttons hidden, title bar hidden
[2020.10.04-04.29.05:720][304]LogAISub: UAISubsystem::~UAISubsystem AIPerceptionSystem (000001F6962E0CC0), frame # 32304
[2020.10.04-04.29.05:720][304]LogAISub: UAISubsystem::~UAISubsystem EnvQueryManager (000001F6F82CBE00), frame # 32304
[2020.10.04-04.29.05:721][304]LogUObjectHash: Compacting FUObjectHashTables data took   0.73ms
[2020.10.04-04.29.05:749][305]LogPlayLevel: Display: Destroying online subsystem :Context_1
[2020.10.04-04.29.07:387][490]LogSlate: Took 0.000232 seconds to synchronously load lazily loaded font '../../../Engine/Content/Slate/Fonts/Roboto-Italic.ttf' (157K)
[2020.10.04-04.29.15:175][397]LogTemp: Repeating last play command: Selected Viewport
[2020.10.04-04.29.15:189][397]LogPlayLevel: PlayLevel: No blueprints needed recompiling
[2020.10.04-04.29.15:189][397]PIE: New page: PIE session: TopDownExampleMap (Oct 3, 2020, 4:29:15 PM)
[2020.10.04-04.29.15:189][397]LogPlayLevel: Creating play world package: /Game/TopDownBP/Maps/UEDPIE_0_TopDownExampleMap
[2020.10.04-04.29.15:199][397]LogPlayLevel: PIE: StaticDuplicateObject took: (0.009717s)
[2020.10.04-04.29.15:200][397]LogAIModule: Creating AISystem for world TopDownExampleMap
[2020.10.04-04.29.15:200][397]LogAISub: UAISubsystem::UAISubsystem EnvQueryManager (000001F702FBBC00), frame # 33397
[2020.10.04-04.29.15:200][397]LogAISub: UAISubsystem::UAISubsystem AIPerceptionSystem (000001F693A816C0), frame # 33397
[2020.10.04-04.29.15:201][397]LogPlayLevel: PIE: World Init took: (0.001762s)
[2020.10.04-04.29.15:201][397]LogPlayLevel: PIE: Created PIE world by copying editor world from /Game/TopDownBP/Maps/TopDownExampleMap.TopDownExampleMap to /Game/TopDownBP/Maps/UEDPIE_0_TopDownExampleMap.TopDownExampleMap (0.011894s)
[2020.10.04-04.29.15:213][397]LogUObjectHash: Compacting FUObjectHashTables data took   0.62ms
[2020.10.04-04.29.15:214][397]LogAudioMixer: Display: Audio Mixer Platform Settings:
[2020.10.04-04.29.15:215][397]LogAudioMixer: Display: 	Sample Rate:						  48000
[2020.10.04-04.29.15:215][397]LogAudioMixer: Display: 	Callback Buffer Frame Size Requested: 1024
[2020.10.04-04.29.15:215][397]LogAudioMixer: Display: 	Callback Buffer Frame Size To Use:	  1024
[2020.10.04-04.29.15:215][397]LogAudioMixer: Display: 	Number of buffers to queue:			  2
[2020.10.04-04.29.15:215][397]LogAudioMixer: Display: 	Max Channels (voices):				  32
[2020.10.04-04.29.15:215][397]LogAudioMixer: Display: 	Number of Async Source Workers:		  0
[2020.10.04-04.29.15:215][397]LogAudio: Display: AudioDevice MaxSources: 32
[2020.10.04-04.29.15:216][397]LogAudio: Display: Using built-in audio occlusion.
[2020.10.04-04.29.15:216][397]LogAudioMixer: Display: Initializing audio mixer.
[2020.10.04-04.29.15:220][397]LogAudioMixer: Display: 0: FrontLeft
[2020.10.04-04.29.15:220][397]LogAudioMixer: Display: 1: FrontRight
[2020.10.04-04.29.15:259][397]LogAudioMixer: Display: Using Audio Device Headset Earphone (HyperX Virtual Surround Sound)
[2020.10.04-04.29.15:260][397]LogAudioMixer: Display: Initializing Sound Submixes...
[2020.10.04-04.29.15:260][397]LogAudioMixer: Display: Creating Master Submix 'MasterSubmixDefault'
[2020.10.04-04.29.15:260][397]LogAudioMixer: Display: Creating Master Submix 'MasterReverbSubmixDefault'
[2020.10.04-04.29.15:260][397]LogAudioMixer: Display: Creating Master Submix 'MasterEQSubmixDefault'
[2020.10.04-04.29.15:273][397]LogInit: FAudioDevice initialized.
[2020.10.04-04.29.15:287][397]LogLoad: Game class is 'TopDownGameMode_C'
[2020.10.04-04.29.15:288][397]LogWorld: Bringing World /Game/TopDownBP/Maps/UEDPIE_0_TopDownExampleMap.TopDownExampleMap up for play (max tick rate 0) at 2020.10.03-22.29.15
[2020.10.04-04.29.15:289][397]LogWorld: Bringing up level for play took: 0.001201
[2020.10.04-04.29.15:289][397]LogOnline: OSS: Creating online subsystem instance for: :Context_2
[2020.10.04-04.29.15:292][397]LogTemp: Warning: asdasd
[2020.10.04-04.29.15:297][397]LogTemp: Warning: asdasd
[2020.10.04-04.29.17:952][397]LogTemp: Warning: Count!:4 
[2020.10.04-04.29.17:952][397]LogTemp: Warning: Random numbeR?:2 
[2020.10.04-04.29.17:952][397]LogTemp: Warning: Door:-1800
[2020.10.04-04.29.17:953][397]LogTemp: Warning: South
[2020.10.04-04.29.17:953][397]LogTemp: Warning: Door:-1800
[2020.10.04-04.29.17:958][397]LogTemp: Warning: asdasd
[2020.10.04-04.29.17:958][397]LogTemp: Warning: Count!:3 
[2020.10.04-04.29.17:958][397]LogTemp: Warning: Random numbeR?:1 
[2020.10.04-04.29.17:958][397]LogTemp: Warning: Door:1800
[2020.10.04-04.29.17:958][397]LogTemp: Warning: NOrth
[2020.10.04-04.29.17:959][397]LogTemp: Warning: Door:1800
[2020.10.04-04.29.17:964][397]LogTemp: Warning: asdasd
[2020.10.04-04.29.17:964][397]LogTemp: Warning: Count!:3 
[2020.10.04-04.29.17:964][397]LogTemp: Warning: Random numbeR?:1 
[2020.10.04-04.29.17:964][397]LogTemp: Warning: Door:1800
[2020.10.04-04.29.17:964][397]LogTemp: Warning: NOrth
[2020.10.04-04.29.17:964][397]LogTemp: Warning: Door:1800
[2020.10.04-04.29.17:970][397]LogTemp: Warning: asdasd
[2020.10.04-04.29.17:970][397]LogTemp: Warning: Count!:3 
[2020.10.04-04.29.17:970][397]LogTemp: Warning: Random numbeR?:1 
[2020.10.04-04.29.17:970][397]LogTemp: Warning: Door:1800
[2020.10.04-04.29.17:970][397]LogTemp: Warning: NOrth
[2020.10.04-04.29.17:970][397]LogTemp: Warning: Door:1800
[2020.10.04-04.29.17:976][397]LogTemp: Warning: asdasd
[2020.10.04-04.29.17:976][397]LogTemp: Warning: Count!:3 
[2020.10.04-04.29.17:976][397]LogTemp: Warning: Random numbeR?:1 
[2020.10.04-04.29.17:976][397]LogTemp: Warning: Door:1800
[2020.10.04-04.29.17:976][397]LogTemp: Warning: NOrth
[2020.10.04-04.29.17:976][397]LogTemp: Warning: Door:1800
[2020.10.04-04.29.17:982][397]LogTemp: Warning: asdasd
[2020.10.04-04.29.17:982][397]LogTemp: Warning: Count!:3 
[2020.10.04-04.29.17:982][397]LogTemp: Warning: Random numbeR?:1 
[2020.10.04-04.29.17:982][397]LogTemp: Warning: Door:1800
[2020.10.04-04.29.17:982][397]LogTemp: Warning: NOrth
[2020.10.04-04.29.17:982][397]LogTemp: Warning: Door:1800
[2020.10.04-04.29.17:987][397]LogTemp: Warning: asdasd
[2020.10.04-04.29.17:987][397]LogTemp: Warning: Count!:3 
[2020.10.04-04.29.17:987][397]LogTemp: Warning: Random numbeR?:1 
[2020.10.04-04.29.17:988][397]LogTemp: Warning: Door:1800
[2020.10.04-04.29.17:988][397]LogTemp: Warning: NOrth
[2020.10.04-04.29.17:988][397]LogTemp: Warning: Door:1800
[2020.10.04-04.29.17:994][397]LogTemp: Warning: asdasd
[2020.10.04-04.29.17:994][397]LogTemp: Warning: Count!:3 
[2020.10.04-04.29.17:994][397]LogTemp: Warning: Random numbeR?:1 
[2020.10.04-04.29.17:994][397]LogTemp: Warning: Door:1800
[2020.10.04-04.29.17:994][397]LogTemp: Warning: NOrth
[2020.10.04-04.29.17:994][397]LogTemp: Warning: Door:1800
[2020.10.04-04.29.18:000][397]LogTemp: Warning: asdasd
[2020.10.04-04.29.18:000][397]LogTemp: Warning: Count!:3 
[2020.10.04-04.29.18:000][397]LogTemp: Warning: Random numbeR?:1 
[2020.10.04-04.29.18:000][397]LogTemp: Warning: Door:1800
[2020.10.04-04.29.18:000][397]LogTemp: Warning: NOrth
[2020.10.04-04.29.18:001][397]LogTemp: Warning: Door:1800
[2020.10.04-04.29.18:006][397]LogTemp: Warning: asdasd
[2020.10.04-04.29.18:006][397]LogTemp: Warning: Count!:3 
[2020.10.04-04.29.18:006][397]LogTemp: Warning: Random numbeR?:1 
[2020.10.04-04.29.18:006][397]LogTemp: Warning: Door:1800
[2020.10.04-04.29.18:006][397]LogTemp: Warning: NOrth
[2020.10.04-04.29.18:007][397]LogTemp: Warning: Door:1800
[2020.10.04-04.29.18:013][397]PIE: Server logged in
[2020.10.04-04.29.18:014][397]PIE: Play in editor total start time 2.825 seconds.
[2020.10.04-04.29.18:022][397]LogTemp: Resetting audio stream to device id 
[2020.10.04-04.29.18:054][397]LogAudioMixer: Display: 0: FrontLeft
[2020.10.04-04.29.18:055][397]LogAudioMixer: Display: 1: FrontRight
[2020.10.04-04.29.18:088][397]LogTemp: Resetting audio stream to device id 
[2020.10.04-04.29.18:134][397]LogAudioMixer: Display: 0: FrontLeft
[2020.10.04-04.29.18:134][397]LogAudioMixer: Display: 1: FrontRight
[2020.10.04-04.39.28:952][397]LogEditorViewport: Clicking on Actor (LMB): StaticMeshActor (Floor)
[2020.10.04-04.39.29:498][415]LogSlate: Updating window title bar state: overlay mode, drag disabled, window buttons hidden, title bar hidden
[2020.10.04-04.39.29:498][415]LogWorld: BeginTearingDown for /Game/TopDownBP/Maps/UEDPIE_0_TopDownExampleMap
[2020.10.04-04.39.29:499][415]LogWorld: UWorld::CleanupWorld for TopDownExampleMap, bSessionEnded=true, bCleanupResources=true
[2020.10.04-04.39.29:502][415]LogSlate: InvalidateAllWidgets triggered.  All widgets were invalidated
[2020.10.04-04.39.29:526][415]LogPlayLevel: Display: Shutting down PIE online subsystems
[2020.10.04-04.39.29:528][415]LogSlate: InvalidateAllWidgets triggered.  All widgets were invalidated
[2020.10.04-04.39.29:572][415]LogSlate: Updating window title bar state: overlay mode, drag disabled, window buttons hidden, title bar hidden
[2020.10.04-04.39.29:574][415]LogAISub: UAISubsystem::~UAISubsystem AIPerceptionSystem (000001F693A816C0), frame # 46415
[2020.10.04-04.39.29:575][415]LogAISub: UAISubsystem::~UAISubsystem EnvQueryManager (000001F702FBBC00), frame # 46415
[2020.10.04-04.39.29:576][415]LogUObjectHash: Compacting FUObjectHashTables data took   0.78ms
[2020.10.04-04.39.29:599][416]LogPlayLevel: Display: Destroying online subsystem :Context_2
