Log file open, 10/03/20 22:18:04
LogInit: Display: Running engine for game: DungeonGenerator
LogPlatformFile: Not using cached read wrapper
LogTaskGraph: Started task graph with 5 named threads and 47 total threads with 3 sets of task threads.
LogStats: Stats thread started at 0.269329
LogD3D11RHI: Loaded GFSDK_Aftermath_Lib.x64.dll
LogICUInternationalization: ICU TimeZone Detection - Raw Offset: -7:00, Platform Override: ''
LogPluginManager: Mounting plugin Paper2D
LogPluginManager: Mounting plugin AISupport
LogPluginManager: Mounting plugin LightPropagationVolume
LogPluginManager: Mounting plugin CameraShakePreviewer
LogPluginManager: Mounting plugin ActorLayerUtilities
LogPluginManager: Mounting plugin AnimationSharing
LogPluginManager: Mounting plugin CLionSourceCodeAccess
LogPluginManager: Mounting plugin CodeLiteSourceCodeAccess
LogPluginManager: Mounting plugin GitSourceControl
LogPluginManager: Mounting plugin KDevelopSourceCodeAccess
LogPluginManager: Mounting plugin NullSourceCodeAccess
LogPluginManager: Mounting plugin PerforceSourceControl
LogPluginManager: Mounting plugin PlasticSourceControl
LogPluginManager: Mounting plugin RiderSourceCodeAccess
LogPluginManager: Mounting plugin SubversionSourceControl
LogPluginManager: Mounting plugin UObjectPlugin
LogPluginManager: Mounting plugin VisualStudioCodeSourceCodeAccess
LogPluginManager: Mounting plugin VisualStudioSourceCodeAccess
LogPluginManager: Mounting plugin XCodeSourceCodeAccess
LogPluginManager: Mounting plugin AssetManagerEditor
LogPluginManager: Mounting plugin CryptoKeys
LogPluginManager: Mounting plugin CurveEditorTools
LogPluginManager: Mounting plugin DataValidation
LogPluginManager: Mounting plugin EditorScriptingUtilities
LogPluginManager: Mounting plugin FacialAnimation
LogPluginManager: Mounting plugin GameplayTagsEditor
LogPluginManager: Mounting plugin GeometryMode
LogPluginManager: Mounting plugin MacGraphicsSwitching
LogPluginManager: Mounting plugin MaterialAnalyzer
LogPluginManager: Mounting plugin MobileLauncherProfileWizard
LogPluginManager: Mounting plugin PluginBrowser
LogPluginManager: Mounting plugin SpeedTreeImporter
LogPluginManager: Mounting plugin DatasmithContent
LogPluginManager: Mounting plugin VariantManagerContent
LogPluginManager: Mounting plugin AlembicImporter
LogPluginManager: Mounting plugin AutomationUtils
LogPluginManager: Mounting plugin BackChannel
LogPluginManager: Mounting plugin ChaosCloth
LogPluginManager: Mounting plugin ChaosClothEditor
LogPluginManager: Mounting plugin ChaosEditor
LogPluginManager: Mounting plugin ChaosNiagara
LogPluginManager: Mounting plugin ChaosSolverPlugin
LogPluginManager: Mounting plugin CharacterAI
LogPluginManager: Mounting plugin GeometryCache
LogPluginManager: Mounting plugin GeometryCollectionPlugin
LogPluginManager: Mounting plugin GeometryProcessing
LogPluginManager: Mounting plugin PlanarCut
LogPluginManager: Mounting plugin PlatformCrypto
LogPluginManager: Mounting plugin ProxyLODPlugin
LogPluginManager: Mounting plugin SkeletalReduction
LogPluginManager: Mounting plugin Niagara
LogPluginManager: Mounting plugin MagicLeap
LogPluginManager: Mounting plugin MagicLeapLightEstimation
LogPluginManager: Mounting plugin MagicLeapMedia
LogPluginManager: Mounting plugin MagicLeapPassableWorld
LogPluginManager: Mounting plugin MLSDK
LogPluginManager: Mounting plugin AndroidMedia
LogPluginManager: Mounting plugin AvfMedia
LogPluginManager: Mounting plugin ImgMedia
LogPluginManager: Mounting plugin MediaCompositing
LogPluginManager: Mounting plugin MediaPlayerEditor
LogPluginManager: Mounting plugin WebMMedia
LogPluginManager: Mounting plugin WmfMedia
LogPluginManager: Mounting plugin MeshPainting
LogPluginManager: Mounting plugin TcpMessaging
LogPluginManager: Mounting plugin UdpMessaging
LogPluginManager: Mounting plugin ActorSequence
LogPluginManager: Mounting plugin LevelSequenceEditor
LogPluginManager: Mounting plugin MatineeToLevelSequence
LogPluginManager: Mounting plugin MovieRenderPipeline
LogPluginManager: Mounting plugin TemplateSequence
LogPluginManager: Mounting plugin NetcodeUnitTest
LogPluginManager: Mounting plugin NUTUnrealEngine4
LogPluginManager: Mounting plugin OnlineSubsystemGooglePlay
LogPluginManager: Mounting plugin OnlineSubsystemIOS
LogPluginManager: Mounting plugin OnlineSubsystem
LogPluginManager: Mounting plugin OnlineSubsystemNull
LogPluginManager: Mounting plugin OnlineSubsystemUtils
LogPluginManager: Mounting plugin LauncherChunkInstaller
LogPluginManager: Mounting plugin AndroidDeviceProfileSelector
LogPluginManager: Mounting plugin AndroidMoviePlayer
LogPluginManager: Mounting plugin AndroidPermission
LogPluginManager: Mounting plugin AppleImageUtils
LogPluginManager: Mounting plugin AppleMoviePlayer
LogPluginManager: Mounting plugin ArchVisCharacter
LogPluginManager: Mounting plugin AssetTags
LogPluginManager: Mounting plugin AudioCapture
LogPluginManager: Mounting plugin CableComponent
LogPluginManager: Mounting plugin CustomMeshComponent
LogPluginManager: Mounting plugin EditableMesh
LogPluginManager: Mounting plugin ExampleDeviceProfileSelector
LogPluginManager: Mounting plugin GoogleCloudMessaging
LogPluginManager: Mounting plugin GooglePAD
LogPluginManager: Mounting plugin IOSDeviceProfileSelector
LogPluginManager: Mounting plugin LinuxDeviceProfileSelector
LogPluginManager: Mounting plugin LocationServicesBPLibrary
LogPluginManager: Mounting plugin MobilePatchingUtils
LogPluginManager: Mounting plugin OculusVR
LogPluginManager: Mounting plugin PhysXVehicles
LogPluginManager: Mounting plugin PostSplashScreen
LogPluginManager: Mounting plugin ProceduralMeshComponent
LogPluginManager: Mounting plugin RuntimePhysXCooking
LogPluginManager: Mounting plugin SignificanceManager
LogPluginManager: Mounting plugin SoundFields
LogPluginManager: Mounting plugin SteamVR
LogPluginManager: Mounting plugin Synthesis
LogPluginManager: Mounting plugin WebMMoviePlayer
LogPluginManager: Mounting plugin WindowsMoviePlayer
LogPluginManager: Mounting plugin ScreenshotTools
LogInit: Using libcurl 7.55.1-DEV
LogInit:  - built for x86_64-pc-win32
LogInit:  - supports SSL with OpenSSL/1.1.1
LogInit:  - supports HTTP deflate (compression) using libz 1.2.8
LogInit:  - other features:
LogInit:      CURL_VERSION_SSL
LogInit:      CURL_VERSION_LIBZ
LogInit:      CURL_VERSION_IPV6
LogInit:      CURL_VERSION_ASYNCHDNS
LogInit:      CURL_VERSION_LARGEFILE
LogInit:      CURL_VERSION_IDN
LogInit:  CurlRequestOptions (configurable via config and command line):
LogInit:  - bVerifyPeer = true  - Libcurl will verify peer certificate
LogInit:  - bUseHttpProxy = false  - Libcurl will NOT use HTTP proxy
LogInit:  - bDontReuseConnections = false  - Libcurl will reuse connections
LogInit:  - MaxHostConnections = 16  - Libcurl will limit the number of connections to a host
LogInit:  - LocalHostAddr = Default
LogInit:  - BufferSize = 65536
LogOnline: OSS: Creating online subsystem instance for: NULL
LogInit: WinSock: version 1.1 (2.2), MaxSocks=32767, MaxUdp=65467
LogOnline: OSS: TryLoadSubsystemAndSetDefault: Loaded subsystem for module [NULL]
LogOculusPluginWrapper: OculusPlugin initialized successfully
LogHMD: Failed initializing OVRPlugin 1.44.0
LogInit: Build: ++UE4+Release-4.25-CL-13942748
LogInit: Engine Version: 4.25.3-13942748+++UE4+Release-4.25
LogInit: Compatible Engine Version: 4.25.0-13144385+++UE4+Release-4.25
LogInit: Net CL: 13144385
LogInit: OS: Windows 10 (Release 1909) (), CPU: AMD Ryzen 7 3700X 8-Core Processor             , GPU: NVIDIA GeForce RTX 2080 SUPER
LogInit: Compiled (64-bit): Jul 25 2020 02:07:48
LogInit: Compiled with Visual C++: 19.24.28315.00
LogInit: Build Configuration: Development
LogInit: Branch Name: ++UE4+Release-4.25
LogInit: Command Line:  -skipcompile
LogInit: Base Directory: E:/UnrealEngine/UE_4.25/Engine/Binaries/Win64/
LogInit: Allocator: TBB
LogInit: Installed Engine Build: 1
LogDevObjectVersion: Number of dev versions registered: 26
LogDevObjectVersion:   Dev-Blueprints (B0D832E4-1F89-4F0D-ACCF-7EB736FD4AA2): 10
LogDevObjectVersion:   Dev-Build (E1C64328-A22C-4D53-A36C-8E866417BD8C): 0
LogDevObjectVersion:   Dev-Core (375EC13C-06E4-48FB-B500-84F0262A717E): 4
LogDevObjectVersion:   Dev-Editor (E4B068ED-F494-42E9-A231-DA0B2E46BB41): 38
LogDevObjectVersion:   Dev-Framework (CFFC743F-43B0-4480-9391-14DF171D2073): 37
LogDevObjectVersion:   Dev-Mobile (B02B49B5-BB20-44E9-A304-32B752E40360): 2
LogDevObjectVersion:   Dev-Networking (A4E4105C-59A1-49B5-A7C5-40C4547EDFEE): 0
LogDevObjectVersion:   Dev-Online (39C831C9-5AE6-47DC-9A44-9C173E1C8E7C): 0
LogDevObjectVersion:   Dev-Physics (78F01B33-EBEA-4F98-B9B4-84EACCB95AA2): 4
LogDevObjectVersion:   Dev-Platform (6631380F-2D4D-43E0-8009-CF276956A95A): 0
LogDevObjectVersion:   Dev-Rendering (12F88B9F-8875-4AFC-A67C-D90C383ABD29): 43
LogDevObjectVersion:   Dev-Sequencer (7B5AE74C-D270-4C10-A958-57980B212A5A): 12
LogDevObjectVersion:   Dev-VR (D7296918-1DD6-4BDD-9DE2-64A83CC13884): 3
LogDevObjectVersion:   Dev-LoadTimes (C2A15278-BFE7-4AFE-6C17-90FF531DF755): 1
LogDevObjectVersion:   Private-Geometry (6EACA3D4-40EC-4CC1-B786-8BED09428FC5): 3
LogDevObjectVersion:   Dev-AnimPhys (29E575DD-E0A3-4627-9D10-D276232CDCEA): 17
LogDevObjectVersion:   Dev-Anim (AF43A65D-7FD3-4947-9873-3E8ED9C1BB05): 7
LogDevObjectVersion:   Dev-ReflectionCapture (6B266CEC-1EC7-4B8F-A30B-E4D90942FC07): 1
LogDevObjectVersion:   Dev-Automation (0DF73D61-A23F-47EA-B727-89E90C41499A): 1
LogDevObjectVersion:   FortniteMain (601D1886-AC64-4F84-AA16-D3DE0DEAC7D6): 31
LogDevObjectVersion:   Dev-Enterprise (9DFFBCD6-494F-0158-E221-12823C92A888): 10
LogDevObjectVersion:   Dev-Niagara (F2AED0AC-9AFE-416F-8664-AA7FFA26D6FC): 1
LogDevObjectVersion:   Dev-Destruction (174F1F0B-B4C6-45A5-B13F-2EE8D0FB917D): 10
LogDevObjectVersion:   Dev-Physics-Ext (35F94A83-E258-406C-A318-09F59610247C): 37
LogDevObjectVersion:   Dev-PhysicsMaterial-Chaos (B68FC16E-8B1B-42E2-B453-215C058844FE): 1
LogDevObjectVersion:   Dev-CineCamera (B2E18506-4273-CFC2-A54E-F4BB758BBA07): 1
LogInit: Presizing for max 25165824 objects, including 0 objects not considered by GC, pre-allocating 0 bytes for permanent pool.
LogConfig: Applying CVar settings from Section [/Script/Engine.StreamingSettings] File [E:/GameProgramming2/DungeonGenerator/procedural generation for unreal/DungeonGenerator/Saved/Config/Windows/Engine.ini]
LogConfig: Setting CVar [[s.MinBulkDataSizeForAsyncLoading:131072]]
LogConfig: Setting CVar [[s.AsyncLoadingThreadEnabled:0]]
LogConfig: Setting CVar [[s.EventDrivenLoaderEnabled:1]]
LogConfig: Setting CVar [[s.WarnIfTimeLimitExceeded:0]]
LogConfig: Setting CVar [[s.TimeLimitExceededMultiplier:1.5]]
LogConfig: Setting CVar [[s.TimeLimitExceededMinTime:0.005]]
LogConfig: Setting CVar [[s.UseBackgroundLevelStreaming:1]]
LogConfig: Setting CVar [[s.PriorityAsyncLoadingExtraTime:15.0]]
LogConfig: Setting CVar [[s.LevelStreamingActorsUpdateTimeLimit:5.0]]
LogConfig: Setting CVar [[s.PriorityLevelStreamingActorsUpdateExtraTime:5.0]]
LogConfig: Setting CVar [[s.LevelStreamingComponentsRegistrationGranularity:10]]
LogConfig: Setting CVar [[s.UnregisterComponentsTimeLimit:1.0]]
LogConfig: Setting CVar [[s.LevelStreamingComponentsUnregistrationGranularity:5]]
LogConfig: Setting CVar [[s.FlushStreamingOnExit:1]]
LogInit: Object subsystem initialized
LogConfig: Setting CVar [[con.DebugEarlyDefault:1]]
LogConfig: Setting CVar [[r.setres:1280x720]]
[2020.10.04-04.18.05:688][  0]LogConfig: Setting CVar [[r.VSync:0]]
[2020.10.04-04.18.05:688][  0]LogConfig: Setting CVar [[r.RHICmdBypass:0]]
[2020.10.04-04.18.05:688][  0]LogConfig: Applying CVar settings from Section [/Script/Engine.RendererSettings] File [E:/GameProgramming2/DungeonGenerator/procedural generation for unreal/DungeonGenerator/Saved/Config/Windows/Engine.ini]
[2020.10.04-04.18.05:688][  0]LogConfig: Setting CVar [[r.GPUCrashDebugging:0]]
[2020.10.04-04.18.05:688][  0]LogConfig: Applying CVar settings from Section [/Script/Engine.RendererOverrideSettings] File [E:/GameProgramming2/DungeonGenerator/procedural generation for unreal/DungeonGenerator/Saved/Config/Windows/Engine.ini]
[2020.10.04-04.18.05:688][  0]LogConfig: Applying CVar settings from Section [/Script/Engine.StreamingSettings] File [E:/GameProgramming2/DungeonGenerator/procedural generation for unreal/DungeonGenerator/Saved/Config/Windows/Engine.ini]
[2020.10.04-04.18.05:688][  0]LogConfig: Setting CVar [[s.MinBulkDataSizeForAsyncLoading:131072]]
[2020.10.04-04.18.05:688][  0]LogConfig: Setting CVar [[s.AsyncLoadingThreadEnabled:0]]
[2020.10.04-04.18.05:688][  0]LogConfig: Setting CVar [[s.EventDrivenLoaderEnabled:1]]
[2020.10.04-04.18.05:688][  0]LogConfig: Setting CVar [[s.WarnIfTimeLimitExceeded:0]]
[2020.10.04-04.18.05:688][  0]LogConfig: Setting CVar [[s.TimeLimitExceededMultiplier:1.5]]
[2020.10.04-04.18.05:688][  0]LogConfig: Setting CVar [[s.TimeLimitExceededMinTime:0.005]]
[2020.10.04-04.18.05:688][  0]LogConfig: Setting CVar [[s.UseBackgroundLevelStreaming:1]]
[2020.10.04-04.18.05:688][  0]LogConfig: Setting CVar [[s.PriorityAsyncLoadingExtraTime:15.0]]
[2020.10.04-04.18.05:688][  0]LogConfig: Setting CVar [[s.LevelStreamingActorsUpdateTimeLimit:5.0]]
[2020.10.04-04.18.05:688][  0]LogConfig: Setting CVar [[s.PriorityLevelStreamingActorsUpdateExtraTime:5.0]]
[2020.10.04-04.18.05:688][  0]LogConfig: Setting CVar [[s.LevelStreamingComponentsRegistrationGranularity:10]]
[2020.10.04-04.18.05:689][  0]LogConfig: Setting CVar [[s.UnregisterComponentsTimeLimit:1.0]]
[2020.10.04-04.18.05:689][  0]LogConfig: Setting CVar [[s.LevelStreamingComponentsUnregistrationGranularity:5]]
[2020.10.04-04.18.05:689][  0]LogConfig: Setting CVar [[s.FlushStreamingOnExit:1]]
[2020.10.04-04.18.05:689][  0]LogConfig: Applying CVar settings from Section [/Script/Engine.GarbageCollectionSettings] File [E:/GameProgramming2/DungeonGenerator/procedural generation for unreal/DungeonGenerator/Saved/Config/Windows/Engine.ini]
[2020.10.04-04.18.05:689][  0]LogConfig: Setting CVar [[gc.MaxObjectsNotConsideredByGC:1]]
[2020.10.04-04.18.05:689][  0]LogConfig: Setting CVar [[gc.SizeOfPermanentObjectPool:0]]
[2020.10.04-04.18.05:689][  0]LogConfig: Setting CVar [[gc.FlushStreamingOnGC:0]]
[2020.10.04-04.18.05:689][  0]LogConfig: Setting CVar [[gc.NumRetriesBeforeForcingGC:10]]
[2020.10.04-04.18.05:689][  0]LogConfig: Setting CVar [[gc.AllowParallelGC:1]]
[2020.10.04-04.18.05:689][  0]LogConfig: Setting CVar [[gc.TimeBetweenPurgingPendingKillObjects:61.1]]
[2020.10.04-04.18.05:689][  0]LogConfig: Setting CVar [[gc.MaxObjectsInEditor:25165824]]
[2020.10.04-04.18.05:689][  0]LogConfig: Setting CVar [[gc.IncrementalBeginDestroyEnabled:1]]
[2020.10.04-04.18.05:689][  0]LogConfig: Setting CVar [[gc.CreateGCClusters:1]]
[2020.10.04-04.18.05:689][  0]LogConfig: Setting CVar [[gc.MinGCClusterSize:5]]
[2020.10.04-04.18.05:689][  0]LogConfig: Setting CVar [[gc.ActorClusteringEnabled:0]]
[2020.10.04-04.18.05:689][  0]LogConfig: Setting CVar [[gc.BlueprintClusteringEnabled:0]]
[2020.10.04-04.18.05:689][  0]LogConfig: Setting CVar [[gc.UseDisregardForGCOnDedicatedServers:0]]
[2020.10.04-04.18.05:689][  0]LogConfig: Applying CVar settings from Section [/Script/Engine.NetworkSettings] File [E:/GameProgramming2/DungeonGenerator/procedural generation for unreal/DungeonGenerator/Saved/Config/Windows/Engine.ini]
[2020.10.04-04.18.05:690][  0]LogConfig: Applying CVar settings from Section [/Script/UnrealEd.CookerSettings] File [E:/GameProgramming2/DungeonGenerator/procedural generation for unreal/DungeonGenerator/Saved/Config/Windows/Engine.ini]
[2020.10.04-04.18.05:702][  0]LogConfig: Applying CVar settings from Section [ViewDistanceQuality@3] File [E:/GameProgramming2/DungeonGenerator/procedural generation for unreal/DungeonGenerator/Saved/Config/Windows/Scalability.ini]
[2020.10.04-04.18.05:702][  0]LogConfig: Setting CVar [[r.SkeletalMeshLODBias:0]]
[2020.10.04-04.18.05:702][  0]LogConfig: Setting CVar [[r.ViewDistanceScale:1.0]]
[2020.10.04-04.18.05:702][  0]LogConfig: Applying CVar settings from Section [AntiAliasingQuality@3] File [E:/GameProgramming2/DungeonGenerator/procedural generation for unreal/DungeonGenerator/Saved/Config/Windows/Scalability.ini]
[2020.10.04-04.18.05:702][  0]LogConfig: Setting CVar [[r.PostProcessAAQuality:4]]
[2020.10.04-04.18.05:702][  0]LogConfig: Applying CVar settings from Section [ShadowQuality@3] File [E:/GameProgramming2/DungeonGenerator/procedural generation for unreal/DungeonGenerator/Saved/Config/Windows/Scalability.ini]
[2020.10.04-04.18.05:702][  0]LogConfig: Setting CVar [[r.LightFunctionQuality:1]]
[2020.10.04-04.18.05:702][  0]LogConfig: Setting CVar [[r.ShadowQuality:5]]
[2020.10.04-04.18.05:702][  0]LogConfig: Setting CVar [[r.Shadow.CSM.MaxCascades:10]]
[2020.10.04-04.18.05:702][  0]LogConfig: Setting CVar [[r.Shadow.MaxResolution:2048]]
[2020.10.04-04.18.05:702][  0]LogConfig: Setting CVar [[r.Shadow.MaxCSMResolution:2048]]
[2020.10.04-04.18.05:702][  0]LogConfig: Setting CVar [[r.Shadow.RadiusThreshold:0.01]]
[2020.10.04-04.18.05:703][  0]LogConfig: Setting CVar [[r.Shadow.DistanceScale:1.0]]
[2020.10.04-04.18.05:703][  0]LogConfig: Setting CVar [[r.Shadow.CSM.TransitionScale:1.0]]
[2020.10.04-04.18.05:703][  0]LogConfig: Setting CVar [[r.Shadow.PreShadowResolutionFactor:1.0]]
[2020.10.04-04.18.05:703][  0]LogConfig: Setting CVar [[r.DistanceFieldShadowing:1]]
[2020.10.04-04.18.05:703][  0]LogConfig: Setting CVar [[r.DistanceFieldAO:1]]
[2020.10.04-04.18.05:703][  0]LogConfig: Setting CVar [[r.AOQuality:2]]
[2020.10.04-04.18.05:703][  0]LogConfig: Setting CVar [[r.VolumetricFog:1]]
[2020.10.04-04.18.05:703][  0]LogConfig: Setting CVar [[r.VolumetricFog.GridPixelSize:8]]
[2020.10.04-04.18.05:703][  0]LogConfig: Setting CVar [[r.VolumetricFog.GridSizeZ:128]]
[2020.10.04-04.18.05:703][  0]LogConfig: Setting CVar [[r.VolumetricFog.HistoryMissSupersampleCount:4]]
[2020.10.04-04.18.05:703][  0]LogConfig: Setting CVar [[r.LightMaxDrawDistanceScale:1]]
[2020.10.04-04.18.05:703][  0]LogConfig: Setting CVar [[r.CapsuleShadows:1]]
[2020.10.04-04.18.05:703][  0]LogConfig: Applying CVar settings from Section [PostProcessQuality@3] File [E:/GameProgramming2/DungeonGenerator/procedural generation for unreal/DungeonGenerator/Saved/Config/Windows/Scalability.ini]
[2020.10.04-04.18.05:703][  0]LogConfig: Setting CVar [[r.MotionBlurQuality:4]]
[2020.10.04-04.18.05:703][  0]LogConfig: Setting CVar [[r.AmbientOcclusionMipLevelFactor:0.4]]
[2020.10.04-04.18.05:703][  0]LogConfig: Setting CVar [[r.AmbientOcclusionMaxQuality:100]]
[2020.10.04-04.18.05:704][  0]LogConfig: Setting CVar [[r.AmbientOcclusionLevels:-1]]
[2020.10.04-04.18.05:704][  0]LogConfig: Setting CVar [[r.AmbientOcclusionRadiusScale:1.0]]
[2020.10.04-04.18.05:704][  0]LogConfig: Setting CVar [[r.DepthOfFieldQuality:2]]
[2020.10.04-04.18.05:704][  0]LogConfig: Setting CVar [[r.RenderTargetPoolMin:400]]
[2020.10.04-04.18.05:704][  0]LogConfig: Setting CVar [[r.LensFlareQuality:2]]
[2020.10.04-04.18.05:704][  0]LogConfig: Setting CVar [[r.SceneColorFringeQuality:1]]
[2020.10.04-04.18.05:704][  0]LogConfig: Setting CVar [[r.EyeAdaptationQuality:2]]
[2020.10.04-04.18.05:704][  0]LogConfig: Setting CVar [[r.BloomQuality:5]]
[2020.10.04-04.18.05:704][  0]LogConfig: Setting CVar [[r.FastBlurThreshold:100]]
[2020.10.04-04.18.05:704][  0]LogConfig: Setting CVar [[r.Upscale.Quality:3]]
[2020.10.04-04.18.05:704][  0]LogConfig: Setting CVar [[r.Tonemapper.GrainQuantization:1]]
[2020.10.04-04.18.05:704][  0]LogConfig: Setting CVar [[r.LightShaftQuality:1]]
[2020.10.04-04.18.05:704][  0]LogConfig: Setting CVar [[r.Filter.SizeScale:1]]
[2020.10.04-04.18.05:704][  0]LogConfig: Setting CVar [[r.Tonemapper.Quality:5]]
[2020.10.04-04.18.05:704][  0]LogConfig: Setting CVar [[r.DOF.Gather.AccumulatorQuality:1        ; higher gathering accumulator quality]]
[2020.10.04-04.18.05:704][  0]LogConfig: Setting CVar [[r.DOF.Gather.PostfilterMethod:1          ; Median3x3 postfilering method]]
[2020.10.04-04.18.05:704][  0]LogConfig: Setting CVar [[r.DOF.Gather.EnableBokehSettings:0       ; no bokeh simulation when gathering]]
[2020.10.04-04.18.05:704][  0]LogConfig: Setting CVar [[r.DOF.Gather.RingCount:4                 ; medium number of samples when gathering]]
[2020.10.04-04.18.05:704][  0]LogConfig: Setting CVar [[r.DOF.Scatter.ForegroundCompositing:1    ; additive foreground scattering]]
[2020.10.04-04.18.05:704][  0]LogConfig: Setting CVar [[r.DOF.Scatter.BackgroundCompositing:2    ; additive background scattering]]
[2020.10.04-04.18.05:704][  0]LogConfig: Setting CVar [[r.DOF.Scatter.EnableBokehSettings:1      ; bokeh simulation when scattering]]
[2020.10.04-04.18.05:704][  0]LogConfig: Setting CVar [[r.DOF.Scatter.MaxSpriteRatio:0.1         ; only a maximum of 10% of scattered bokeh]]
[2020.10.04-04.18.05:704][  0]LogConfig: Setting CVar [[r.DOF.Recombine.Quality:1                ; cheap slight out of focus]]
[2020.10.04-04.18.05:705][  0]LogConfig: Setting CVar [[r.DOF.Recombine.EnableBokehSettings:0    ; no bokeh simulation on slight out of focus]]
[2020.10.04-04.18.05:705][  0]LogConfig: Setting CVar [[r.DOF.TemporalAAQuality:1                ; more stable temporal accumulation]]
[2020.10.04-04.18.05:705][  0]LogConfig: Setting CVar [[r.DOF.Kernel.MaxForegroundRadius:0.025]]
[2020.10.04-04.18.05:705][  0]LogConfig: Setting CVar [[r.DOF.Kernel.MaxBackgroundRadius:0.025]]
[2020.10.04-04.18.05:705][  0]LogConfig: Applying CVar settings from Section [TextureQuality@3] File [E:/GameProgramming2/DungeonGenerator/procedural generation for unreal/DungeonGenerator/Saved/Config/Windows/Scalability.ini]
[2020.10.04-04.18.05:705][  0]LogConfig: Setting CVar [[r.Streaming.MipBias:0]]
[2020.10.04-04.18.05:705][  0]LogConfig: Setting CVar [[r.Streaming.AmortizeCPUToGPUCopy:0]]
[2020.10.04-04.18.05:705][  0]LogConfig: Setting CVar [[r.Streaming.MaxNumTexturesToStreamPerFrame:0]]
[2020.10.04-04.18.05:705][  0]LogConfig: Setting CVar [[r.Streaming.Boost:1]]
[2020.10.04-04.18.05:705][  0]LogConfig: Setting CVar [[r.MaxAnisotropy:8]]
[2020.10.04-04.18.05:705][  0]LogConfig: Setting CVar [[r.VT.MaxAnisotropy:8]]
[2020.10.04-04.18.05:705][  0]LogConfig: Setting CVar [[r.Streaming.LimitPoolSizeToVRAM:0]]
[2020.10.04-04.18.05:705][  0]LogConfig: Setting CVar [[r.Streaming.PoolSize:1000]]
[2020.10.04-04.18.05:705][  0]LogConfig: Setting CVar [[r.Streaming.MaxEffectiveScreenSize:0]]
[2020.10.04-04.18.05:705][  0]LogConfig: Applying CVar settings from Section [EffectsQuality@3] File [E:/GameProgramming2/DungeonGenerator/procedural generation for unreal/DungeonGenerator/Saved/Config/Windows/Scalability.ini]
[2020.10.04-04.18.05:705][  0]LogConfig: Setting CVar [[r.TranslucencyLightingVolumeDim:64]]
[2020.10.04-04.18.05:706][  0]LogConfig: Setting CVar [[r.RefractionQuality:2]]
[2020.10.04-04.18.05:706][  0]LogConfig: Setting CVar [[r.SSR.Quality:3]]
[2020.10.04-04.18.05:706][  0]LogConfig: Setting CVar [[r.SSR.HalfResSceneColor:0]]
[2020.10.04-04.18.05:706][  0]LogConfig: Setting CVar [[r.SceneColorFormat:4]]
[2020.10.04-04.18.05:706][  0]LogConfig: Setting CVar [[r.DetailMode:2]]
[2020.10.04-04.18.05:706][  0]LogConfig: Setting CVar [[r.TranslucencyVolumeBlur:1]]
[2020.10.04-04.18.05:706][  0]LogConfig: Setting CVar [[r.MaterialQualityLevel:1 ; High quality]]
[2020.10.04-04.18.05:706][  0]LogConfig: Setting CVar [[r.SSS.Scale:1]]
[2020.10.04-04.18.05:706][  0]LogConfig: Setting CVar [[r.SSS.SampleSet:2]]
[2020.10.04-04.18.05:706][  0]LogConfig: Setting CVar [[r.SSS.Quality:1]]
[2020.10.04-04.18.05:706][  0]LogConfig: Setting CVar [[r.SSS.HalfRes:0]]
[2020.10.04-04.18.05:706][  0]LogConfig: Setting CVar [[r.SSGI.Quality:3]]
[2020.10.04-04.18.05:706][  0]LogConfig: Setting CVar [[r.EmitterSpawnRateScale:1.0]]
[2020.10.04-04.18.05:706][  0]LogConfig: Setting CVar [[r.ParticleLightQuality:2]]
[2020.10.04-04.18.05:706][  0]LogConfig: Setting CVar [[r.SkyAtmosphere.AerialPerspectiveLUT.FastApplyOnOpaque:1 ; Always have FastSkyLUT 1 in this case to avoid wrong sky]]
[2020.10.04-04.18.05:706][  0]LogConfig: Setting CVar [[r.SkyAtmosphere.AerialPerspectiveLUT.SampleCountPerSlice:1]]
[2020.10.04-04.18.05:706][  0]LogConfig: Setting CVar [[r.SkyAtmosphere.AerialPerspectiveLUT.DepthResolution:16.0]]
[2020.10.04-04.18.05:707][  0]LogConfig: Setting CVar [[r.SkyAtmosphere.FastSkyLUT:1]]
[2020.10.04-04.18.05:707][  0]LogConfig: Setting CVar [[r.SkyAtmosphere.FastSkyLUT.SampleCountMin:4.0]]
[2020.10.04-04.18.05:707][  0]LogConfig: Setting CVar [[r.SkyAtmosphere.FastSkyLUT.SampleCountMax:32.0]]
[2020.10.04-04.18.05:707][  0]LogConfig: Setting CVar [[r.SkyAtmosphere.SampleCountMin:4.0]]
[2020.10.04-04.18.05:707][  0]LogConfig: Setting CVar [[r.SkyAtmosphere.SampleCountMax:32.0]]
[2020.10.04-04.18.05:707][  0]LogConfig: Setting CVar [[r.SkyAtmosphere.TransmittanceLUT.UseSmallFormat:0]]
[2020.10.04-04.18.05:707][  0]LogConfig: Setting CVar [[r.SkyAtmosphere.TransmittanceLUT.SampleCount:10.0]]
[2020.10.04-04.18.05:707][  0]LogConfig: Setting CVar [[r.SkyAtmosphere.MultiScatteringLUT.SampleCount:15.0]]
[2020.10.04-04.18.05:707][  0]LogConfig: Applying CVar settings from Section [FoliageQuality@3] File [E:/GameProgramming2/DungeonGenerator/procedural generation for unreal/DungeonGenerator/Saved/Config/Windows/Scalability.ini]
[2020.10.04-04.18.05:707][  0]LogConfig: Setting CVar [[foliage.DensityScale:1.0]]
[2020.10.04-04.18.05:707][  0]LogConfig: Setting CVar [[grass.DensityScale:1.0]]
[2020.10.04-04.18.05:707][  0]LogConfig: Applying CVar settings from Section [ShadingQuality@3] File [E:/GameProgramming2/DungeonGenerator/procedural generation for unreal/DungeonGenerator/Saved/Config/Windows/Scalability.ini]
[2020.10.04-04.18.05:707][  0]LogConfig: Setting CVar [[r.HairStrands.SkyLighting.SampleCount:16]]
[2020.10.04-04.18.05:707][  0]LogConfig: Setting CVar [[r.HairStrands.SkyLighting.JitterIntegration:0]]
[2020.10.04-04.18.05:707][  0]LogConfig: Setting CVar [[r.HairStrands.SkyAO.SampleCount:16]]
[2020.10.04-04.18.05:708][  0]LogConfig: Setting CVar [[r.HairStrands.DeepShadow.SuperSampling:0]]
[2020.10.04-04.18.05:708][  0]LogConfig: Setting CVar [[r.HairStrands.VisibilityPPLL:0]]
[2020.10.04-04.18.05:708][  0]LogConfig: Setting CVar [[r.HairStrands.RasterizationScale:0.5]]
[2020.10.04-04.18.05:708][  0]LogConfig: Setting CVar [[r.HairStrands.VelocityRasterizationScale:1]]
[2020.10.04-04.18.05:708][  0]LogInit: Selected Device Profile: [Windows]
[2020.10.04-04.18.05:708][  0]LogInit: Applying CVar settings loaded from the selected device profile: [Windows]
[2020.10.04-04.18.05:708][  0]LogHAL: Display: Platform has ~ 16 GB [17105043456 / 17179869184 / 16], which maps to Larger [LargestMinGB=32, LargerMinGB=12, DefaultMinGB=8, SmallerMinGB=6, SmallestMinGB=0)
[2020.10.04-04.18.05:708][  0]LogInit: Going up to parent DeviceProfile []
[2020.10.04-04.18.05:708][  0]LogConfig: Applying CVar settings from Section [ViewDistanceQuality@3] File [E:/GameProgramming2/DungeonGenerator/procedural generation for unreal/DungeonGenerator/Saved/Config/Windows/Scalability.ini]
[2020.10.04-04.18.05:708][  0]LogConfig: Setting CVar [[r.SkeletalMeshLODBias:0]]
[2020.10.04-04.18.05:708][  0]LogConfig: Setting CVar [[r.ViewDistanceScale:1.0]]
[2020.10.04-04.18.05:708][  0]LogConfig: Applying CVar settings from Section [AntiAliasingQuality@3] File [E:/GameProgramming2/DungeonGenerator/procedural generation for unreal/DungeonGenerator/Saved/Config/Windows/Scalability.ini]
[2020.10.04-04.18.05:708][  0]LogConfig: Setting CVar [[r.PostProcessAAQuality:4]]
[2020.10.04-04.18.05:709][  0]LogConfig: Applying CVar settings from Section [ShadowQuality@3] File [E:/GameProgramming2/DungeonGenerator/procedural generation for unreal/DungeonGenerator/Saved/Config/Windows/Scalability.ini]
[2020.10.04-04.18.05:709][  0]LogConfig: Setting CVar [[r.LightFunctionQuality:1]]
[2020.10.04-04.18.05:709][  0]LogConfig: Setting CVar [[r.ShadowQuality:5]]
[2020.10.04-04.18.05:709][  0]LogConfig: Setting CVar [[r.Shadow.CSM.MaxCascades:10]]
[2020.10.04-04.18.05:709][  0]LogConfig: Setting CVar [[r.Shadow.MaxResolution:2048]]
[2020.10.04-04.18.05:709][  0]LogConfig: Setting CVar [[r.Shadow.MaxCSMResolution:2048]]
[2020.10.04-04.18.05:709][  0]LogConfig: Setting CVar [[r.Shadow.RadiusThreshold:0.01]]
[2020.10.04-04.18.05:709][  0]LogConfig: Setting CVar [[r.Shadow.DistanceScale:1.0]]
[2020.10.04-04.18.05:709][  0]LogConfig: Setting CVar [[r.Shadow.CSM.TransitionScale:1.0]]
[2020.10.04-04.18.05:709][  0]LogConfig: Setting CVar [[r.Shadow.PreShadowResolutionFactor:1.0]]
[2020.10.04-04.18.05:709][  0]LogConfig: Setting CVar [[r.DistanceFieldShadowing:1]]
[2020.10.04-04.18.05:709][  0]LogConfig: Setting CVar [[r.DistanceFieldAO:1]]
[2020.10.04-04.18.05:709][  0]LogConfig: Setting CVar [[r.AOQuality:2]]
[2020.10.04-04.18.05:709][  0]LogConfig: Setting CVar [[r.VolumetricFog:1]]
[2020.10.04-04.18.05:709][  0]LogConfig: Setting CVar [[r.VolumetricFog.GridPixelSize:8]]
[2020.10.04-04.18.05:709][  0]LogConfig: Setting CVar [[r.VolumetricFog.GridSizeZ:128]]
[2020.10.04-04.18.05:710][  0]LogConfig: Setting CVar [[r.VolumetricFog.HistoryMissSupersampleCount:4]]
[2020.10.04-04.18.05:710][  0]LogConfig: Setting CVar [[r.LightMaxDrawDistanceScale:1]]
[2020.10.04-04.18.05:710][  0]LogConfig: Setting CVar [[r.CapsuleShadows:1]]
[2020.10.04-04.18.05:710][  0]LogConfig: Applying CVar settings from Section [PostProcessQuality@3] File [E:/GameProgramming2/DungeonGenerator/procedural generation for unreal/DungeonGenerator/Saved/Config/Windows/Scalability.ini]
[2020.10.04-04.18.05:710][  0]LogConfig: Setting CVar [[r.MotionBlurQuality:4]]
[2020.10.04-04.18.05:710][  0]LogConfig: Setting CVar [[r.AmbientOcclusionMipLevelFactor:0.4]]
[2020.10.04-04.18.05:710][  0]LogConfig: Setting CVar [[r.AmbientOcclusionMaxQuality:100]]
[2020.10.04-04.18.05:710][  0]LogConfig: Setting CVar [[r.AmbientOcclusionLevels:-1]]
[2020.10.04-04.18.05:710][  0]LogConfig: Setting CVar [[r.AmbientOcclusionRadiusScale:1.0]]
[2020.10.04-04.18.05:710][  0]LogConfig: Setting CVar [[r.DepthOfFieldQuality:2]]
[2020.10.04-04.18.05:710][  0]LogConfig: Setting CVar [[r.RenderTargetPoolMin:400]]
[2020.10.04-04.18.05:710][  0]LogConfig: Setting CVar [[r.LensFlareQuality:2]]
[2020.10.04-04.18.05:710][  0]LogConfig: Setting CVar [[r.SceneColorFringeQuality:1]]
[2020.10.04-04.18.05:710][  0]LogConfig: Setting CVar [[r.EyeAdaptationQuality:2]]
[2020.10.04-04.18.05:710][  0]LogConfig: Setting CVar [[r.BloomQuality:5]]
[2020.10.04-04.18.05:710][  0]LogConfig: Setting CVar [[r.FastBlurThreshold:100]]
[2020.10.04-04.18.05:710][  0]LogConfig: Setting CVar [[r.Upscale.Quality:3]]
[2020.10.04-04.18.05:710][  0]LogConfig: Setting CVar [[r.Tonemapper.GrainQuantization:1]]
[2020.10.04-04.18.05:711][  0]LogConfig: Setting CVar [[r.LightShaftQuality:1]]
[2020.10.04-04.18.05:711][  0]LogConfig: Setting CVar [[r.Filter.SizeScale:1]]
[2020.10.04-04.18.05:711][  0]LogConfig: Setting CVar [[r.Tonemapper.Quality:5]]
[2020.10.04-04.18.05:711][  0]LogConfig: Setting CVar [[r.DOF.Gather.AccumulatorQuality:1        ; higher gathering accumulator quality]]
[2020.10.04-04.18.05:711][  0]LogConfig: Setting CVar [[r.DOF.Gather.PostfilterMethod:1          ; Median3x3 postfilering method]]
[2020.10.04-04.18.05:711][  0]LogConfig: Setting CVar [[r.DOF.Gather.EnableBokehSettings:0       ; no bokeh simulation when gathering]]
[2020.10.04-04.18.05:711][  0]LogConfig: Setting CVar [[r.DOF.Gather.RingCount:4                 ; medium number of samples when gathering]]
[2020.10.04-04.18.05:711][  0]LogConfig: Setting CVar [[r.DOF.Scatter.ForegroundCompositing:1    ; additive foreground scattering]]
[2020.10.04-04.18.05:711][  0]LogConfig: Setting CVar [[r.DOF.Scatter.BackgroundCompositing:2    ; additive background scattering]]
[2020.10.04-04.18.05:711][  0]LogConfig: Setting CVar [[r.DOF.Scatter.EnableBokehSettings:1      ; bokeh simulation when scattering]]
[2020.10.04-04.18.05:711][  0]LogConfig: Setting CVar [[r.DOF.Scatter.MaxSpriteRatio:0.1         ; only a maximum of 10% of scattered bokeh]]
[2020.10.04-04.18.05:711][  0]LogConfig: Setting CVar [[r.DOF.Recombine.Quality:1                ; cheap slight out of focus]]
[2020.10.04-04.18.05:711][  0]LogConfig: Setting CVar [[r.DOF.Recombine.EnableBokehSettings:0    ; no bokeh simulation on slight out of focus]]
[2020.10.04-04.18.05:711][  0]LogConfig: Setting CVar [[r.DOF.TemporalAAQuality:1                ; more stable temporal accumulation]]
[2020.10.04-04.18.05:711][  0]LogConfig: Setting CVar [[r.DOF.Kernel.MaxForegroundRadius:0.025]]
[2020.10.04-04.18.05:711][  0]LogConfig: Setting CVar [[r.DOF.Kernel.MaxBackgroundRadius:0.025]]
[2020.10.04-04.18.05:711][  0]LogConfig: Applying CVar settings from Section [TextureQuality@3] File [E:/GameProgramming2/DungeonGenerator/procedural generation for unreal/DungeonGenerator/Saved/Config/Windows/Scalability.ini]
[2020.10.04-04.18.05:711][  0]LogConfig: Setting CVar [[r.Streaming.MipBias:0]]
[2020.10.04-04.18.05:712][  0]LogConfig: Setting CVar [[r.Streaming.AmortizeCPUToGPUCopy:0]]
[2020.10.04-04.18.05:712][  0]LogConfig: Setting CVar [[r.Streaming.MaxNumTexturesToStreamPerFrame:0]]
[2020.10.04-04.18.05:712][  0]LogConfig: Setting CVar [[r.Streaming.Boost:1]]
[2020.10.04-04.18.05:712][  0]LogConfig: Setting CVar [[r.MaxAnisotropy:8]]
[2020.10.04-04.18.05:712][  0]LogConfig: Setting CVar [[r.VT.MaxAnisotropy:8]]
[2020.10.04-04.18.05:712][  0]LogConfig: Setting CVar [[r.Streaming.LimitPoolSizeToVRAM:0]]
[2020.10.04-04.18.05:712][  0]LogConfig: Setting CVar [[r.Streaming.PoolSize:1000]]
[2020.10.04-04.18.05:712][  0]LogConfig: Setting CVar [[r.Streaming.MaxEffectiveScreenSize:0]]
[2020.10.04-04.18.05:712][  0]LogConfig: Applying CVar settings from Section [EffectsQuality@3] File [E:/GameProgramming2/DungeonGenerator/procedural generation for unreal/DungeonGenerator/Saved/Config/Windows/Scalability.ini]
[2020.10.04-04.18.05:712][  0]LogConfig: Setting CVar [[r.TranslucencyLightingVolumeDim:64]]
[2020.10.04-04.18.05:712][  0]LogConfig: Setting CVar [[r.RefractionQuality:2]]
[2020.10.04-04.18.05:712][  0]LogConfig: Setting CVar [[r.SSR.Quality:3]]
[2020.10.04-04.18.05:712][  0]LogConfig: Setting CVar [[r.SSR.HalfResSceneColor:0]]
[2020.10.04-04.18.05:712][  0]LogConfig: Setting CVar [[r.SceneColorFormat:4]]
[2020.10.04-04.18.05:712][  0]LogConfig: Setting CVar [[r.DetailMode:2]]
[2020.10.04-04.18.05:712][  0]LogConfig: Setting CVar [[r.TranslucencyVolumeBlur:1]]
[2020.10.04-04.18.05:712][  0]LogConfig: Setting CVar [[r.MaterialQualityLevel:1 ; High quality]]
[2020.10.04-04.18.05:713][  0]LogConfig: Setting CVar [[r.SSS.Scale:1]]
[2020.10.04-04.18.05:713][  0]LogConfig: Setting CVar [[r.SSS.SampleSet:2]]
[2020.10.04-04.18.05:713][  0]LogConfig: Setting CVar [[r.SSS.Quality:1]]
[2020.10.04-04.18.05:713][  0]LogConfig: Setting CVar [[r.SSS.HalfRes:0]]
[2020.10.04-04.18.05:713][  0]LogConfig: Setting CVar [[r.SSGI.Quality:3]]
[2020.10.04-04.18.05:713][  0]LogConfig: Setting CVar [[r.EmitterSpawnRateScale:1.0]]
[2020.10.04-04.18.05:713][  0]LogConfig: Setting CVar [[r.ParticleLightQuality:2]]
[2020.10.04-04.18.05:713][  0]LogConfig: Setting CVar [[r.SkyAtmosphere.AerialPerspectiveLUT.FastApplyOnOpaque:1 ; Always have FastSkyLUT 1 in this case to avoid wrong sky]]
[2020.10.04-04.18.05:713][  0]LogConfig: Setting CVar [[r.SkyAtmosphere.AerialPerspectiveLUT.SampleCountPerSlice:1]]
[2020.10.04-04.18.05:713][  0]LogConfig: Setting CVar [[r.SkyAtmosphere.AerialPerspectiveLUT.DepthResolution:16.0]]
[2020.10.04-04.18.05:713][  0]LogConfig: Setting CVar [[r.SkyAtmosphere.FastSkyLUT:1]]
[2020.10.04-04.18.05:713][  0]LogConfig: Setting CVar [[r.SkyAtmosphere.FastSkyLUT.SampleCountMin:4.0]]
[2020.10.04-04.18.05:713][  0]LogConfig: Setting CVar [[r.SkyAtmosphere.FastSkyLUT.SampleCountMax:32.0]]
[2020.10.04-04.18.05:713][  0]LogConfig: Setting CVar [[r.SkyAtmosphere.SampleCountMin:4.0]]
[2020.10.04-04.18.05:713][  0]LogConfig: Setting CVar [[r.SkyAtmosphere.SampleCountMax:32.0]]
[2020.10.04-04.18.05:713][  0]LogConfig: Setting CVar [[r.SkyAtmosphere.TransmittanceLUT.UseSmallFormat:0]]
[2020.10.04-04.18.05:714][  0]LogConfig: Setting CVar [[r.SkyAtmosphere.TransmittanceLUT.SampleCount:10.0]]
[2020.10.04-04.18.05:714][  0]LogConfig: Setting CVar [[r.SkyAtmosphere.MultiScatteringLUT.SampleCount:15.0]]
[2020.10.04-04.18.05:714][  0]LogConfig: Applying CVar settings from Section [FoliageQuality@3] File [E:/GameProgramming2/DungeonGenerator/procedural generation for unreal/DungeonGenerator/Saved/Config/Windows/Scalability.ini]
[2020.10.04-04.18.05:714][  0]LogConfig: Setting CVar [[foliage.DensityScale:1.0]]
[2020.10.04-04.18.05:714][  0]LogConfig: Setting CVar [[grass.DensityScale:1.0]]
[2020.10.04-04.18.05:714][  0]LogConfig: Applying CVar settings from Section [ShadingQuality@3] File [E:/GameProgramming2/DungeonGenerator/procedural generation for unreal/DungeonGenerator/Saved/Config/Windows/Scalability.ini]
[2020.10.04-04.18.05:714][  0]LogConfig: Setting CVar [[r.HairStrands.SkyLighting.SampleCount:16]]
[2020.10.04-04.18.05:714][  0]LogConfig: Setting CVar [[r.HairStrands.SkyLighting.JitterIntegration:0]]
[2020.10.04-04.18.05:714][  0]LogConfig: Setting CVar [[r.HairStrands.SkyAO.SampleCount:16]]
[2020.10.04-04.18.05:714][  0]LogConfig: Setting CVar [[r.HairStrands.DeepShadow.SuperSampling:0]]
[2020.10.04-04.18.05:714][  0]LogConfig: Setting CVar [[r.HairStrands.VisibilityPPLL:0]]
[2020.10.04-04.18.05:714][  0]LogConfig: Setting CVar [[r.HairStrands.RasterizationScale:0.5]]
[2020.10.04-04.18.05:714][  0]LogConfig: Setting CVar [[r.HairStrands.VelocityRasterizationScale:1]]
[2020.10.04-04.18.05:714][  0]LogConfig: Applying CVar settings from Section [Startup] File [../../../Engine/Config/ConsoleVariables.ini]
[2020.10.04-04.18.05:715][  0]LogConfig: Setting CVar [[net.UseAdaptiveNetUpdateFrequency:0]]
[2020.10.04-04.18.05:715][  0]LogConfig: Setting CVar [[p.chaos.AllowCreatePhysxBodies:1]]
[2020.10.04-04.18.05:715][  0]LogConfig: Setting CVar [[fx.SkipVectorVMBackendOptimizations:1]]
[2020.10.04-04.18.05:715][  0]LogConfig: Applying CVar settings from Section [ConsoleVariables] File [E:/GameProgramming2/DungeonGenerator/procedural generation for unreal/DungeonGenerator/Saved/Config/Windows/Engine.ini]
[2020.10.04-04.18.05:715][  0]LogInit: Computer: DESKTOP-7A4L19L
[2020.10.04-04.18.05:715][  0]LogInit: User: balaj
[2020.10.04-04.18.05:715][  0]LogInit: CPU Page size=4096, Cores=8
[2020.10.04-04.18.05:715][  0]LogInit: High frequency timer resolution =10.000000 MHz
[2020.10.04-04.18.05:715][  0]LogMemory: Memory total: Physical=15.9GB (16GB approx)
[2020.10.04-04.18.05:715][  0]LogMemory: Platform Memory Stats for Windows
[2020.10.04-04.18.05:715][  0]LogMemory: Process Physical Memory: 119.02 MB used, 119.02 MB peak
[2020.10.04-04.18.05:715][  0]LogMemory: Process Virtual Memory: 101.84 MB used, 101.84 MB peak
[2020.10.04-04.18.05:715][  0]LogMemory: Physical Memory: 11652.12 MB used,  4660.52 MB free, 16312.64 MB total
[2020.10.04-04.18.05:715][  0]LogMemory: Virtual Memory: 5226.23 MB used,  134212504.00 MB free, 134217728.00 MB total
[2020.10.04-04.18.06:009][  0]LogWindows: WindowsPlatformFeatures enabled
[2020.10.04-04.18.06:216][  0]LogInit: Physics initialised using underlying interface: PhysX
[2020.10.04-04.18.06:217][  0]LogInit: Using OS detected language (en-US).
[2020.10.04-04.18.06:218][  0]LogInit: Using OS detected locale (en-US).
[2020.10.04-04.18.06:219][  0]LogTextLocalizationManager: No specific localization for 'en-US' exists, so the 'en' localization will be used.
[2020.10.04-04.18.06:394][  0]LogInit: Setting process to per monitor DPI aware
[2020.10.04-04.18.06:463][  0]LogSlate: New Slate User Created.  User Index 0, Is Virtual User: 0
[2020.10.04-04.18.06:463][  0]LogSlate: Slate User Registered.  User Index 0, Is Virtual User: 0
[2020.10.04-04.18.06:584][  0]LogHMD: Failed to initialize OpenVR with code 110
[2020.10.04-04.18.06:584][  0]LogD3D11RHI: D3D11 min allowed feature level: 11_0
[2020.10.04-04.18.06:584][  0]LogD3D11RHI: D3D11 max allowed feature level: 11_0
[2020.10.04-04.18.06:584][  0]LogD3D11RHI: D3D11 adapters:
[2020.10.04-04.18.06:678][  0]LogD3D11RHI:    0. 'NVIDIA GeForce RTX 2080 SUPER' (Feature Level 11_0)
[2020.10.04-04.18.06:678][  0]LogD3D11RHI:       8010/0/8156 MB DedicatedVideo/DedicatedSystem/SharedSystem, Outputs:3, VendorId:0x10de
[2020.10.04-04.18.06:683][  0]LogD3D11RHI:    1. 'Microsoft Basic Render Driver' (Feature Level 11_0)
[2020.10.04-04.18.06:683][  0]LogD3D11RHI:       0/0/8156 MB DedicatedVideo/DedicatedSystem/SharedSystem, Outputs:0, VendorId:0x1414
[2020.10.04-04.18.06:683][  0]LogD3D11RHI: Chosen D3D11 Adapter: 0
[2020.10.04-04.18.06:694][  0]LogD3D11RHI: Creating new Direct3DDevice
[2020.10.04-04.18.06:695][  0]LogD3D11RHI:     GPU DeviceId: 0x1e81 (for the marketing name, search the web for "GPU Device Id")
[2020.10.04-04.18.06:695][  0]LogWindows: EnumDisplayDevices:
[2020.10.04-04.18.06:695][  0]LogWindows:    0. 'NVIDIA GeForce RTX 2080 SUPER' (P:0 D:1)
[2020.10.04-04.18.06:695][  0]LogWindows:    1. 'NVIDIA GeForce RTX 2080 SUPER' (P:1 D:1)
[2020.10.04-04.18.06:696][  0]LogWindows:    2. 'NVIDIA GeForce RTX 2080 SUPER' (P:0 D:1)
[2020.10.04-04.18.06:696][  0]LogWindows:    3. 'NVIDIA GeForce RTX 2080 SUPER' (P:0 D:0)
[2020.10.04-04.18.06:696][  0]LogWindows: DebugString: FoundDriverCount:4 
[2020.10.04-04.18.06:696][  0]LogD3D11RHI:     Adapter Name: NVIDIA GeForce RTX 2080 SUPER
[2020.10.04-04.18.06:696][  0]LogD3D11RHI:   Driver Version: 451.67 (internal:27.21.14.5167, unified:451.67)
[2020.10.04-04.18.06:696][  0]LogD3D11RHI:      Driver Date: 7-5-2020
[2020.10.04-04.18.06:696][  0]LogRHI: Texture pool is 5607 MB (70% of 8010 MB)
[2020.10.04-04.18.06:756][  0]LogD3D11RHI: RHI has support for 64 bit atomics
[2020.10.04-04.18.06:758][  0]LogD3D11RHI: [Aftermath] Enabled and primed
[2020.10.04-04.18.06:759][  0]LogD3D11RHI: Async texture creation enabled
[2020.10.04-04.18.06:759][  0]LogD3D11RHI: Array index from any shader is supported
[2020.10.04-04.18.06:794][  0]LogD3D11RHI: GPU Timing Frequency: 1000.000000 (Debug: 2 2)
[2020.10.04-04.18.07:038][  0]LogTargetPlatformManager: Display: Loaded TargetPlatform 'AllDesktop'
[2020.10.04-04.18.07:059][  0]LogTargetPlatformManager: Display: Loaded TargetPlatform 'Android'
[2020.10.04-04.18.07:059][  0]LogTargetPlatformManager: Display: Loaded TargetPlatform 'Android_ASTC'
[2020.10.04-04.18.07:059][  0]LogTargetPlatformManager: Display: Loaded TargetPlatform 'Android_DXT'
[2020.10.04-04.18.07:059][  0]LogTargetPlatformManager: Display: Loaded TargetPlatform 'Android_ETC2'
[2020.10.04-04.18.07:059][  0]LogTargetPlatformManager: Display: Loaded TargetPlatform 'AndroidClient'
[2020.10.04-04.18.07:059][  0]LogTargetPlatformManager: Display: Loaded TargetPlatform 'Android_ASTCClient'
[2020.10.04-04.18.07:059][  0]LogTargetPlatformManager: Display: Loaded TargetPlatform 'Android_DXTClient'
[2020.10.04-04.18.07:059][  0]LogTargetPlatformManager: Display: Loaded TargetPlatform 'Android_ETC2Client'
[2020.10.04-04.18.07:059][  0]LogTargetPlatformManager: Display: Loaded TargetPlatform 'Android_Multi'
[2020.10.04-04.18.07:059][  0]LogTargetPlatformManager: Display: Loaded TargetPlatform 'Android_MultiClient'
[2020.10.04-04.18.07:088][  0]LogTargetPlatformManager: Display: Loaded TargetPlatform 'IOSClient'
[2020.10.04-04.18.07:088][  0]LogTargetPlatformManager: Display: Loaded TargetPlatform 'IOS'
[2020.10.04-04.18.07:099][  0]LogTargetPlatformManager: Display: Loaded TargetPlatform 'Linux'
[2020.10.04-04.18.07:108][  0]LogTargetPlatformManager: Display: Loaded TargetPlatform 'LinuxNoEditor'
[2020.10.04-04.18.07:119][  0]LogTargetPlatformManager: Display: Loaded TargetPlatform 'LinuxClient'
[2020.10.04-04.18.07:129][  0]LogTargetPlatformManager: Display: Loaded TargetPlatform 'LinuxServer'
[2020.10.04-04.18.07:139][  0]LogTargetPlatformManager: Display: Loaded TargetPlatform 'LinuxAArch64NoEditor'
[2020.10.04-04.18.07:149][  0]LogTargetPlatformManager: Display: Loaded TargetPlatform 'LinuxAArch64Client'
[2020.10.04-04.18.07:159][  0]LogTargetPlatformManager: Display: Loaded TargetPlatform 'LinuxAArch64Server'
[2020.10.04-04.18.07:185][  0]LogTargetPlatformManager: Display: Loaded TargetPlatform 'Lumin'
[2020.10.04-04.18.07:185][  0]LogTargetPlatformManager: Display: Loaded TargetPlatform 'LuminClient'
[2020.10.04-04.18.07:200][  0]LogTargetPlatformManager: Display: Loaded TargetPlatform 'TVOSClient'
[2020.10.04-04.18.07:200][  0]LogTargetPlatformManager: Display: Loaded TargetPlatform 'TVOS'
[2020.10.04-04.18.07:210][  0]LogTargetPlatformManager: Display: Loaded TargetPlatform 'WindowsNoEditor'
[2020.10.04-04.18.07:221][  0]LogTargetPlatformManager: Display: Loaded TargetPlatform 'Windows'
[2020.10.04-04.18.07:231][  0]LogTargetPlatformManager: Display: Loaded TargetPlatform 'WindowsClient'
[2020.10.04-04.18.07:241][  0]LogTargetPlatformManager: Display: Loaded TargetPlatform 'WindowsServer'
[2020.10.04-04.18.07:241][  0]LogTargetPlatformManager: Display: Building Assets For Windows
[2020.10.04-04.18.07:259][  0]LogAudioDebug: Display: Lib vorbis DLL was dynamically loaded.
[2020.10.04-04.18.07:367][  0]LogShaderCompilers: Guid format shader working directory is -53 characters bigger than the processId version (../../../../../GameProgramming2/DungeonGenerator/procedural generation for unreal/DungeonGenerator/Intermediate/Shaders/WorkingDirectory/32132/).
[2020.10.04-04.18.07:367][  0]LogShaderCompilers: Cleaned the shader compiler working directory 'C:/Users/balaj/AppData/Local/Temp/UnrealShaderWorkingDir/A6DB05D04EEAA34DB72DA194196ACE92/'.
[2020.10.04-04.18.07:367][  0]LogXGEController: Cleaning working directory: C:/Users/balaj/AppData/Local/Temp/UnrealXGEWorkingDir/
[2020.10.04-04.18.07:368][  0]LogXGEController: Cannot use XGE Controller as Incredibuild is not installed on this machine.
[2020.10.04-04.18.07:368][  0]LogShaderCompilers: Cannot use XGE Shader Compiler as Incredibuild is not installed on this machine.
[2020.10.04-04.18.07:368][  0]LogShaderCompilers: Display: Using Local Shader Compiler.
[2020.10.04-04.18.08:001][  0]LogDerivedDataCache: Display: Max Cache Size: 512 MB
[2020.10.04-04.18.08:046][  0]LogDerivedDataCache: Loaded boot cache 0.05s 79MB C:/Users/balaj/AppData/Local/UnrealEngine/4.25/DerivedDataCache/Boot.ddc.
[2020.10.04-04.18.08:046][  0]LogDerivedDataCache: Display: Loaded Boot cache: C:/Users/balaj/AppData/Local/UnrealEngine/4.25/DerivedDataCache/Boot.ddc
[2020.10.04-04.18.08:047][  0]LogDerivedDataCache: FDerivedDataBackendGraph:  Pak pak cache file ../../../../../GameProgramming2/DungeonGenerator/procedural generation for unreal/DungeonGenerator/DerivedDataCache/DDC.ddp not found, will not use a pak cache.
[2020.10.04-04.18.08:047][  0]LogDerivedDataCache: Unable to find inner node Pak for hierarchical cache Hierarchy.
[2020.10.04-04.18.08:047][  0]LogDerivedDataCache: FDerivedDataBackendGraph:  CompressedPak pak cache file ../../../../../GameProgramming2/DungeonGenerator/procedural generation for unreal/DungeonGenerator/DerivedDataCache/Compressed.ddp not found, will not use a pak cache.
[2020.10.04-04.18.08:047][  0]LogDerivedDataCache: Unable to find inner node CompressedPak for hierarchical cache Hierarchy.
[2020.10.04-04.18.08:056][  0]LogDerivedDataCache: Display: Pak cache opened for reading ../../../Engine/DerivedDataCache/Compressed.ddp.
[2020.10.04-04.18.08:057][  0]LogDerivedDataCache: FDerivedDataBackendGraph:  EnterprisePak pak cache file ../../../Enterprise/DerivedDataCache/Compressed.ddp not found, will not use a pak cache.
[2020.10.04-04.18.08:057][  0]LogDerivedDataCache: Unable to find inner node EnterprisePak for hierarchical cache Hierarchy.
[2020.10.04-04.18.08:059][  0]LogDerivedDataCache: Using Local data cache path C:/Users/balaj/AppData/Local/UnrealEngine/Common/DerivedDataCache: Writable
[2020.10.04-04.18.08:059][  0]LogDerivedDataCache: Shared data cache path not found in *engine.ini, will not use an Shared cache.
[2020.10.04-04.18.08:059][  0]LogDerivedDataCache: Unable to find inner node Shared for hierarchical cache Hierarchy.
[2020.10.04-04.18.08:102][  0]LogSlate: Using FreeType 2.10.0
[2020.10.04-04.18.08:103][  0]LogSlate: SlateFontServices - WITH_FREETYPE: 1, WITH_HARFBUZZ: 1
[2020.10.04-04.18.08:125][  0]LogAssetRegistry: FAssetRegistry took 0.0043 seconds to start up
[2020.10.04-04.18.08:332][  0]LogInit: Selected Device Profile: [Windows]
[2020.10.04-04.18.08:457][  0]LogMeshReduction: Using QuadricMeshReduction for automatic static mesh reduction
[2020.10.04-04.18.08:458][  0]LogMeshReduction: Using SimplygonMeshReduction for automatic skeletal mesh reduction
[2020.10.04-04.18.08:458][  0]LogMeshReduction: Using ProxyLODMeshReduction for automatic mesh merging
[2020.10.04-04.18.08:458][  0]LogMeshReduction: No distributed automatic mesh merging module available
[2020.10.04-04.18.08:458][  0]LogMeshMerging: No distributed automatic mesh merging module available
[2020.10.04-04.18.08:480][  0]LogNetVersion: DungeonGenerator 1.0.0, NetCL: 13144385, EngineNetVer: 14, GameNetVer: 0 (Checksum: 1437415712)
[2020.10.04-04.18.08:810][  0]LogAISub: UAISubsystem::UAISubsystem AISubsystem (000001B8560C9BC0), frame # 0
[2020.10.04-04.18.08:810][  0]LogAISub: UAISubsystem::UAISubsystem AIPerceptionSystem (000001B8560191C0), frame # 0
[2020.10.04-04.18.08:812][  0]LogAISub: UAISubsystem::UAISubsystem EnvQueryManager (000001B856055E00), frame # 0
[2020.10.04-04.18.08:871][  0]LogPackageLocalizationCache: Processed 19 localized package path(s) for 1 prioritized culture(s) in 0.052555 seconds
[2020.10.04-04.18.08:877][  0]LogUObjectArray: 15917 objects as part of root set at end of initial load.
[2020.10.04-04.18.08:877][  0]LogUObjectAllocator: 3965568 out of 0 bytes used by permanent object pool.
[2020.10.04-04.18.08:877][  0]LogUObjectArray: CloseDisregardForGC: 0/0 objects in disregard for GC pool
[2020.10.04-04.18.09:337][  0]LogTcpMessaging: Initializing TcpMessaging bridge
[2020.10.04-04.18.09:346][  0]LogUdpMessaging: Initializing bridge on interface 0.0.0.0:0 to multicast group 230.0.0.1:6666.
[2020.10.04-04.18.09:493][  0]SourceControl: Source control is disabled
[2020.10.04-04.18.09:493][  0]SourceControl: Source control is disabled
[2020.10.04-04.18.09:499][  0]SourceControl: Source control is disabled
[2020.10.04-04.18.09:503][  0]SourceControl: Source control is disabled
[2020.10.04-04.18.09:514][  0]SourceControl: Source control is disabled
[2020.10.04-04.18.09:922][  0]LogAndroidPermission: UAndroidPermissionCallbackProxy::GetInstance
[2020.10.04-04.18.09:963][  0]LogAudioCaptureCore: Display: No Audio Capture implementations found. Audio input will be silent.
[2020.10.04-04.18.09:964][  0]LogAudioCaptureCore: Display: No Audio Capture implementations found. Audio input will be silent.
[2020.10.04-04.18.10:046][  0]LogOcInput: OculusInput pre-init called
[2020.10.04-04.18.10:273][  0]LogEngine: Initializing Engine...
[2020.10.04-04.18.10:274][  0]LogHMD: Failed to initialize OpenVR with code 110
[2020.10.04-04.18.10:274][  0]LogMagicLeap: Warning: VR disabled because ZI is not enabled.  To enable, in the editor, Edit -> Project Settings -> Plugins -> Magic Leap Plugin -> Enable Zero Iteration
[2020.10.04-04.18.10:275][  0]LogStats: UGameplayTagsManager::InitializeManager -  0.000 s
[2020.10.04-04.18.10:365][  0]LogInit: Initializing FReadOnlyCVARCache
[2020.10.04-04.18.10:373][  0]LogAIModule: Creating AISystem for world Untitled
[2020.10.04-04.18.10:373][  0]LogAISub: UAISubsystem::UAISubsystem EnvQueryManager (000001B85EBF3C00), frame # 0
[2020.10.04-04.18.10:373][  0]LogAISub: UAISubsystem::UAISubsystem AIPerceptionSystem (000001B85EC23100), frame # 0
[2020.10.04-04.18.10:387][  0]LogAudioMixer: Display: Audio Mixer Platform Settings:
[2020.10.04-04.18.10:387][  0]LogAudioMixer: Display: 	Sample Rate:						  48000
[2020.10.04-04.18.10:387][  0]LogAudioMixer: Display: 	Callback Buffer Frame Size Requested: 1024
[2020.10.04-04.18.10:387][  0]LogAudioMixer: Display: 	Callback Buffer Frame Size To Use:	  1024
[2020.10.04-04.18.10:387][  0]LogAudioMixer: Display: 	Number of buffers to queue:			  2
[2020.10.04-04.18.10:387][  0]LogAudioMixer: Display: 	Max Channels (voices):				  32
[2020.10.04-04.18.10:387][  0]LogAudioMixer: Display: 	Number of Async Source Workers:		  0
[2020.10.04-04.18.10:387][  0]LogAudio: Display: AudioDevice MaxSources: 32
[2020.10.04-04.18.10:388][  0]LogAudio: Display: Using built-in audio occlusion.
[2020.10.04-04.18.10:388][  0]LogAudioMixer: Display: Initializing audio mixer.
[2020.10.04-04.18.10:491][  0]LogAudioMixer: Display: 0: FrontLeft
[2020.10.04-04.18.10:491][  0]LogAudioMixer: Display: 1: FrontRight
[2020.10.04-04.18.10:545][  0]LogAudioMixer: Display: Using Audio Device Headset Earphone (HyperX Virtual Surround Sound)
[2020.10.04-04.18.10:549][  0]LogAudioMixer: Display: Initializing Sound Submixes...
[2020.10.04-04.18.10:551][  0]LogAudioMixer: Display: Creating Master Submix 'MasterSubmixDefault'
[2020.10.04-04.18.10:551][  0]LogAudioMixer: Display: Creating Master Submix 'MasterReverbSubmixDefault'
[2020.10.04-04.18.10:552][  0]LogAudioMixer: Display: Creating Master Submix 'MasterEQSubmixDefault'
[2020.10.04-04.18.10:553][  0]LogInit: FAudioDevice initialized.
[2020.10.04-04.18.10:554][  0]LogNetVersion: Set ProjectVersion to 1.0.0.0. Version Checksum will be recalculated on next use.
[2020.10.04-04.18.10:604][  0]LogDerivedDataCache: Saved boot cache 0.05s 79MB C:/Users/balaj/AppData/Local/UnrealEngine/4.25/DerivedDataCache/Boot.ddc.
[2020.10.04-04.18.10:608][  0]LogInit: Texture streaming: Enabled
[2020.10.04-04.18.10:631][  0]LogEngineSessionManager: EngineSessionManager initialized
[2020.10.04-04.18.10:631][  0]LogEditorSessionSummary: Verbose: Initializing EditorSessionSummaryWriter for editor session tracking
[2020.10.04-04.18.10:633][  0]LogEditorSessionSummary: EditorSessionSummaryWriter initialized
[2020.10.04-04.18.10:683][  0]LogInit: Transaction tracking system initialized
[2020.10.04-04.18.10:715][  0]BlueprintLog: New page: Editor Load
[2020.10.04-04.18.10:826][  0]LocalizationService: Localization service is disabled
[2020.10.04-04.18.10:997][  0]LogCook: Display: Max memory allowance for cook 16384mb min free memory 0mb
[2020.10.04-04.18.10:997][  0]LogCook: Display: Mobile HDR setting 1
[2020.10.04-04.18.11:004][  0]LogFileCache: Scanning file cache for directory 'E:/GameProgramming2/DungeonGenerator/procedural generation for unreal/DungeonGenerator/Content/' took 0.00s
[2020.10.04-04.18.11:342][  0]SourceControl: Source control is disabled
[2020.10.04-04.18.11:343][  0]LogUnrealEdMisc: Loading editor; pre map load, took 7.721
[2020.10.04-04.18.11:343][  0]LightingResults: New page: Lighting Build
[2020.10.04-04.18.11:344][  0]LogWorld: UWorld::CleanupWorld for Untitled, bSessionEnded=true, bCleanupResources=true
[2020.10.04-04.18.11:344][  0]LogSlate: InvalidateAllWidgets triggered.  All widgets were invalidated
[2020.10.04-04.18.11:344][  0]MapCheck: New page: Map Check
[2020.10.04-04.18.11:345][  0]LightingResults: New page: Lighting Build
[2020.10.04-04.18.11:359][  0]LogAISub: UAISubsystem::~UAISubsystem EnvQueryManager (000001B85EBF3C00), frame # 0
[2020.10.04-04.18.11:360][  0]LogAISub: UAISubsystem::~UAISubsystem AIPerceptionSystem (000001B85EC23100), frame # 0
[2020.10.04-04.18.11:361][  0]LogUObjectHash: Compacting FUObjectHashTables data took   0.89ms
[2020.10.04-04.18.11:557][  0]LogAIModule: Creating AISystem for world TopDownExampleMap
[2020.10.04-04.18.11:557][  0]LogAISub: UAISubsystem::UAISubsystem EnvQueryManager (000001B84BA44A00), frame # 0
[2020.10.04-04.18.11:557][  0]LogAISub: UAISubsystem::UAISubsystem AIPerceptionSystem (000001B84BA2FB00), frame # 0
[2020.10.04-04.18.11:577][  0]LogEditorServer: Finished looking for orphan Actors (0.000 secs)
[2020.10.04-04.18.11:581][  0]LogNavigationDataBuild: Display:    Building NavData:  Name Default class /Script/NavigationSystem.RecastNavMesh agent radius 35.0.
[2020.10.04-04.18.11:593][  0]LogUObjectHash: Compacting FUObjectHashTables data took   0.81ms
[2020.10.04-04.18.11:594][  0]Cmd: MAP CHECKDEP NOCLEARLOG
[2020.10.04-04.18.11:594][  0]MapCheck: Map check complete: 0 Error(s), 0 Warning(s), took 0.138ms to complete.
[2020.10.04-04.18.11:595][  0]LogFileHelpers: Loading map 'TopDownExampleMap' took 0.251
[2020.10.04-04.18.11:597][  0]LogUnrealEdMisc: Total Editor Startup Time, took 7.974
[2020.10.04-04.18.11:752][  0]LogSlate: Updating window title bar state: overlay mode, drag disabled, window buttons hidden, title bar hidden
[2020.10.04-04.18.11:759][  0]LogSlate: Updating window title bar state: overlay mode, drag disabled, window buttons hidden, title bar hidden
[2020.10.04-04.18.11:765][  0]LogSlate: Updating window title bar state: overlay mode, drag disabled, window buttons hidden, title bar hidden
[2020.10.04-04.18.11:771][  0]LogSlate: Updating window title bar state: overlay mode, drag disabled, window buttons hidden, title bar hidden
[2020.10.04-04.18.11:781][  0]LogCollectionManager: Loaded 0 collections in 0.000645 seconds
[2020.10.04-04.18.11:801][  0]LogFileCache: Scanning file cache for directory 'E:/GameProgramming2/DungeonGenerator/procedural generation for unreal/DungeonGenerator/Saved/Collections/' took 0.00s
[2020.10.04-04.18.11:801][  0]LogFileCache: Scanning file cache for directory 'E:/GameProgramming2/DungeonGenerator/procedural generation for unreal/DungeonGenerator/Content/Developers/balaj/Collections/' took 0.00s
[2020.10.04-04.18.11:801][  0]LogFileCache: Scanning file cache for directory 'E:/GameProgramming2/DungeonGenerator/procedural generation for unreal/DungeonGenerator/Content/Collections/' took 0.00s
[2020.10.04-04.18.11:801][  0]LogContentBrowser: Native class hierarchy populated in 0.0114 seconds. Added 3433 classes and 823 folders.
[2020.10.04-04.18.11:804][  0]LogContentBrowser: Native class hierarchy updated for 'WidgetCarousel' in 0.0003 seconds. Added 0 classes and 0 folders.
[2020.10.04-04.18.11:836][  0]LogContentBrowser: Native class hierarchy updated for 'AddContentDialog' in 0.0003 seconds. Added 0 classes and 0 folders.
[2020.10.04-04.18.11:838][  0]LogContentBrowser: Native class hierarchy updated for 'SceneOutliner' in 0.0003 seconds. Added 2 classes and 0 folders.
[2020.10.04-04.18.11:847][  0]LogContentBrowser: Native class hierarchy updated for 'WorldBrowser' in 0.0004 seconds. Added 2 classes and 3 folders.
[2020.10.04-04.18.11:942][  0]LogSlate: Took 0.000213 seconds to synchronously load lazily loaded font '../../../Engine/Content/Slate/Fonts/Roboto-Regular.ttf' (155K)
[2020.10.04-04.18.11:944][  0]LogSlate: Took 0.000157 seconds to synchronously load lazily loaded font '../../../Engine/Content/Slate/Fonts/Roboto-Bold.ttf' (160K)
[2020.10.04-04.18.11:948][  0]LogSlate: Took 0.000131 seconds to synchronously load lazily loaded font '../../../Engine/Content/Editor/Slate/Fonts/FontAwesome.ttf' (139K)
[2020.10.04-04.18.11:949][  0]LogSlate: Took 0.000078 seconds to synchronously load lazily loaded font '../../../Engine/Content/Slate/Fonts/DroidSansMono.ttf' (77K)
[2020.10.04-04.18.12:047][  0]LogRenderer: Reallocating scene render targets to support 1000x548 Format 10 NumSamples 1 (Frame:1).
[2020.10.04-04.18.12:125][  0]LogContentBrowser: Native class hierarchy updated for 'HierarchicalLODOutliner' in 0.0004 seconds. Added 0 classes and 0 folders.
[2020.10.04-04.18.12:126][  0]LogLoad: (Engine Initialization) Total time: 8.50 seconds
[2020.10.04-04.18.12:126][  0]LogLoad: (Engine Initialization) Total Blueprint compile time: 0.00 seconds
[2020.10.04-04.18.12:192][  0]LogAssetRegistry: Asset discovery search completed in 4.0690 seconds
[2020.10.04-04.18.12:195][  0]LogCollectionManager: Fixed up redirectors for 0 collections in 0.000002 seconds (updated 0 objects)
[2020.10.04-04.18.12:198][  0]LogContentStreaming: Texture pool size now 1000 MB
[2020.10.04-04.18.12:246][  1]LogRenderer: Reallocating scene render targets to support 1000x564 Format 10 NumSamples 1 (Frame:3).
[2020.10.04-04.18.18:813][717]LogSlate: Took 0.000184 seconds to synchronously load lazily loaded font '../../../Engine/Content/Slate/Fonts/Roboto-Italic.ttf' (157K)
[2020.10.04-04.18.23:870][288]LogSlate: Took 0.000156 seconds to synchronously load lazily loaded font '../../../Engine/Content/Slate/Fonts/Roboto-Light.ttf' (167K)
[2020.10.04-04.18.23:897][288]LogUObjectHash: Compacting FUObjectHashTables data took   0.60ms
[2020.10.04-04.18.23:934][288]LogSavePackage: Moving '../../../../../GameProgramming2/DungeonGenerator/procedural generation for unreal/DungeonGenerator/Saved/TopDownExampleMap8BA8DA0341B1AF2C6703D79145EA2934.tmp' to '../../../../../GameProgramming2/DungeonGenerator/procedural generation for unreal/DungeonGenerator/Content/TopDownBP/Maps/TopDownExampleMap.umap'
[2020.10.04-04.18.24:042][288]LogSavePackage: Moving '../../../../../GameProgramming2/DungeonGenerator/procedural generation for unreal/DungeonGenerator/Saved/TopDownExampleMap_BuiltDataB4CFFF63409FF2BDB52FC0A24FB6370E.tmp' to '../../../../../GameProgramming2/DungeonGenerator/procedural generation for unreal/DungeonGenerator/Content/TopDownBP/Maps/TopDownExampleMap_BuiltData.uasset'
[2020.10.04-04.18.24:052][288]AssetCheck: New page: Asset Save: multiple assets
[2020.10.04-04.18.24:052][288]LogContentValidation: Display: Validating World /Game/TopDownBP/Maps/TopDownExampleMap.TopDownExampleMap
[2020.10.04-04.18.24:052][288]LogContentValidation: Display: Validating MapBuildDataRegistry /Game/TopDownBP/Maps/TopDownExampleMap_BuiltData.TopDownExampleMap_BuiltData
[2020.10.04-04.18.25:454][449]LogTemp: Repeating last play command: Selected Viewport
[2020.10.04-04.18.25:467][449]LogPlayLevel: PlayLevel: No blueprints needed recompiling
[2020.10.04-04.18.25:468][449]PIE: New page: PIE session: TopDownExampleMap (Oct 3, 2020, 4:18:25 PM)
[2020.10.04-04.18.25:469][449]LogOnline: OSS: Creating online subsystem instance for: NULL
[2020.10.04-04.18.25:471][449]LogOnline: OSS: TryLoadSubsystemAndSetDefault: Loaded subsystem for module [NULL]
[2020.10.04-04.18.25:471][449]LogPlayLevel: Creating play world package: /Game/TopDownBP/Maps/UEDPIE_0_TopDownExampleMap
[2020.10.04-04.18.25:479][449]LogPlayLevel: PIE: StaticDuplicateObject took: (0.008184s)
[2020.10.04-04.18.25:481][449]LogAIModule: Creating AISystem for world TopDownExampleMap
[2020.10.04-04.18.25:481][449]LogAISub: UAISubsystem::UAISubsystem EnvQueryManager (000001B8442B7E00), frame # 1449
[2020.10.04-04.18.25:481][449]LogAISub: UAISubsystem::UAISubsystem AIPerceptionSystem (000001B8179707C0), frame # 1449
[2020.10.04-04.18.25:482][449]LogPlayLevel: PIE: World Init took: (0.001829s)
[2020.10.04-04.18.25:482][449]LogPlayLevel: PIE: Created PIE world by copying editor world from /Game/TopDownBP/Maps/TopDownExampleMap.TopDownExampleMap to /Game/TopDownBP/Maps/UEDPIE_0_TopDownExampleMap.TopDownExampleMap (0.010517s)
[2020.10.04-04.18.25:493][449]LogUObjectHash: Compacting FUObjectHashTables data took   0.68ms
[2020.10.04-04.18.25:494][449]LogAudioMixer: Display: Audio Mixer Platform Settings:
[2020.10.04-04.18.25:494][449]LogAudioMixer: Display: 	Sample Rate:						  48000
[2020.10.04-04.18.25:494][449]LogAudioMixer: Display: 	Callback Buffer Frame Size Requested: 1024
[2020.10.04-04.18.25:494][449]LogAudioMixer: Display: 	Callback Buffer Frame Size To Use:	  1024
[2020.10.04-04.18.25:494][449]LogAudioMixer: Display: 	Number of buffers to queue:			  2
[2020.10.04-04.18.25:494][449]LogAudioMixer: Display: 	Max Channels (voices):				  32
[2020.10.04-04.18.25:494][449]LogAudioMixer: Display: 	Number of Async Source Workers:		  0
[2020.10.04-04.18.25:494][449]LogAudio: Display: AudioDevice MaxSources: 32
[2020.10.04-04.18.25:495][449]LogAudio: Display: Using built-in audio occlusion.
[2020.10.04-04.18.25:495][449]LogAudioMixer: Display: Initializing audio mixer.
[2020.10.04-04.18.25:498][449]LogAudioMixer: Display: 0: FrontLeft
[2020.10.04-04.18.25:499][449]LogAudioMixer: Display: 1: FrontRight
[2020.10.04-04.18.25:527][449]LogAudioMixer: Display: Using Audio Device Headset Earphone (HyperX Virtual Surround Sound)
[2020.10.04-04.18.25:527][449]LogAudioMixer: Display: Initializing Sound Submixes...
[2020.10.04-04.18.25:528][449]LogAudioMixer: Display: Creating Master Submix 'MasterSubmixDefault'
[2020.10.04-04.18.25:528][449]LogAudioMixer: Display: Creating Master Submix 'MasterReverbSubmixDefault'
[2020.10.04-04.18.25:528][449]LogAudioMixer: Display: Creating Master Submix 'MasterEQSubmixDefault'
[2020.10.04-04.18.25:541][449]LogInit: FAudioDevice initialized.
[2020.10.04-04.18.25:553][449]LogLoad: Game class is 'TopDownGameMode_C'
[2020.10.04-04.18.25:555][449]LogWorld: Bringing World /Game/TopDownBP/Maps/UEDPIE_0_TopDownExampleMap.TopDownExampleMap up for play (max tick rate 0) at 2020.10.03-22.18.25
[2020.10.04-04.18.25:555][449]LogWorld: Bringing up level for play took: 0.001388
[2020.10.04-04.18.25:556][449]LogOnline: OSS: Creating online subsystem instance for: :Context_1
[2020.10.04-04.18.25:560][449]LogContentBrowser: Native class hierarchy updated for 'MovieSceneCapture' in 0.0004 seconds. Added 20 classes and 0 folders.
[2020.10.04-04.18.25:561][449]LogTemp: Warning: asdasd
[2020.10.04-04.18.25:566][449]LogTemp: Warning: asdasd
[2020.10.04-04.18.25:566][449]LogTemp: Warning: Random numbeR?:5 
[2020.10.04-04.18.25:566][449]LogTemp: Warning: -1700
[2020.10.04-04.18.25:566][449]LogTemp: Warning: West
[2020.10.04-04.18.25:566][449]LogTemp: Warning: -1700
[2020.10.04-04.18.25:571][449]LogTemp: Warning: asdasd
[2020.10.04-04.18.25:571][449]LogTemp: Warning: Random numbeR?:4 
[2020.10.04-04.18.25:571][449]LogTemp: Warning: -1700
[2020.10.04-04.18.25:571][449]LogTemp: Warning: West
[2020.10.04-04.18.25:571][449]LogTemp: Warning: -1700
[2020.10.04-04.18.25:576][449]PIE: Server logged in
[2020.10.04-04.18.25:578][449]PIE: Play in editor total start time 0.112 seconds.
[2020.10.04-04.18.45:885][367]LogSlate: Updating window title bar state: overlay mode, drag disabled, window buttons hidden, title bar hidden
[2020.10.04-04.18.45:885][367]LogWorld: BeginTearingDown for /Game/TopDownBP/Maps/UEDPIE_0_TopDownExampleMap
[2020.10.04-04.18.45:885][367]LogWorld: UWorld::CleanupWorld for TopDownExampleMap, bSessionEnded=true, bCleanupResources=true
[2020.10.04-04.18.45:886][367]LogSlate: InvalidateAllWidgets triggered.  All widgets were invalidated
[2020.10.04-04.18.45:900][367]LogPlayLevel: Display: Shutting down PIE online subsystems
[2020.10.04-04.18.45:901][367]LogSlate: InvalidateAllWidgets triggered.  All widgets were invalidated
[2020.10.04-04.18.45:911][367]LogSlate: Updating window title bar state: overlay mode, drag disabled, window buttons hidden, title bar hidden
[2020.10.04-04.18.45:935][367]LogAISub: UAISubsystem::~UAISubsystem AIPerceptionSystem (000001B8179707C0), frame # 3367
[2020.10.04-04.18.45:935][367]LogAISub: UAISubsystem::~UAISubsystem EnvQueryManager (000001B8442B7E00), frame # 3367
[2020.10.04-04.18.45:936][367]LogUObjectHash: Compacting FUObjectHashTables data took   0.58ms
[2020.10.04-04.18.45:965][368]LogPlayLevel: Display: Destroying online subsystem :Context_1
[2020.10.04-04.19.19:863][571]LogTemp: Repeating last play command: Selected Viewport
[2020.10.04-04.19.19:878][571]LogPlayLevel: PlayLevel: No blueprints needed recompiling
[2020.10.04-04.19.19:878][571]PIE: New page: PIE session: TopDownExampleMap (Oct 3, 2020, 4:19:19 PM)
[2020.10.04-04.19.19:878][571]LogPlayLevel: Creating play world package: /Game/TopDownBP/Maps/UEDPIE_0_TopDownExampleMap
[2020.10.04-04.19.19:889][571]LogPlayLevel: PIE: StaticDuplicateObject took: (0.010185s)
[2020.10.04-04.19.19:890][571]LogAIModule: Creating AISystem for world TopDownExampleMap
[2020.10.04-04.19.19:891][571]LogAISub: UAISubsystem::UAISubsystem EnvQueryManager (000001B87DF64400), frame # 3571
[2020.10.04-04.19.19:891][571]LogAISub: UAISubsystem::UAISubsystem AIPerceptionSystem (000001B85F61C900), frame # 3571
[2020.10.04-04.19.19:891][571]LogPlayLevel: PIE: World Init took: (0.001990s)
[2020.10.04-04.19.19:891][571]LogPlayLevel: PIE: Created PIE world by copying editor world from /Game/TopDownBP/Maps/TopDownExampleMap.TopDownExampleMap to /Game/TopDownBP/Maps/UEDPIE_0_TopDownExampleMap.TopDownExampleMap (0.012642s)
[2020.10.04-04.19.19:904][571]LogUObjectHash: Compacting FUObjectHashTables data took   0.71ms
[2020.10.04-04.19.19:906][571]LogAudioMixer: Display: Audio Mixer Platform Settings:
[2020.10.04-04.19.19:906][571]LogAudioMixer: Display: 	Sample Rate:						  48000
[2020.10.04-04.19.19:906][571]LogAudioMixer: Display: 	Callback Buffer Frame Size Requested: 1024
[2020.10.04-04.19.19:906][571]LogAudioMixer: Display: 	Callback Buffer Frame Size To Use:	  1024
[2020.10.04-04.19.19:906][571]LogAudioMixer: Display: 	Number of buffers to queue:			  2
[2020.10.04-04.19.19:906][571]LogAudioMixer: Display: 	Max Channels (voices):				  32
[2020.10.04-04.19.19:906][571]LogAudioMixer: Display: 	Number of Async Source Workers:		  0
[2020.10.04-04.19.19:906][571]LogAudio: Display: AudioDevice MaxSources: 32
[2020.10.04-04.19.19:907][571]LogAudio: Display: Using built-in audio occlusion.
[2020.10.04-04.19.19:907][571]LogAudioMixer: Display: Initializing audio mixer.
[2020.10.04-04.19.19:911][571]LogAudioMixer: Display: 0: FrontLeft
[2020.10.04-04.19.19:912][571]LogAudioMixer: Display: 1: FrontRight
[2020.10.04-04.19.19:951][571]LogAudioMixer: Display: Using Audio Device Headset Earphone (HyperX Virtual Surround Sound)
[2020.10.04-04.19.19:952][571]LogAudioMixer: Display: Initializing Sound Submixes...
[2020.10.04-04.19.19:952][571]LogAudioMixer: Display: Creating Master Submix 'MasterSubmixDefault'
[2020.10.04-04.19.19:952][571]LogAudioMixer: Display: Creating Master Submix 'MasterReverbSubmixDefault'
[2020.10.04-04.19.19:953][571]LogAudioMixer: Display: Creating Master Submix 'MasterEQSubmixDefault'
[2020.10.04-04.19.19:966][571]LogInit: FAudioDevice initialized.
[2020.10.04-04.19.19:979][571]LogLoad: Game class is 'TopDownGameMode_C'
[2020.10.04-04.19.19:980][571]LogWorld: Bringing World /Game/TopDownBP/Maps/UEDPIE_0_TopDownExampleMap.TopDownExampleMap up for play (max tick rate 0) at 2020.10.03-22.19.19
[2020.10.04-04.19.19:981][571]LogWorld: Bringing up level for play took: 0.001327
[2020.10.04-04.19.19:981][571]LogOnline: OSS: Creating online subsystem instance for: :Context_2
[2020.10.04-04.19.19:984][571]LogTemp: Warning: asdasd
[2020.10.04-04.19.19:989][571]LogTemp: Warning: asdasd
[2020.10.04-04.19.19:989][571]LogTemp: Warning: Random numbeR?:5 
[2020.10.04-04.19.19:989][571]LogTemp: Warning: -1700
[2020.10.04-04.19.19:989][571]LogTemp: Warning: West
[2020.10.04-04.19.19:989][571]LogTemp: Warning: -1700
[2020.10.04-04.19.19:995][571]LogTemp: Warning: asdasd
[2020.10.04-04.19.19:995][571]LogTemp: Warning: Random numbeR?:4 
[2020.10.04-04.19.19:995][571]LogTemp: Warning: -1700
[2020.10.04-04.19.19:995][571]LogTemp: Warning: West
[2020.10.04-04.19.19:995][571]LogTemp: Warning: -1700
[2020.10.04-04.19.20:000][571]PIE: Server logged in
[2020.10.04-04.19.20:001][571]PIE: Play in editor total start time 0.123 seconds.
