Log file open, 10/03/20 22:19:28
LogInit: Display: Running engine for game: DungeonGenerator
LogPlatformFile: Not using cached read wrapper
LogTaskGraph: Started task graph with 5 named threads and 47 total threads with 3 sets of task threads.
LogStats: Stats thread started at 0.312595
LogD3D11RHI: Loaded GFSDK_Aftermath_Lib.x64.dll
LogICUInternationalization: ICU TimeZone Detection - Raw Offset: -7:00, Platform Override: ''
LogPluginManager: Mounting plugin Paper2D
LogPluginManager: Mounting plugin AISupport
LogPluginManager: Mounting plugin LightPropagationVolume
LogPluginManager: Mounting plugin CameraShakePreviewer
LogPluginManager: Mounting plugin ActorLayerUtilities
LogPluginManager: Mounting plugin AnimationSharing
LogPluginManager: Mounting plugin CLionSourceCodeAccess
LogPluginManager: Mounting plugin CodeLiteSourceCodeAccess
LogPluginManager: Mounting plugin GitSourceControl
LogPluginManager: Mounting plugin KDevelopSourceCodeAccess
LogPluginManager: Mounting plugin NullSourceCodeAccess
LogPluginManager: Mounting plugin PerforceSourceControl
LogPluginManager: Mounting plugin PlasticSourceControl
LogPluginManager: Mounting plugin RiderSourceCodeAccess
LogPluginManager: Mounting plugin SubversionSourceControl
LogPluginManager: Mounting plugin UObjectPlugin
LogPluginManager: Mounting plugin VisualStudioCodeSourceCodeAccess
LogPluginManager: Mounting plugin VisualStudioSourceCodeAccess
LogPluginManager: Mounting plugin XCodeSourceCodeAccess
LogPluginManager: Mounting plugin AssetManagerEditor
LogPluginManager: Mounting plugin CryptoKeys
LogPluginManager: Mounting plugin CurveEditorTools
LogPluginManager: Mounting plugin DataValidation
LogPluginManager: Mounting plugin EditorScriptingUtilities
LogPluginManager: Mounting plugin FacialAnimation
LogPluginManager: Mounting plugin GameplayTagsEditor
LogPluginManager: Mounting plugin GeometryMode
LogPluginManager: Mounting plugin MacGraphicsSwitching
LogPluginManager: Mounting plugin MaterialAnalyzer
LogPluginManager: Mounting plugin MobileLauncherProfileWizard
LogPluginManager: Mounting plugin PluginBrowser
LogPluginManager: Mounting plugin SpeedTreeImporter
LogPluginManager: Mounting plugin DatasmithContent
LogPluginManager: Mounting plugin VariantManagerContent
LogPluginManager: Mounting plugin AlembicImporter
LogPluginManager: Mounting plugin AutomationUtils
LogPluginManager: Mounting plugin BackChannel
LogPluginManager: Mounting plugin ChaosCloth
LogPluginManager: Mounting plugin ChaosClothEditor
LogPluginManager: Mounting plugin ChaosEditor
LogPluginManager: Mounting plugin ChaosNiagara
LogPluginManager: Mounting plugin ChaosSolverPlugin
LogPluginManager: Mounting plugin CharacterAI
LogPluginManager: Mounting plugin GeometryCache
LogPluginManager: Mounting plugin GeometryCollectionPlugin
LogPluginManager: Mounting plugin GeometryProcessing
LogPluginManager: Mounting plugin PlanarCut
LogPluginManager: Mounting plugin PlatformCrypto
LogPluginManager: Mounting plugin ProxyLODPlugin
LogPluginManager: Mounting plugin SkeletalReduction
LogPluginManager: Mounting plugin Niagara
LogPluginManager: Mounting plugin MagicLeap
LogPluginManager: Mounting plugin MagicLeapLightEstimation
LogPluginManager: Mounting plugin MagicLeapMedia
LogPluginManager: Mounting plugin MagicLeapPassableWorld
LogPluginManager: Mounting plugin MLSDK
LogPluginManager: Mounting plugin AndroidMedia
LogPluginManager: Mounting plugin AvfMedia
LogPluginManager: Mounting plugin ImgMedia
LogPluginManager: Mounting plugin MediaCompositing
LogPluginManager: Mounting plugin MediaPlayerEditor
LogPluginManager: Mounting plugin WebMMedia
LogPluginManager: Mounting plugin WmfMedia
LogPluginManager: Mounting plugin MeshPainting
LogPluginManager: Mounting plugin TcpMessaging
LogPluginManager: Mounting plugin UdpMessaging
LogPluginManager: Mounting plugin ActorSequence
LogPluginManager: Mounting plugin LevelSequenceEditor
LogPluginManager: Mounting plugin MatineeToLevelSequence
LogPluginManager: Mounting plugin MovieRenderPipeline
LogPluginManager: Mounting plugin TemplateSequence
LogPluginManager: Mounting plugin NetcodeUnitTest
LogPluginManager: Mounting plugin NUTUnrealEngine4
LogPluginManager: Mounting plugin OnlineSubsystemGooglePlay
LogPluginManager: Mounting plugin OnlineSubsystemIOS
LogPluginManager: Mounting plugin OnlineSubsystem
LogPluginManager: Mounting plugin OnlineSubsystemNull
LogPluginManager: Mounting plugin OnlineSubsystemUtils
LogPluginManager: Mounting plugin LauncherChunkInstaller
LogPluginManager: Mounting plugin AndroidDeviceProfileSelector
LogPluginManager: Mounting plugin AndroidMoviePlayer
LogPluginManager: Mounting plugin AndroidPermission
LogPluginManager: Mounting plugin AppleImageUtils
LogPluginManager: Mounting plugin AppleMoviePlayer
LogPluginManager: Mounting plugin ArchVisCharacter
LogPluginManager: Mounting plugin AssetTags
LogPluginManager: Mounting plugin AudioCapture
LogPluginManager: Mounting plugin CableComponent
LogPluginManager: Mounting plugin CustomMeshComponent
LogPluginManager: Mounting plugin EditableMesh
LogPluginManager: Mounting plugin ExampleDeviceProfileSelector
LogPluginManager: Mounting plugin GoogleCloudMessaging
LogPluginManager: Mounting plugin GooglePAD
LogPluginManager: Mounting plugin IOSDeviceProfileSelector
LogPluginManager: Mounting plugin LinuxDeviceProfileSelector
LogPluginManager: Mounting plugin LocationServicesBPLibrary
LogPluginManager: Mounting plugin MobilePatchingUtils
LogPluginManager: Mounting plugin OculusVR
LogPluginManager: Mounting plugin PhysXVehicles
LogPluginManager: Mounting plugin PostSplashScreen
LogPluginManager: Mounting plugin ProceduralMeshComponent
LogPluginManager: Mounting plugin RuntimePhysXCooking
LogPluginManager: Mounting plugin SignificanceManager
LogPluginManager: Mounting plugin SoundFields
LogPluginManager: Mounting plugin SteamVR
LogPluginManager: Mounting plugin Synthesis
LogPluginManager: Mounting plugin WebMMoviePlayer
LogPluginManager: Mounting plugin WindowsMoviePlayer
LogPluginManager: Mounting plugin ScreenshotTools
LogInit: Using libcurl 7.55.1-DEV
LogInit:  - built for x86_64-pc-win32
LogInit:  - supports SSL with OpenSSL/1.1.1
LogInit:  - supports HTTP deflate (compression) using libz 1.2.8
LogInit:  - other features:
LogInit:      CURL_VERSION_SSL
LogInit:      CURL_VERSION_LIBZ
LogInit:      CURL_VERSION_IPV6
LogInit:      CURL_VERSION_ASYNCHDNS
LogInit:      CURL_VERSION_LARGEFILE
LogInit:      CURL_VERSION_IDN
LogInit:  CurlRequestOptions (configurable via config and command line):
LogInit:  - bVerifyPeer = true  - Libcurl will verify peer certificate
LogInit:  - bUseHttpProxy = false  - Libcurl will NOT use HTTP proxy
LogInit:  - bDontReuseConnections = false  - Libcurl will reuse connections
LogInit:  - MaxHostConnections = 16  - Libcurl will limit the number of connections to a host
LogInit:  - LocalHostAddr = Default
LogInit:  - BufferSize = 65536
LogOnline: OSS: Creating online subsystem instance for: NULL
LogInit: WinSock: version 1.1 (2.2), MaxSocks=32767, MaxUdp=65467
LogOnline: OSS: TryLoadSubsystemAndSetDefault: Loaded subsystem for module [NULL]
LogOculusPluginWrapper: OculusPlugin initialized successfully
LogHMD: Failed initializing OVRPlugin 1.44.0
LogInit: Build: ++UE4+Release-4.25-CL-13942748
LogInit: Engine Version: 4.25.3-13942748+++UE4+Release-4.25
LogInit: Compatible Engine Version: 4.25.0-13144385+++UE4+Release-4.25
LogInit: Net CL: 13144385
LogInit: OS: Windows 10 (Release 1909) (), CPU: AMD Ryzen 7 3700X 8-Core Processor             , GPU: NVIDIA GeForce RTX 2080 SUPER
LogInit: Compiled (64-bit): Jul 25 2020 02:07:48
LogInit: Compiled with Visual C++: 19.24.28315.00
LogInit: Build Configuration: Development
LogInit: Branch Name: ++UE4+Release-4.25
LogInit: Command Line:  -skipcompile
LogInit: Base Directory: E:/UnrealEngine/UE_4.25/Engine/Binaries/Win64/
LogInit: Allocator: TBB
LogInit: Installed Engine Build: 1
LogDevObjectVersion: Number of dev versions registered: 26
LogDevObjectVersion:   Dev-Blueprints (B0D832E4-1F89-4F0D-ACCF-7EB736FD4AA2): 10
LogDevObjectVersion:   Dev-Build (E1C64328-A22C-4D53-A36C-8E866417BD8C): 0
LogDevObjectVersion:   Dev-Core (375EC13C-06E4-48FB-B500-84F0262A717E): 4
LogDevObjectVersion:   Dev-Editor (E4B068ED-F494-42E9-A231-DA0B2E46BB41): 38
LogDevObjectVersion:   Dev-Framework (CFFC743F-43B0-4480-9391-14DF171D2073): 37
LogDevObjectVersion:   Dev-Mobile (B02B49B5-BB20-44E9-A304-32B752E40360): 2
LogDevObjectVersion:   Dev-Networking (A4E4105C-59A1-49B5-A7C5-40C4547EDFEE): 0
LogDevObjectVersion:   Dev-Online (39C831C9-5AE6-47DC-9A44-9C173E1C8E7C): 0
LogDevObjectVersion:   Dev-Physics (78F01B33-EBEA-4F98-B9B4-84EACCB95AA2): 4
LogDevObjectVersion:   Dev-Platform (6631380F-2D4D-43E0-8009-CF276956A95A): 0
LogDevObjectVersion:   Dev-Rendering (12F88B9F-8875-4AFC-A67C-D90C383ABD29): 43
LogDevObjectVersion:   Dev-Sequencer (7B5AE74C-D270-4C10-A958-57980B212A5A): 12
LogDevObjectVersion:   Dev-VR (D7296918-1DD6-4BDD-9DE2-64A83CC13884): 3
LogDevObjectVersion:   Dev-LoadTimes (C2A15278-BFE7-4AFE-6C17-90FF531DF755): 1
LogDevObjectVersion:   Private-Geometry (6EACA3D4-40EC-4CC1-B786-8BED09428FC5): 3
LogDevObjectVersion:   Dev-AnimPhys (29E575DD-E0A3-4627-9D10-D276232CDCEA): 17
LogDevObjectVersion:   Dev-Anim (AF43A65D-7FD3-4947-9873-3E8ED9C1BB05): 7
LogDevObjectVersion:   Dev-ReflectionCapture (6B266CEC-1EC7-4B8F-A30B-E4D90942FC07): 1
LogDevObjectVersion:   Dev-Automation (0DF73D61-A23F-47EA-B727-89E90C41499A): 1
LogDevObjectVersion:   FortniteMain (601D1886-AC64-4F84-AA16-D3DE0DEAC7D6): 31
LogDevObjectVersion:   Dev-Enterprise (9DFFBCD6-494F-0158-E221-12823C92A888): 10
LogDevObjectVersion:   Dev-Niagara (F2AED0AC-9AFE-416F-8664-AA7FFA26D6FC): 1
LogDevObjectVersion:   Dev-Destruction (174F1F0B-B4C6-45A5-B13F-2EE8D0FB917D): 10
LogDevObjectVersion:   Dev-Physics-Ext (35F94A83-E258-406C-A318-09F59610247C): 37
LogDevObjectVersion:   Dev-PhysicsMaterial-Chaos (B68FC16E-8B1B-42E2-B453-215C058844FE): 1
LogDevObjectVersion:   Dev-CineCamera (B2E18506-4273-CFC2-A54E-F4BB758BBA07): 1
LogInit: Presizing for max 25165824 objects, including 0 objects not considered by GC, pre-allocating 0 bytes for permanent pool.
LogConfig: Applying CVar settings from Section [/Script/Engine.StreamingSettings] File [E:/GameProgramming2/DungeonGenerator/procedural generation for unreal/DungeonGenerator/Saved/Config/Windows/Engine.ini]
LogConfig: Setting CVar [[s.MinBulkDataSizeForAsyncLoading:131072]]
LogConfig: Setting CVar [[s.AsyncLoadingThreadEnabled:0]]
LogConfig: Setting CVar [[s.EventDrivenLoaderEnabled:1]]
LogConfig: Setting CVar [[s.WarnIfTimeLimitExceeded:0]]
LogConfig: Setting CVar [[s.TimeLimitExceededMultiplier:1.5]]
LogConfig: Setting CVar [[s.TimeLimitExceededMinTime:0.005]]
LogConfig: Setting CVar [[s.UseBackgroundLevelStreaming:1]]
LogConfig: Setting CVar [[s.PriorityAsyncLoadingExtraTime:15.0]]
LogConfig: Setting CVar [[s.LevelStreamingActorsUpdateTimeLimit:5.0]]
LogConfig: Setting CVar [[s.PriorityLevelStreamingActorsUpdateExtraTime:5.0]]
LogConfig: Setting CVar [[s.LevelStreamingComponentsRegistrationGranularity:10]]
LogConfig: Setting CVar [[s.UnregisterComponentsTimeLimit:1.0]]
LogConfig: Setting CVar [[s.LevelStreamingComponentsUnregistrationGranularity:5]]
LogConfig: Setting CVar [[s.FlushStreamingOnExit:1]]
LogInit: Object subsystem initialized
LogConfig: Setting CVar [[con.DebugEarlyDefault:1]]
LogConfig: Setting CVar [[r.setres:1280x720]]
[2020.10.04-04.19.29:529][  0]LogConfig: Setting CVar [[r.VSync:0]]
[2020.10.04-04.19.29:529][  0]LogConfig: Setting CVar [[r.RHICmdBypass:0]]
[2020.10.04-04.19.29:529][  0]LogConfig: Applying CVar settings from Section [/Script/Engine.RendererSettings] File [E:/GameProgramming2/DungeonGenerator/procedural generation for unreal/DungeonGenerator/Saved/Config/Windows/Engine.ini]
[2020.10.04-04.19.29:529][  0]LogConfig: Setting CVar [[r.GPUCrashDebugging:0]]
[2020.10.04-04.19.29:529][  0]LogConfig: Applying CVar settings from Section [/Script/Engine.RendererOverrideSettings] File [E:/GameProgramming2/DungeonGenerator/procedural generation for unreal/DungeonGenerator/Saved/Config/Windows/Engine.ini]
[2020.10.04-04.19.29:529][  0]LogConfig: Applying CVar settings from Section [/Script/Engine.StreamingSettings] File [E:/GameProgramming2/DungeonGenerator/procedural generation for unreal/DungeonGenerator/Saved/Config/Windows/Engine.ini]
[2020.10.04-04.19.29:529][  0]LogConfig: Setting CVar [[s.MinBulkDataSizeForAsyncLoading:131072]]
[2020.10.04-04.19.29:529][  0]LogConfig: Setting CVar [[s.AsyncLoadingThreadEnabled:0]]
[2020.10.04-04.19.29:529][  0]LogConfig: Setting CVar [[s.EventDrivenLoaderEnabled:1]]
[2020.10.04-04.19.29:529][  0]LogConfig: Setting CVar [[s.WarnIfTimeLimitExceeded:0]]
[2020.10.04-04.19.29:529][  0]LogConfig: Setting CVar [[s.TimeLimitExceededMultiplier:1.5]]
[2020.10.04-04.19.29:529][  0]LogConfig: Setting CVar [[s.TimeLimitExceededMinTime:0.005]]
[2020.10.04-04.19.29:529][  0]LogConfig: Setting CVar [[s.UseBackgroundLevelStreaming:1]]
[2020.10.04-04.19.29:529][  0]LogConfig: Setting CVar [[s.PriorityAsyncLoadingExtraTime:15.0]]
[2020.10.04-04.19.29:530][  0]LogConfig: Setting CVar [[s.LevelStreamingActorsUpdateTimeLimit:5.0]]
[2020.10.04-04.19.29:530][  0]LogConfig: Setting CVar [[s.PriorityLevelStreamingActorsUpdateExtraTime:5.0]]
[2020.10.04-04.19.29:530][  0]LogConfig: Setting CVar [[s.LevelStreamingComponentsRegistrationGranularity:10]]
[2020.10.04-04.19.29:530][  0]LogConfig: Setting CVar [[s.UnregisterComponentsTimeLimit:1.0]]
[2020.10.04-04.19.29:530][  0]LogConfig: Setting CVar [[s.LevelStreamingComponentsUnregistrationGranularity:5]]
[2020.10.04-04.19.29:530][  0]LogConfig: Setting CVar [[s.FlushStreamingOnExit:1]]
[2020.10.04-04.19.29:530][  0]LogConfig: Applying CVar settings from Section [/Script/Engine.GarbageCollectionSettings] File [E:/GameProgramming2/DungeonGenerator/procedural generation for unreal/DungeonGenerator/Saved/Config/Windows/Engine.ini]
[2020.10.04-04.19.29:530][  0]LogConfig: Setting CVar [[gc.MaxObjectsNotConsideredByGC:1]]
[2020.10.04-04.19.29:530][  0]LogConfig: Setting CVar [[gc.SizeOfPermanentObjectPool:0]]
[2020.10.04-04.19.29:530][  0]LogConfig: Setting CVar [[gc.FlushStreamingOnGC:0]]
[2020.10.04-04.19.29:530][  0]LogConfig: Setting CVar [[gc.NumRetriesBeforeForcingGC:10]]
[2020.10.04-04.19.29:530][  0]LogConfig: Setting CVar [[gc.AllowParallelGC:1]]
[2020.10.04-04.19.29:530][  0]LogConfig: Setting CVar [[gc.TimeBetweenPurgingPendingKillObjects:61.1]]
[2020.10.04-04.19.29:530][  0]LogConfig: Setting CVar [[gc.MaxObjectsInEditor:25165824]]
[2020.10.04-04.19.29:530][  0]LogConfig: Setting CVar [[gc.IncrementalBeginDestroyEnabled:1]]
[2020.10.04-04.19.29:530][  0]LogConfig: Setting CVar [[gc.CreateGCClusters:1]]
[2020.10.04-04.19.29:530][  0]LogConfig: Setting CVar [[gc.MinGCClusterSize:5]]
[2020.10.04-04.19.29:530][  0]LogConfig: Setting CVar [[gc.ActorClusteringEnabled:0]]
[2020.10.04-04.19.29:530][  0]LogConfig: Setting CVar [[gc.BlueprintClusteringEnabled:0]]
[2020.10.04-04.19.29:530][  0]LogConfig: Setting CVar [[gc.UseDisregardForGCOnDedicatedServers:0]]
[2020.10.04-04.19.29:531][  0]LogConfig: Applying CVar settings from Section [/Script/Engine.NetworkSettings] File [E:/GameProgramming2/DungeonGenerator/procedural generation for unreal/DungeonGenerator/Saved/Config/Windows/Engine.ini]
[2020.10.04-04.19.29:531][  0]LogConfig: Applying CVar settings from Section [/Script/UnrealEd.CookerSettings] File [E:/GameProgramming2/DungeonGenerator/procedural generation for unreal/DungeonGenerator/Saved/Config/Windows/Engine.ini]
[2020.10.04-04.19.29:539][  0]LogConfig: Applying CVar settings from Section [ViewDistanceQuality@3] File [E:/GameProgramming2/DungeonGenerator/procedural generation for unreal/DungeonGenerator/Saved/Config/Windows/Scalability.ini]
[2020.10.04-04.19.29:539][  0]LogConfig: Setting CVar [[r.SkeletalMeshLODBias:0]]
[2020.10.04-04.19.29:539][  0]LogConfig: Setting CVar [[r.ViewDistanceScale:1.0]]
[2020.10.04-04.19.29:539][  0]LogConfig: Applying CVar settings from Section [AntiAliasingQuality@3] File [E:/GameProgramming2/DungeonGenerator/procedural generation for unreal/DungeonGenerator/Saved/Config/Windows/Scalability.ini]
[2020.10.04-04.19.29:539][  0]LogConfig: Setting CVar [[r.PostProcessAAQuality:4]]
[2020.10.04-04.19.29:539][  0]LogConfig: Applying CVar settings from Section [ShadowQuality@3] File [E:/GameProgramming2/DungeonGenerator/procedural generation for unreal/DungeonGenerator/Saved/Config/Windows/Scalability.ini]
[2020.10.04-04.19.29:539][  0]LogConfig: Setting CVar [[r.LightFunctionQuality:1]]
[2020.10.04-04.19.29:539][  0]LogConfig: Setting CVar [[r.ShadowQuality:5]]
[2020.10.04-04.19.29:539][  0]LogConfig: Setting CVar [[r.Shadow.CSM.MaxCascades:10]]
[2020.10.04-04.19.29:539][  0]LogConfig: Setting CVar [[r.Shadow.MaxResolution:2048]]
[2020.10.04-04.19.29:539][  0]LogConfig: Setting CVar [[r.Shadow.MaxCSMResolution:2048]]
[2020.10.04-04.19.29:539][  0]LogConfig: Setting CVar [[r.Shadow.RadiusThreshold:0.01]]
[2020.10.04-04.19.29:539][  0]LogConfig: Setting CVar [[r.Shadow.DistanceScale:1.0]]
[2020.10.04-04.19.29:539][  0]LogConfig: Setting CVar [[r.Shadow.CSM.TransitionScale:1.0]]
[2020.10.04-04.19.29:539][  0]LogConfig: Setting CVar [[r.Shadow.PreShadowResolutionFactor:1.0]]
[2020.10.04-04.19.29:540][  0]LogConfig: Setting CVar [[r.DistanceFieldShadowing:1]]
[2020.10.04-04.19.29:540][  0]LogConfig: Setting CVar [[r.DistanceFieldAO:1]]
[2020.10.04-04.19.29:540][  0]LogConfig: Setting CVar [[r.AOQuality:2]]
[2020.10.04-04.19.29:540][  0]LogConfig: Setting CVar [[r.VolumetricFog:1]]
[2020.10.04-04.19.29:540][  0]LogConfig: Setting CVar [[r.VolumetricFog.GridPixelSize:8]]
[2020.10.04-04.19.29:540][  0]LogConfig: Setting CVar [[r.VolumetricFog.GridSizeZ:128]]
[2020.10.04-04.19.29:540][  0]LogConfig: Setting CVar [[r.VolumetricFog.HistoryMissSupersampleCount:4]]
[2020.10.04-04.19.29:540][  0]LogConfig: Setting CVar [[r.LightMaxDrawDistanceScale:1]]
[2020.10.04-04.19.29:540][  0]LogConfig: Setting CVar [[r.CapsuleShadows:1]]
[2020.10.04-04.19.29:540][  0]LogConfig: Applying CVar settings from Section [PostProcessQuality@3] File [E:/GameProgramming2/DungeonGenerator/procedural generation for unreal/DungeonGenerator/Saved/Config/Windows/Scalability.ini]
[2020.10.04-04.19.29:540][  0]LogConfig: Setting CVar [[r.MotionBlurQuality:4]]
[2020.10.04-04.19.29:541][  0]LogConfig: Setting CVar [[r.AmbientOcclusionMipLevelFactor:0.4]]
[2020.10.04-04.19.29:541][  0]LogConfig: Setting CVar [[r.AmbientOcclusionMaxQuality:100]]
[2020.10.04-04.19.29:541][  0]LogConfig: Setting CVar [[r.AmbientOcclusionLevels:-1]]
[2020.10.04-04.19.29:541][  0]LogConfig: Setting CVar [[r.AmbientOcclusionRadiusScale:1.0]]
[2020.10.04-04.19.29:541][  0]LogConfig: Setting CVar [[r.DepthOfFieldQuality:2]]
[2020.10.04-04.19.29:541][  0]LogConfig: Setting CVar [[r.RenderTargetPoolMin:400]]
[2020.10.04-04.19.29:541][  0]LogConfig: Setting CVar [[r.LensFlareQuality:2]]
[2020.10.04-04.19.29:541][  0]LogConfig: Setting CVar [[r.SceneColorFringeQuality:1]]
[2020.10.04-04.19.29:541][  0]LogConfig: Setting CVar [[r.EyeAdaptationQuality:2]]
[2020.10.04-04.19.29:541][  0]LogConfig: Setting CVar [[r.BloomQuality:5]]
[2020.10.04-04.19.29:541][  0]LogConfig: Setting CVar [[r.FastBlurThreshold:100]]
[2020.10.04-04.19.29:541][  0]LogConfig: Setting CVar [[r.Upscale.Quality:3]]
[2020.10.04-04.19.29:541][  0]LogConfig: Setting CVar [[r.Tonemapper.GrainQuantization:1]]
[2020.10.04-04.19.29:541][  0]LogConfig: Setting CVar [[r.LightShaftQuality:1]]
[2020.10.04-04.19.29:541][  0]LogConfig: Setting CVar [[r.Filter.SizeScale:1]]
[2020.10.04-04.19.29:541][  0]LogConfig: Setting CVar [[r.Tonemapper.Quality:5]]
[2020.10.04-04.19.29:541][  0]LogConfig: Setting CVar [[r.DOF.Gather.AccumulatorQuality:1        ; higher gathering accumulator quality]]
[2020.10.04-04.19.29:541][  0]LogConfig: Setting CVar [[r.DOF.Gather.PostfilterMethod:1          ; Median3x3 postfilering method]]
[2020.10.04-04.19.29:542][  0]LogConfig: Setting CVar [[r.DOF.Gather.EnableBokehSettings:0       ; no bokeh simulation when gathering]]
[2020.10.04-04.19.29:542][  0]LogConfig: Setting CVar [[r.DOF.Gather.RingCount:4                 ; medium number of samples when gathering]]
[2020.10.04-04.19.29:542][  0]LogConfig: Setting CVar [[r.DOF.Scatter.ForegroundCompositing:1    ; additive foreground scattering]]
[2020.10.04-04.19.29:542][  0]LogConfig: Setting CVar [[r.DOF.Scatter.BackgroundCompositing:2    ; additive background scattering]]
[2020.10.04-04.19.29:542][  0]LogConfig: Setting CVar [[r.DOF.Scatter.EnableBokehSettings:1      ; bokeh simulation when scattering]]
[2020.10.04-04.19.29:542][  0]LogConfig: Setting CVar [[r.DOF.Scatter.MaxSpriteRatio:0.1         ; only a maximum of 10% of scattered bokeh]]
[2020.10.04-04.19.29:542][  0]LogConfig: Setting CVar [[r.DOF.Recombine.Quality:1                ; cheap slight out of focus]]
[2020.10.04-04.19.29:542][  0]LogConfig: Setting CVar [[r.DOF.Recombine.EnableBokehSettings:0    ; no bokeh simulation on slight out of focus]]
[2020.10.04-04.19.29:542][  0]LogConfig: Setting CVar [[r.DOF.TemporalAAQuality:1                ; more stable temporal accumulation]]
[2020.10.04-04.19.29:542][  0]LogConfig: Setting CVar [[r.DOF.Kernel.MaxForegroundRadius:0.025]]
[2020.10.04-04.19.29:542][  0]LogConfig: Setting CVar [[r.DOF.Kernel.MaxBackgroundRadius:0.025]]
[2020.10.04-04.19.29:542][  0]LogConfig: Applying CVar settings from Section [TextureQuality@3] File [E:/GameProgramming2/DungeonGenerator/procedural generation for unreal/DungeonGenerator/Saved/Config/Windows/Scalability.ini]
[2020.10.04-04.19.29:542][  0]LogConfig: Setting CVar [[r.Streaming.MipBias:0]]
[2020.10.04-04.19.29:542][  0]LogConfig: Setting CVar [[r.Streaming.AmortizeCPUToGPUCopy:0]]
[2020.10.04-04.19.29:542][  0]LogConfig: Setting CVar [[r.Streaming.MaxNumTexturesToStreamPerFrame:0]]
[2020.10.04-04.19.29:542][  0]LogConfig: Setting CVar [[r.Streaming.Boost:1]]
[2020.10.04-04.19.29:542][  0]LogConfig: Setting CVar [[r.MaxAnisotropy:8]]
[2020.10.04-04.19.29:543][  0]LogConfig: Setting CVar [[r.VT.MaxAnisotropy:8]]
[2020.10.04-04.19.29:543][  0]LogConfig: Setting CVar [[r.Streaming.LimitPoolSizeToVRAM:0]]
[2020.10.04-04.19.29:543][  0]LogConfig: Setting CVar [[r.Streaming.PoolSize:1000]]
[2020.10.04-04.19.29:543][  0]LogConfig: Setting CVar [[r.Streaming.MaxEffectiveScreenSize:0]]
[2020.10.04-04.19.29:543][  0]LogConfig: Applying CVar settings from Section [EffectsQuality@3] File [E:/GameProgramming2/DungeonGenerator/procedural generation for unreal/DungeonGenerator/Saved/Config/Windows/Scalability.ini]
[2020.10.04-04.19.29:543][  0]LogConfig: Setting CVar [[r.TranslucencyLightingVolumeDim:64]]
[2020.10.04-04.19.29:543][  0]LogConfig: Setting CVar [[r.RefractionQuality:2]]
[2020.10.04-04.19.29:543][  0]LogConfig: Setting CVar [[r.SSR.Quality:3]]
[2020.10.04-04.19.29:543][  0]LogConfig: Setting CVar [[r.SSR.HalfResSceneColor:0]]
[2020.10.04-04.19.29:543][  0]LogConfig: Setting CVar [[r.SceneColorFormat:4]]
[2020.10.04-04.19.29:543][  0]LogConfig: Setting CVar [[r.DetailMode:2]]
[2020.10.04-04.19.29:543][  0]LogConfig: Setting CVar [[r.TranslucencyVolumeBlur:1]]
[2020.10.04-04.19.29:543][  0]LogConfig: Setting CVar [[r.MaterialQualityLevel:1 ; High quality]]
[2020.10.04-04.19.29:543][  0]LogConfig: Setting CVar [[r.SSS.Scale:1]]
[2020.10.04-04.19.29:543][  0]LogConfig: Setting CVar [[r.SSS.SampleSet:2]]
[2020.10.04-04.19.29:543][  0]LogConfig: Setting CVar [[r.SSS.Quality:1]]
[2020.10.04-04.19.29:543][  0]LogConfig: Setting CVar [[r.SSS.HalfRes:0]]
[2020.10.04-04.19.29:544][  0]LogConfig: Setting CVar [[r.SSGI.Quality:3]]
[2020.10.04-04.19.29:544][  0]LogConfig: Setting CVar [[r.EmitterSpawnRateScale:1.0]]
[2020.10.04-04.19.29:544][  0]LogConfig: Setting CVar [[r.ParticleLightQuality:2]]
[2020.10.04-04.19.29:544][  0]LogConfig: Setting CVar [[r.SkyAtmosphere.AerialPerspectiveLUT.FastApplyOnOpaque:1 ; Always have FastSkyLUT 1 in this case to avoid wrong sky]]
[2020.10.04-04.19.29:544][  0]LogConfig: Setting CVar [[r.SkyAtmosphere.AerialPerspectiveLUT.SampleCountPerSlice:1]]
[2020.10.04-04.19.29:544][  0]LogConfig: Setting CVar [[r.SkyAtmosphere.AerialPerspectiveLUT.DepthResolution:16.0]]
[2020.10.04-04.19.29:544][  0]LogConfig: Setting CVar [[r.SkyAtmosphere.FastSkyLUT:1]]
[2020.10.04-04.19.29:544][  0]LogConfig: Setting CVar [[r.SkyAtmosphere.FastSkyLUT.SampleCountMin:4.0]]
[2020.10.04-04.19.29:544][  0]LogConfig: Setting CVar [[r.SkyAtmosphere.FastSkyLUT.SampleCountMax:32.0]]
[2020.10.04-04.19.29:544][  0]LogConfig: Setting CVar [[r.SkyAtmosphere.SampleCountMin:4.0]]
[2020.10.04-04.19.29:544][  0]LogConfig: Setting CVar [[r.SkyAtmosphere.SampleCountMax:32.0]]
[2020.10.04-04.19.29:544][  0]LogConfig: Setting CVar [[r.SkyAtmosphere.TransmittanceLUT.UseSmallFormat:0]]
[2020.10.04-04.19.29:544][  0]LogConfig: Setting CVar [[r.SkyAtmosphere.TransmittanceLUT.SampleCount:10.0]]
[2020.10.04-04.19.29:544][  0]LogConfig: Setting CVar [[r.SkyAtmosphere.MultiScatteringLUT.SampleCount:15.0]]
[2020.10.04-04.19.29:544][  0]LogConfig: Applying CVar settings from Section [FoliageQuality@3] File [E:/GameProgramming2/DungeonGenerator/procedural generation for unreal/DungeonGenerator/Saved/Config/Windows/Scalability.ini]
[2020.10.04-04.19.29:544][  0]LogConfig: Setting CVar [[foliage.DensityScale:1.0]]
[2020.10.04-04.19.29:544][  0]LogConfig: Setting CVar [[grass.DensityScale:1.0]]
[2020.10.04-04.19.29:545][  0]LogConfig: Applying CVar settings from Section [ShadingQuality@3] File [E:/GameProgramming2/DungeonGenerator/procedural generation for unreal/DungeonGenerator/Saved/Config/Windows/Scalability.ini]
[2020.10.04-04.19.29:545][  0]LogConfig: Setting CVar [[r.HairStrands.SkyLighting.SampleCount:16]]
[2020.10.04-04.19.29:545][  0]LogConfig: Setting CVar [[r.HairStrands.SkyLighting.JitterIntegration:0]]
[2020.10.04-04.19.29:545][  0]LogConfig: Setting CVar [[r.HairStrands.SkyAO.SampleCount:16]]
[2020.10.04-04.19.29:545][  0]LogConfig: Setting CVar [[r.HairStrands.DeepShadow.SuperSampling:0]]
[2020.10.04-04.19.29:545][  0]LogConfig: Setting CVar [[r.HairStrands.VisibilityPPLL:0]]
[2020.10.04-04.19.29:545][  0]LogConfig: Setting CVar [[r.HairStrands.RasterizationScale:0.5]]
[2020.10.04-04.19.29:545][  0]LogConfig: Setting CVar [[r.HairStrands.VelocityRasterizationScale:1]]
[2020.10.04-04.19.29:545][  0]LogInit: Selected Device Profile: [Windows]
[2020.10.04-04.19.29:545][  0]LogInit: Applying CVar settings loaded from the selected device profile: [Windows]
[2020.10.04-04.19.29:545][  0]LogHAL: Display: Platform has ~ 16 GB [17105043456 / 17179869184 / 16], which maps to Larger [LargestMinGB=32, LargerMinGB=12, DefaultMinGB=8, SmallerMinGB=6, SmallestMinGB=0)
[2020.10.04-04.19.29:545][  0]LogInit: Going up to parent DeviceProfile []
[2020.10.04-04.19.29:545][  0]LogConfig: Applying CVar settings from Section [ViewDistanceQuality@3] File [E:/GameProgramming2/DungeonGenerator/procedural generation for unreal/DungeonGenerator/Saved/Config/Windows/Scalability.ini]
[2020.10.04-04.19.29:545][  0]LogConfig: Setting CVar [[r.SkeletalMeshLODBias:0]]
[2020.10.04-04.19.29:545][  0]LogConfig: Setting CVar [[r.ViewDistanceScale:1.0]]
[2020.10.04-04.19.29:545][  0]LogConfig: Applying CVar settings from Section [AntiAliasingQuality@3] File [E:/GameProgramming2/DungeonGenerator/procedural generation for unreal/DungeonGenerator/Saved/Config/Windows/Scalability.ini]
[2020.10.04-04.19.29:546][  0]LogConfig: Setting CVar [[r.PostProcessAAQuality:4]]
[2020.10.04-04.19.29:546][  0]LogConfig: Applying CVar settings from Section [ShadowQuality@3] File [E:/GameProgramming2/DungeonGenerator/procedural generation for unreal/DungeonGenerator/Saved/Config/Windows/Scalability.ini]
[2020.10.04-04.19.29:546][  0]LogConfig: Setting CVar [[r.LightFunctionQuality:1]]
[2020.10.04-04.19.29:546][  0]LogConfig: Setting CVar [[r.ShadowQuality:5]]
[2020.10.04-04.19.29:546][  0]LogConfig: Setting CVar [[r.Shadow.CSM.MaxCascades:10]]
[2020.10.04-04.19.29:546][  0]LogConfig: Setting CVar [[r.Shadow.MaxResolution:2048]]
[2020.10.04-04.19.29:546][  0]LogConfig: Setting CVar [[r.Shadow.MaxCSMResolution:2048]]
[2020.10.04-04.19.29:546][  0]LogConfig: Setting CVar [[r.Shadow.RadiusThreshold:0.01]]
[2020.10.04-04.19.29:546][  0]LogConfig: Setting CVar [[r.Shadow.DistanceScale:1.0]]
[2020.10.04-04.19.29:546][  0]LogConfig: Setting CVar [[r.Shadow.CSM.TransitionScale:1.0]]
[2020.10.04-04.19.29:546][  0]LogConfig: Setting CVar [[r.Shadow.PreShadowResolutionFactor:1.0]]
[2020.10.04-04.19.29:546][  0]LogConfig: Setting CVar [[r.DistanceFieldShadowing:1]]
[2020.10.04-04.19.29:546][  0]LogConfig: Setting CVar [[r.DistanceFieldAO:1]]
[2020.10.04-04.19.29:546][  0]LogConfig: Setting CVar [[r.AOQuality:2]]
[2020.10.04-04.19.29:546][  0]LogConfig: Setting CVar [[r.VolumetricFog:1]]
[2020.10.04-04.19.29:546][  0]LogConfig: Setting CVar [[r.VolumetricFog.GridPixelSize:8]]
[2020.10.04-04.19.29:546][  0]LogConfig: Setting CVar [[r.VolumetricFog.GridSizeZ:128]]
[2020.10.04-04.19.29:546][  0]LogConfig: Setting CVar [[r.VolumetricFog.HistoryMissSupersampleCount:4]]
[2020.10.04-04.19.29:546][  0]LogConfig: Setting CVar [[r.LightMaxDrawDistanceScale:1]]
[2020.10.04-04.19.29:546][  0]LogConfig: Setting CVar [[r.CapsuleShadows:1]]
[2020.10.04-04.19.29:546][  0]LogConfig: Applying CVar settings from Section [PostProcessQuality@3] File [E:/GameProgramming2/DungeonGenerator/procedural generation for unreal/DungeonGenerator/Saved/Config/Windows/Scalability.ini]
[2020.10.04-04.19.29:547][  0]LogConfig: Setting CVar [[r.MotionBlurQuality:4]]
[2020.10.04-04.19.29:547][  0]LogConfig: Setting CVar [[r.AmbientOcclusionMipLevelFactor:0.4]]
[2020.10.04-04.19.29:547][  0]LogConfig: Setting CVar [[r.AmbientOcclusionMaxQuality:100]]
[2020.10.04-04.19.29:547][  0]LogConfig: Setting CVar [[r.AmbientOcclusionLevels:-1]]
[2020.10.04-04.19.29:547][  0]LogConfig: Setting CVar [[r.AmbientOcclusionRadiusScale:1.0]]
[2020.10.04-04.19.29:547][  0]LogConfig: Setting CVar [[r.DepthOfFieldQuality:2]]
[2020.10.04-04.19.29:547][  0]LogConfig: Setting CVar [[r.RenderTargetPoolMin:400]]
[2020.10.04-04.19.29:547][  0]LogConfig: Setting CVar [[r.LensFlareQuality:2]]
[2020.10.04-04.19.29:547][  0]LogConfig: Setting CVar [[r.SceneColorFringeQuality:1]]
[2020.10.04-04.19.29:547][  0]LogConfig: Setting CVar [[r.EyeAdaptationQuality:2]]
[2020.10.04-04.19.29:547][  0]LogConfig: Setting CVar [[r.BloomQuality:5]]
[2020.10.04-04.19.29:547][  0]LogConfig: Setting CVar [[r.FastBlurThreshold:100]]
[2020.10.04-04.19.29:547][  0]LogConfig: Setting CVar [[r.Upscale.Quality:3]]
[2020.10.04-04.19.29:547][  0]LogConfig: Setting CVar [[r.Tonemapper.GrainQuantization:1]]
[2020.10.04-04.19.29:547][  0]LogConfig: Setting CVar [[r.LightShaftQuality:1]]
[2020.10.04-04.19.29:547][  0]LogConfig: Setting CVar [[r.Filter.SizeScale:1]]
[2020.10.04-04.19.29:547][  0]LogConfig: Setting CVar [[r.Tonemapper.Quality:5]]
[2020.10.04-04.19.29:547][  0]LogConfig: Setting CVar [[r.DOF.Gather.AccumulatorQuality:1        ; higher gathering accumulator quality]]
[2020.10.04-04.19.29:547][  0]LogConfig: Setting CVar [[r.DOF.Gather.PostfilterMethod:1          ; Median3x3 postfilering method]]
[2020.10.04-04.19.29:547][  0]LogConfig: Setting CVar [[r.DOF.Gather.EnableBokehSettings:0       ; no bokeh simulation when gathering]]
[2020.10.04-04.19.29:548][  0]LogConfig: Setting CVar [[r.DOF.Gather.RingCount:4                 ; medium number of samples when gathering]]
[2020.10.04-04.19.29:548][  0]LogConfig: Setting CVar [[r.DOF.Scatter.ForegroundCompositing:1    ; additive foreground scattering]]
[2020.10.04-04.19.29:548][  0]LogConfig: Setting CVar [[r.DOF.Scatter.BackgroundCompositing:2    ; additive background scattering]]
[2020.10.04-04.19.29:548][  0]LogConfig: Setting CVar [[r.DOF.Scatter.EnableBokehSettings:1      ; bokeh simulation when scattering]]
[2020.10.04-04.19.29:548][  0]LogConfig: Setting CVar [[r.DOF.Scatter.MaxSpriteRatio:0.1         ; only a maximum of 10% of scattered bokeh]]
[2020.10.04-04.19.29:548][  0]LogConfig: Setting CVar [[r.DOF.Recombine.Quality:1                ; cheap slight out of focus]]
[2020.10.04-04.19.29:548][  0]LogConfig: Setting CVar [[r.DOF.Recombine.EnableBokehSettings:0    ; no bokeh simulation on slight out of focus]]
[2020.10.04-04.19.29:548][  0]LogConfig: Setting CVar [[r.DOF.TemporalAAQuality:1                ; more stable temporal accumulation]]
[2020.10.04-04.19.29:548][  0]LogConfig: Setting CVar [[r.DOF.Kernel.MaxForegroundRadius:0.025]]
[2020.10.04-04.19.29:548][  0]LogConfig: Setting CVar [[r.DOF.Kernel.MaxBackgroundRadius:0.025]]
[2020.10.04-04.19.29:548][  0]LogConfig: Applying CVar settings from Section [TextureQuality@3] File [E:/GameProgramming2/DungeonGenerator/procedural generation for unreal/DungeonGenerator/Saved/Config/Windows/Scalability.ini]
[2020.10.04-04.19.29:548][  0]LogConfig: Setting CVar [[r.Streaming.MipBias:0]]
[2020.10.04-04.19.29:548][  0]LogConfig: Setting CVar [[r.Streaming.AmortizeCPUToGPUCopy:0]]
[2020.10.04-04.19.29:548][  0]LogConfig: Setting CVar [[r.Streaming.MaxNumTexturesToStreamPerFrame:0]]
[2020.10.04-04.19.29:548][  0]LogConfig: Setting CVar [[r.Streaming.Boost:1]]
[2020.10.04-04.19.29:548][  0]LogConfig: Setting CVar [[r.MaxAnisotropy:8]]
[2020.10.04-04.19.29:548][  0]LogConfig: Setting CVar [[r.VT.MaxAnisotropy:8]]
[2020.10.04-04.19.29:548][  0]LogConfig: Setting CVar [[r.Streaming.LimitPoolSizeToVRAM:0]]
[2020.10.04-04.19.29:548][  0]LogConfig: Setting CVar [[r.Streaming.PoolSize:1000]]
[2020.10.04-04.19.29:548][  0]LogConfig: Setting CVar [[r.Streaming.MaxEffectiveScreenSize:0]]
[2020.10.04-04.19.29:549][  0]LogConfig: Applying CVar settings from Section [EffectsQuality@3] File [E:/GameProgramming2/DungeonGenerator/procedural generation for unreal/DungeonGenerator/Saved/Config/Windows/Scalability.ini]
[2020.10.04-04.19.29:549][  0]LogConfig: Setting CVar [[r.TranslucencyLightingVolumeDim:64]]
[2020.10.04-04.19.29:549][  0]LogConfig: Setting CVar [[r.RefractionQuality:2]]
[2020.10.04-04.19.29:549][  0]LogConfig: Setting CVar [[r.SSR.Quality:3]]
[2020.10.04-04.19.29:549][  0]LogConfig: Setting CVar [[r.SSR.HalfResSceneColor:0]]
[2020.10.04-04.19.29:549][  0]LogConfig: Setting CVar [[r.SceneColorFormat:4]]
[2020.10.04-04.19.29:549][  0]LogConfig: Setting CVar [[r.DetailMode:2]]
[2020.10.04-04.19.29:549][  0]LogConfig: Setting CVar [[r.TranslucencyVolumeBlur:1]]
[2020.10.04-04.19.29:549][  0]LogConfig: Setting CVar [[r.MaterialQualityLevel:1 ; High quality]]
[2020.10.04-04.19.29:549][  0]LogConfig: Setting CVar [[r.SSS.Scale:1]]
[2020.10.04-04.19.29:549][  0]LogConfig: Setting CVar [[r.SSS.SampleSet:2]]
[2020.10.04-04.19.29:549][  0]LogConfig: Setting CVar [[r.SSS.Quality:1]]
[2020.10.04-04.19.29:549][  0]LogConfig: Setting CVar [[r.SSS.HalfRes:0]]
[2020.10.04-04.19.29:549][  0]LogConfig: Setting CVar [[r.SSGI.Quality:3]]
[2020.10.04-04.19.29:549][  0]LogConfig: Setting CVar [[r.EmitterSpawnRateScale:1.0]]
[2020.10.04-04.19.29:549][  0]LogConfig: Setting CVar [[r.ParticleLightQuality:2]]
[2020.10.04-04.19.29:549][  0]LogConfig: Setting CVar [[r.SkyAtmosphere.AerialPerspectiveLUT.FastApplyOnOpaque:1 ; Always have FastSkyLUT 1 in this case to avoid wrong sky]]
[2020.10.04-04.19.29:549][  0]LogConfig: Setting CVar [[r.SkyAtmosphere.AerialPerspectiveLUT.SampleCountPerSlice:1]]
[2020.10.04-04.19.29:549][  0]LogConfig: Setting CVar [[r.SkyAtmosphere.AerialPerspectiveLUT.DepthResolution:16.0]]
[2020.10.04-04.19.29:549][  0]LogConfig: Setting CVar [[r.SkyAtmosphere.FastSkyLUT:1]]
[2020.10.04-04.19.29:549][  0]LogConfig: Setting CVar [[r.SkyAtmosphere.FastSkyLUT.SampleCountMin:4.0]]
[2020.10.04-04.19.29:549][  0]LogConfig: Setting CVar [[r.SkyAtmosphere.FastSkyLUT.SampleCountMax:32.0]]
[2020.10.04-04.19.29:550][  0]LogConfig: Setting CVar [[r.SkyAtmosphere.SampleCountMin:4.0]]
[2020.10.04-04.19.29:550][  0]LogConfig: Setting CVar [[r.SkyAtmosphere.SampleCountMax:32.0]]
[2020.10.04-04.19.29:550][  0]LogConfig: Setting CVar [[r.SkyAtmosphere.TransmittanceLUT.UseSmallFormat:0]]
[2020.10.04-04.19.29:550][  0]LogConfig: Setting CVar [[r.SkyAtmosphere.TransmittanceLUT.SampleCount:10.0]]
[2020.10.04-04.19.29:550][  0]LogConfig: Setting CVar [[r.SkyAtmosphere.MultiScatteringLUT.SampleCount:15.0]]
[2020.10.04-04.19.29:550][  0]LogConfig: Applying CVar settings from Section [FoliageQuality@3] File [E:/GameProgramming2/DungeonGenerator/procedural generation for unreal/DungeonGenerator/Saved/Config/Windows/Scalability.ini]
[2020.10.04-04.19.29:550][  0]LogConfig: Setting CVar [[foliage.DensityScale:1.0]]
[2020.10.04-04.19.29:550][  0]LogConfig: Setting CVar [[grass.DensityScale:1.0]]
[2020.10.04-04.19.29:550][  0]LogConfig: Applying CVar settings from Section [ShadingQuality@3] File [E:/GameProgramming2/DungeonGenerator/procedural generation for unreal/DungeonGenerator/Saved/Config/Windows/Scalability.ini]
[2020.10.04-04.19.29:550][  0]LogConfig: Setting CVar [[r.HairStrands.SkyLighting.SampleCount:16]]
[2020.10.04-04.19.29:550][  0]LogConfig: Setting CVar [[r.HairStrands.SkyLighting.JitterIntegration:0]]
[2020.10.04-04.19.29:550][  0]LogConfig: Setting CVar [[r.HairStrands.SkyAO.SampleCount:16]]
[2020.10.04-04.19.29:550][  0]LogConfig: Setting CVar [[r.HairStrands.DeepShadow.SuperSampling:0]]
[2020.10.04-04.19.29:550][  0]LogConfig: Setting CVar [[r.HairStrands.VisibilityPPLL:0]]
[2020.10.04-04.19.29:550][  0]LogConfig: Setting CVar [[r.HairStrands.RasterizationScale:0.5]]
[2020.10.04-04.19.29:550][  0]LogConfig: Setting CVar [[r.HairStrands.VelocityRasterizationScale:1]]
[2020.10.04-04.19.29:550][  0]LogConfig: Applying CVar settings from Section [Startup] File [../../../Engine/Config/ConsoleVariables.ini]
[2020.10.04-04.19.29:551][  0]LogConfig: Setting CVar [[net.UseAdaptiveNetUpdateFrequency:0]]
[2020.10.04-04.19.29:551][  0]LogConfig: Setting CVar [[p.chaos.AllowCreatePhysxBodies:1]]
[2020.10.04-04.19.29:551][  0]LogConfig: Setting CVar [[fx.SkipVectorVMBackendOptimizations:1]]
[2020.10.04-04.19.29:551][  0]LogConfig: Applying CVar settings from Section [ConsoleVariables] File [E:/GameProgramming2/DungeonGenerator/procedural generation for unreal/DungeonGenerator/Saved/Config/Windows/Engine.ini]
[2020.10.04-04.19.29:551][  0]LogInit: Computer: DESKTOP-7A4L19L
[2020.10.04-04.19.29:551][  0]LogInit: User: balaj
[2020.10.04-04.19.29:551][  0]LogInit: CPU Page size=4096, Cores=8
[2020.10.04-04.19.29:551][  0]LogInit: High frequency timer resolution =10.000000 MHz
[2020.10.04-04.19.29:551][  0]LogMemory: Memory total: Physical=15.9GB (16GB approx)
[2020.10.04-04.19.29:551][  0]LogMemory: Platform Memory Stats for Windows
[2020.10.04-04.19.29:551][  0]LogMemory: Process Physical Memory: 118.61 MB used, 118.62 MB peak
[2020.10.04-04.19.29:551][  0]LogMemory: Process Virtual Memory: 101.58 MB used, 101.58 MB peak
[2020.10.04-04.19.29:551][  0]LogMemory: Physical Memory: 11449.45 MB used,  4863.19 MB free, 16312.64 MB total
[2020.10.04-04.19.29:551][  0]LogMemory: Virtual Memory: 5226.23 MB used,  134212504.00 MB free, 134217728.00 MB total
[2020.10.04-04.19.29:842][  0]LogWindows: WindowsPlatformFeatures enabled
[2020.10.04-04.19.30:045][  0]LogInit: Physics initialised using underlying interface: PhysX
[2020.10.04-04.19.30:046][  0]LogInit: Using OS detected language (en-US).
[2020.10.04-04.19.30:046][  0]LogInit: Using OS detected locale (en-US).
[2020.10.04-04.19.30:048][  0]LogTextLocalizationManager: No specific localization for 'en-US' exists, so the 'en' localization will be used.
[2020.10.04-04.19.30:204][  0]LogInit: Setting process to per monitor DPI aware
[2020.10.04-04.19.30:270][  0]LogSlate: New Slate User Created.  User Index 0, Is Virtual User: 0
[2020.10.04-04.19.30:270][  0]LogSlate: Slate User Registered.  User Index 0, Is Virtual User: 0
[2020.10.04-04.19.30:377][  0]LogHMD: Failed to initialize OpenVR with code 110
[2020.10.04-04.19.30:378][  0]LogD3D11RHI: D3D11 min allowed feature level: 11_0
[2020.10.04-04.19.30:378][  0]LogD3D11RHI: D3D11 max allowed feature level: 11_0
[2020.10.04-04.19.30:378][  0]LogD3D11RHI: D3D11 adapters:
[2020.10.04-04.19.30:453][  0]LogD3D11RHI:    0. 'NVIDIA GeForce RTX 2080 SUPER' (Feature Level 11_0)
[2020.10.04-04.19.30:453][  0]LogD3D11RHI:       8010/0/8156 MB DedicatedVideo/DedicatedSystem/SharedSystem, Outputs:3, VendorId:0x10de
[2020.10.04-04.19.30:458][  0]LogD3D11RHI:    1. 'Microsoft Basic Render Driver' (Feature Level 11_0)
[2020.10.04-04.19.30:458][  0]LogD3D11RHI:       0/0/8156 MB DedicatedVideo/DedicatedSystem/SharedSystem, Outputs:0, VendorId:0x1414
[2020.10.04-04.19.30:458][  0]LogD3D11RHI: Chosen D3D11 Adapter: 0
[2020.10.04-04.19.30:470][  0]LogD3D11RHI: Creating new Direct3DDevice
[2020.10.04-04.19.30:470][  0]LogD3D11RHI:     GPU DeviceId: 0x1e81 (for the marketing name, search the web for "GPU Device Id")
[2020.10.04-04.19.30:470][  0]LogWindows: EnumDisplayDevices:
[2020.10.04-04.19.30:470][  0]LogWindows:    0. 'NVIDIA GeForce RTX 2080 SUPER' (P:0 D:1)
[2020.10.04-04.19.30:470][  0]LogWindows:    1. 'NVIDIA GeForce RTX 2080 SUPER' (P:1 D:1)
[2020.10.04-04.19.30:471][  0]LogWindows:    2. 'NVIDIA GeForce RTX 2080 SUPER' (P:0 D:1)
[2020.10.04-04.19.30:471][  0]LogWindows:    3. 'NVIDIA GeForce RTX 2080 SUPER' (P:0 D:0)
[2020.10.04-04.19.30:471][  0]LogWindows: DebugString: FoundDriverCount:4 
[2020.10.04-04.19.30:471][  0]LogD3D11RHI:     Adapter Name: NVIDIA GeForce RTX 2080 SUPER
[2020.10.04-04.19.30:471][  0]LogD3D11RHI:   Driver Version: 451.67 (internal:27.21.14.5167, unified:451.67)
[2020.10.04-04.19.30:471][  0]LogD3D11RHI:      Driver Date: 7-5-2020
[2020.10.04-04.19.30:471][  0]LogRHI: Texture pool is 5607 MB (70% of 8010 MB)
[2020.10.04-04.19.30:533][  0]LogD3D11RHI: RHI has support for 64 bit atomics
[2020.10.04-04.19.30:534][  0]LogD3D11RHI: [Aftermath] Enabled and primed
[2020.10.04-04.19.30:534][  0]LogD3D11RHI: Async texture creation enabled
[2020.10.04-04.19.30:534][  0]LogD3D11RHI: Array index from any shader is supported
[2020.10.04-04.19.30:565][  0]LogD3D11RHI: GPU Timing Frequency: 1000.000000 (Debug: 2 1)
[2020.10.04-04.19.30:810][  0]LogTargetPlatformManager: Display: Loaded TargetPlatform 'AllDesktop'
[2020.10.04-04.19.30:831][  0]LogTargetPlatformManager: Display: Loaded TargetPlatform 'Android'
[2020.10.04-04.19.30:831][  0]LogTargetPlatformManager: Display: Loaded TargetPlatform 'Android_ASTC'
[2020.10.04-04.19.30:832][  0]LogTargetPlatformManager: Display: Loaded TargetPlatform 'Android_DXT'
[2020.10.04-04.19.30:832][  0]LogTargetPlatformManager: Display: Loaded TargetPlatform 'Android_ETC2'
[2020.10.04-04.19.30:832][  0]LogTargetPlatformManager: Display: Loaded TargetPlatform 'AndroidClient'
[2020.10.04-04.19.30:832][  0]LogTargetPlatformManager: Display: Loaded TargetPlatform 'Android_ASTCClient'
[2020.10.04-04.19.30:832][  0]LogTargetPlatformManager: Display: Loaded TargetPlatform 'Android_DXTClient'
[2020.10.04-04.19.30:832][  0]LogTargetPlatformManager: Display: Loaded TargetPlatform 'Android_ETC2Client'
[2020.10.04-04.19.30:832][  0]LogTargetPlatformManager: Display: Loaded TargetPlatform 'Android_Multi'
[2020.10.04-04.19.30:832][  0]LogTargetPlatformManager: Display: Loaded TargetPlatform 'Android_MultiClient'
[2020.10.04-04.19.30:862][  0]LogTargetPlatformManager: Display: Loaded TargetPlatform 'IOSClient'
[2020.10.04-04.19.30:862][  0]LogTargetPlatformManager: Display: Loaded TargetPlatform 'IOS'
[2020.10.04-04.19.30:872][  0]LogTargetPlatformManager: Display: Loaded TargetPlatform 'Linux'
[2020.10.04-04.19.30:882][  0]LogTargetPlatformManager: Display: Loaded TargetPlatform 'LinuxNoEditor'
[2020.10.04-04.19.30:898][  0]LogTargetPlatformManager: Display: Loaded TargetPlatform 'LinuxClient'
[2020.10.04-04.19.30:907][  0]LogTargetPlatformManager: Display: Loaded TargetPlatform 'LinuxServer'
[2020.10.04-04.19.30:917][  0]LogTargetPlatformManager: Display: Loaded TargetPlatform 'LinuxAArch64NoEditor'
[2020.10.04-04.19.30:926][  0]LogTargetPlatformManager: Display: Loaded TargetPlatform 'LinuxAArch64Client'
[2020.10.04-04.19.30:936][  0]LogTargetPlatformManager: Display: Loaded TargetPlatform 'LinuxAArch64Server'
[2020.10.04-04.19.30:960][  0]LogTargetPlatformManager: Display: Loaded TargetPlatform 'Lumin'
[2020.10.04-04.19.30:960][  0]LogTargetPlatformManager: Display: Loaded TargetPlatform 'LuminClient'
[2020.10.04-04.19.30:976][  0]LogTargetPlatformManager: Display: Loaded TargetPlatform 'TVOSClient'
[2020.10.04-04.19.30:976][  0]LogTargetPlatformManager: Display: Loaded TargetPlatform 'TVOS'
[2020.10.04-04.19.30:986][  0]LogTargetPlatformManager: Display: Loaded TargetPlatform 'WindowsNoEditor'
[2020.10.04-04.19.30:996][  0]LogTargetPlatformManager: Display: Loaded TargetPlatform 'Windows'
[2020.10.04-04.19.31:006][  0]LogTargetPlatformManager: Display: Loaded TargetPlatform 'WindowsClient'
[2020.10.04-04.19.31:016][  0]LogTargetPlatformManager: Display: Loaded TargetPlatform 'WindowsServer'
[2020.10.04-04.19.31:016][  0]LogTargetPlatformManager: Display: Building Assets For Windows
[2020.10.04-04.19.31:035][  0]LogAudioDebug: Display: Lib vorbis DLL was dynamically loaded.
[2020.10.04-04.19.31:126][  0]LogShaderCompilers: Guid format shader working directory is -53 characters bigger than the processId version (../../../../../GameProgramming2/DungeonGenerator/procedural generation for unreal/DungeonGenerator/Intermediate/Shaders/WorkingDirectory/27060/).
[2020.10.04-04.19.31:126][  0]LogShaderCompilers: Cleaned the shader compiler working directory 'C:/Users/balaj/AppData/Local/Temp/UnrealShaderWorkingDir/97BC7ABF4546227D2CF1C9B825BF08BF/'.
[2020.10.04-04.19.31:126][  0]LogXGEController: Cleaning working directory: C:/Users/balaj/AppData/Local/Temp/UnrealXGEWorkingDir/
[2020.10.04-04.19.31:127][  0]LogXGEController: Cannot use XGE Controller as Incredibuild is not installed on this machine.
[2020.10.04-04.19.31:127][  0]LogShaderCompilers: Cannot use XGE Shader Compiler as Incredibuild is not installed on this machine.
[2020.10.04-04.19.31:127][  0]LogShaderCompilers: Display: Using Local Shader Compiler.
[2020.10.04-04.19.31:759][  0]LogDerivedDataCache: Display: Max Cache Size: 512 MB
[2020.10.04-04.19.31:804][  0]LogDerivedDataCache: Loaded boot cache 0.05s 79MB C:/Users/balaj/AppData/Local/UnrealEngine/4.25/DerivedDataCache/Boot.ddc.
[2020.10.04-04.19.31:805][  0]LogDerivedDataCache: Display: Loaded Boot cache: C:/Users/balaj/AppData/Local/UnrealEngine/4.25/DerivedDataCache/Boot.ddc
[2020.10.04-04.19.31:805][  0]LogDerivedDataCache: FDerivedDataBackendGraph:  Pak pak cache file ../../../../../GameProgramming2/DungeonGenerator/procedural generation for unreal/DungeonGenerator/DerivedDataCache/DDC.ddp not found, will not use a pak cache.
[2020.10.04-04.19.31:805][  0]LogDerivedDataCache: Unable to find inner node Pak for hierarchical cache Hierarchy.
[2020.10.04-04.19.31:805][  0]LogDerivedDataCache: FDerivedDataBackendGraph:  CompressedPak pak cache file ../../../../../GameProgramming2/DungeonGenerator/procedural generation for unreal/DungeonGenerator/DerivedDataCache/Compressed.ddp not found, will not use a pak cache.
[2020.10.04-04.19.31:805][  0]LogDerivedDataCache: Unable to find inner node CompressedPak for hierarchical cache Hierarchy.
[2020.10.04-04.19.31:814][  0]LogDerivedDataCache: Display: Pak cache opened for reading ../../../Engine/DerivedDataCache/Compressed.ddp.
[2020.10.04-04.19.31:815][  0]LogDerivedDataCache: FDerivedDataBackendGraph:  EnterprisePak pak cache file ../../../Enterprise/DerivedDataCache/Compressed.ddp not found, will not use a pak cache.
[2020.10.04-04.19.31:815][  0]LogDerivedDataCache: Unable to find inner node EnterprisePak for hierarchical cache Hierarchy.
[2020.10.04-04.19.31:817][  0]LogDerivedDataCache: Using Local data cache path C:/Users/balaj/AppData/Local/UnrealEngine/Common/DerivedDataCache: Writable
[2020.10.04-04.19.31:817][  0]LogDerivedDataCache: Shared data cache path not found in *engine.ini, will not use an Shared cache.
[2020.10.04-04.19.31:817][  0]LogDerivedDataCache: Unable to find inner node Shared for hierarchical cache Hierarchy.
[2020.10.04-04.19.31:860][  0]LogSlate: Using FreeType 2.10.0
[2020.10.04-04.19.31:861][  0]LogSlate: SlateFontServices - WITH_FREETYPE: 1, WITH_HARFBUZZ: 1
[2020.10.04-04.19.31:886][  0]LogAssetRegistry: FAssetRegistry took 0.0053 seconds to start up
[2020.10.04-04.19.32:086][  0]LogInit: Selected Device Profile: [Windows]
[2020.10.04-04.19.32:207][  0]LogMeshReduction: Using QuadricMeshReduction for automatic static mesh reduction
[2020.10.04-04.19.32:207][  0]LogMeshReduction: Using SimplygonMeshReduction for automatic skeletal mesh reduction
[2020.10.04-04.19.32:207][  0]LogMeshReduction: Using ProxyLODMeshReduction for automatic mesh merging
[2020.10.04-04.19.32:207][  0]LogMeshReduction: No distributed automatic mesh merging module available
[2020.10.04-04.19.32:207][  0]LogMeshMerging: No distributed automatic mesh merging module available
[2020.10.04-04.19.32:228][  0]LogNetVersion: DungeonGenerator 1.0.0, NetCL: 13144385, EngineNetVer: 14, GameNetVer: 0 (Checksum: 1437415712)
[2020.10.04-04.19.32:551][  0]LogAISub: UAISubsystem::UAISubsystem AISubsystem (000002A54FAF1B40), frame # 0
[2020.10.04-04.19.32:552][  0]LogAISub: UAISubsystem::UAISubsystem AIPerceptionSystem (000002A54FA411C0), frame # 0
[2020.10.04-04.19.32:553][  0]LogAISub: UAISubsystem::UAISubsystem EnvQueryManager (000002A54FA7DE00), frame # 0
[2020.10.04-04.19.32:597][  0]LogPackageLocalizationCache: Processed 19 localized package path(s) for 1 prioritized culture(s) in 0.038712 seconds
[2020.10.04-04.19.32:602][  0]LogUObjectArray: 15917 objects as part of root set at end of initial load.
[2020.10.04-04.19.32:602][  0]LogUObjectAllocator: 3965568 out of 0 bytes used by permanent object pool.
[2020.10.04-04.19.32:602][  0]LogUObjectArray: CloseDisregardForGC: 0/0 objects in disregard for GC pool
[2020.10.04-04.19.33:024][  0]LogTcpMessaging: Initializing TcpMessaging bridge
[2020.10.04-04.19.33:031][  0]LogUdpMessaging: Initializing bridge on interface 0.0.0.0:0 to multicast group 230.0.0.1:6666.
[2020.10.04-04.19.33:199][  0]SourceControl: Source control is disabled
[2020.10.04-04.19.33:199][  0]SourceControl: Source control is disabled
[2020.10.04-04.19.33:204][  0]SourceControl: Source control is disabled
[2020.10.04-04.19.33:210][  0]SourceControl: Source control is disabled
[2020.10.04-04.19.33:223][  0]SourceControl: Source control is disabled
[2020.10.04-04.19.33:655][  0]LogAndroidPermission: UAndroidPermissionCallbackProxy::GetInstance
[2020.10.04-04.19.33:685][  0]LogAudioCaptureCore: Display: No Audio Capture implementations found. Audio input will be silent.
[2020.10.04-04.19.33:685][  0]LogAudioCaptureCore: Display: No Audio Capture implementations found. Audio input will be silent.
[2020.10.04-04.19.33:748][  0]LogOcInput: OculusInput pre-init called
[2020.10.04-04.19.33:943][  0]LogEngine: Initializing Engine...
[2020.10.04-04.19.33:945][  0]LogHMD: Failed to initialize OpenVR with code 110
[2020.10.04-04.19.33:945][  0]LogMagicLeap: Warning: VR disabled because ZI is not enabled.  To enable, in the editor, Edit -> Project Settings -> Plugins -> Magic Leap Plugin -> Enable Zero Iteration
[2020.10.04-04.19.33:946][  0]LogStats: UGameplayTagsManager::InitializeManager -  0.000 s
[2020.10.04-04.19.34:036][  0]LogInit: Initializing FReadOnlyCVARCache
[2020.10.04-04.19.34:044][  0]LogAIModule: Creating AISystem for world Untitled
[2020.10.04-04.19.34:044][  0]LogAISub: UAISubsystem::UAISubsystem EnvQueryManager (000002A5585CBC00), frame # 0
[2020.10.04-04.19.34:044][  0]LogAISub: UAISubsystem::UAISubsystem AIPerceptionSystem (000002A5585C7B00), frame # 0
[2020.10.04-04.19.34:058][  0]LogAudioMixer: Display: Audio Mixer Platform Settings:
[2020.10.04-04.19.34:058][  0]LogAudioMixer: Display: 	Sample Rate:						  48000
[2020.10.04-04.19.34:058][  0]LogAudioMixer: Display: 	Callback Buffer Frame Size Requested: 1024
[2020.10.04-04.19.34:058][  0]LogAudioMixer: Display: 	Callback Buffer Frame Size To Use:	  1024
[2020.10.04-04.19.34:058][  0]LogAudioMixer: Display: 	Number of buffers to queue:			  2
[2020.10.04-04.19.34:058][  0]LogAudioMixer: Display: 	Max Channels (voices):				  32
[2020.10.04-04.19.34:058][  0]LogAudioMixer: Display: 	Number of Async Source Workers:		  0
[2020.10.04-04.19.34:058][  0]LogAudio: Display: AudioDevice MaxSources: 32
[2020.10.04-04.19.34:059][  0]LogAudio: Display: Using built-in audio occlusion.
[2020.10.04-04.19.34:059][  0]LogAudioMixer: Display: Initializing audio mixer.
[2020.10.04-04.19.34:160][  0]LogAudioMixer: Display: 0: FrontLeft
[2020.10.04-04.19.34:160][  0]LogAudioMixer: Display: 1: FrontRight
[2020.10.04-04.19.34:207][  0]LogAudioMixer: Display: Using Audio Device Headset Earphone (HyperX Virtual Surround Sound)
[2020.10.04-04.19.34:210][  0]LogAudioMixer: Display: Initializing Sound Submixes...
[2020.10.04-04.19.34:212][  0]LogAudioMixer: Display: Creating Master Submix 'MasterSubmixDefault'
[2020.10.04-04.19.34:212][  0]LogAudioMixer: Display: Creating Master Submix 'MasterReverbSubmixDefault'
[2020.10.04-04.19.34:213][  0]LogAudioMixer: Display: Creating Master Submix 'MasterEQSubmixDefault'
[2020.10.04-04.19.34:215][  0]LogInit: FAudioDevice initialized.
[2020.10.04-04.19.34:215][  0]LogNetVersion: Set ProjectVersion to 1.0.0.0. Version Checksum will be recalculated on next use.
[2020.10.04-04.19.34:264][  0]LogDerivedDataCache: Saved boot cache 0.05s 79MB C:/Users/balaj/AppData/Local/UnrealEngine/4.25/DerivedDataCache/Boot.ddc.
[2020.10.04-04.19.34:268][  0]LogInit: Texture streaming: Enabled
[2020.10.04-04.19.34:296][  0]LogEngineSessionManager: EngineSessionManager initialized
[2020.10.04-04.19.34:297][  0]LogEngineSessionManager: EngineSessionManager sent abnormal shutdown report. Type=Debugger, SessionId={5E4E15A0-4542-B63F-6728-51BBE21E9024}
[2020.10.04-04.19.34:297][  0]LogEditorSessionSummary: Verbose: Initializing EditorSessionSummaryWriter for editor session tracking
[2020.10.04-04.19.34:299][  0]LogEditorSessionSummary: EditorSessionSummaryWriter initialized
[2020.10.04-04.19.34:347][  0]LogInit: Transaction tracking system initialized
[2020.10.04-04.19.34:385][  0]BlueprintLog: New page: Editor Load
[2020.10.04-04.19.34:485][  0]LocalizationService: Localization service is disabled
[2020.10.04-04.19.34:658][  0]LogCook: Display: Max memory allowance for cook 16384mb min free memory 0mb
[2020.10.04-04.19.34:658][  0]LogCook: Display: Mobile HDR setting 1
[2020.10.04-04.19.34:821][  0]LogFileCache: Scanning file cache for directory 'E:/GameProgramming2/DungeonGenerator/procedural generation for unreal/DungeonGenerator/Content/' took 0.00s
[2020.10.04-04.19.34:962][  0]SourceControl: Source control is disabled
[2020.10.04-04.19.34:962][  0]LogUnrealEdMisc: Loading editor; pre map load, took 7.501
[2020.10.04-04.19.34:963][  0]LightingResults: New page: Lighting Build
[2020.10.04-04.19.34:963][  0]LogWorld: UWorld::CleanupWorld for Untitled, bSessionEnded=true, bCleanupResources=true
[2020.10.04-04.19.34:963][  0]LogSlate: InvalidateAllWidgets triggered.  All widgets were invalidated
[2020.10.04-04.19.34:964][  0]MapCheck: New page: Map Check
[2020.10.04-04.19.34:964][  0]LightingResults: New page: Lighting Build
[2020.10.04-04.19.34:982][  0]LogAISub: UAISubsystem::~UAISubsystem EnvQueryManager (000002A5585CBC00), frame # 0
[2020.10.04-04.19.34:982][  0]LogAISub: UAISubsystem::~UAISubsystem AIPerceptionSystem (000002A5585C7B00), frame # 0
[2020.10.04-04.19.34:983][  0]LogUObjectHash: Compacting FUObjectHashTables data took   0.64ms
[2020.10.04-04.19.35:182][  0]LogAIModule: Creating AISystem for world TopDownExampleMap
[2020.10.04-04.19.35:182][  0]LogAISub: UAISubsystem::UAISubsystem EnvQueryManager (000002A5407FCA00), frame # 0
[2020.10.04-04.19.35:183][  0]LogAISub: UAISubsystem::UAISubsystem AIPerceptionSystem (000002A5407E7B00), frame # 0
[2020.10.04-04.19.35:195][  0]LogEditorServer: Finished looking for orphan Actors (0.000 secs)
[2020.10.04-04.19.35:197][  0]LogNavigationDataBuild: Display:    Building NavData:  Name Default class /Script/NavigationSystem.RecastNavMesh agent radius 35.0.
[2020.10.04-04.19.35:213][  0]LogUObjectHash: Compacting FUObjectHashTables data took   0.72ms
[2020.10.04-04.19.35:214][  0]Cmd: MAP CHECKDEP NOCLEARLOG
[2020.10.04-04.19.35:214][  0]MapCheck: Map check complete: 0 Error(s), 0 Warning(s), took 0.141ms to complete.
[2020.10.04-04.19.35:214][  0]LogFileHelpers: Loading map 'TopDownExampleMap' took 0.252
[2020.10.04-04.19.35:216][  0]LogUnrealEdMisc: Total Editor Startup Time, took 7.755
[2020.10.04-04.19.35:370][  0]LogSlate: Updating window title bar state: overlay mode, drag disabled, window buttons hidden, title bar hidden
[2020.10.04-04.19.35:377][  0]LogSlate: Updating window title bar state: overlay mode, drag disabled, window buttons hidden, title bar hidden
[2020.10.04-04.19.35:383][  0]LogSlate: Updating window title bar state: overlay mode, drag disabled, window buttons hidden, title bar hidden
[2020.10.04-04.19.35:390][  0]LogSlate: Updating window title bar state: overlay mode, drag disabled, window buttons hidden, title bar hidden
[2020.10.04-04.19.35:401][  0]LogCollectionManager: Loaded 0 collections in 0.000650 seconds
[2020.10.04-04.19.35:420][  0]LogFileCache: Scanning file cache for directory 'E:/GameProgramming2/DungeonGenerator/procedural generation for unreal/DungeonGenerator/Saved/Collections/' took 0.00s
[2020.10.04-04.19.35:420][  0]LogFileCache: Scanning file cache for directory 'E:/GameProgramming2/DungeonGenerator/procedural generation for unreal/DungeonGenerator/Content/Developers/balaj/Collections/' took 0.00s
[2020.10.04-04.19.35:420][  0]LogFileCache: Scanning file cache for directory 'E:/GameProgramming2/DungeonGenerator/procedural generation for unreal/DungeonGenerator/Content/Collections/' took 0.00s
[2020.10.04-04.19.35:420][  0]LogContentBrowser: Native class hierarchy populated in 0.0091 seconds. Added 3433 classes and 823 folders.
[2020.10.04-04.19.35:423][  0]LogContentBrowser: Native class hierarchy updated for 'WidgetCarousel' in 0.0003 seconds. Added 0 classes and 0 folders.
[2020.10.04-04.19.35:456][  0]LogContentBrowser: Native class hierarchy updated for 'AddContentDialog' in 0.0003 seconds. Added 0 classes and 0 folders.
[2020.10.04-04.19.35:457][  0]LogContentBrowser: Native class hierarchy updated for 'SceneOutliner' in 0.0002 seconds. Added 2 classes and 0 folders.
[2020.10.04-04.19.35:466][  0]LogContentBrowser: Native class hierarchy updated for 'WorldBrowser' in 0.0004 seconds. Added 2 classes and 3 folders.
[2020.10.04-04.19.35:575][  0]LogSlate: Took 0.000172 seconds to synchronously load lazily loaded font '../../../Engine/Content/Slate/Fonts/Roboto-Regular.ttf' (155K)
[2020.10.04-04.19.35:577][  0]LogSlate: Took 0.000145 seconds to synchronously load lazily loaded font '../../../Engine/Content/Slate/Fonts/Roboto-Bold.ttf' (160K)
[2020.10.04-04.19.35:581][  0]LogSlate: Took 0.000117 seconds to synchronously load lazily loaded font '../../../Engine/Content/Editor/Slate/Fonts/FontAwesome.ttf' (139K)
[2020.10.04-04.19.35:582][  0]LogSlate: Took 0.000135 seconds to synchronously load lazily loaded font '../../../Engine/Content/Slate/Fonts/DroidSansMono.ttf' (77K)
[2020.10.04-04.19.35:683][  0]LogRenderer: Reallocating scene render targets to support 1000x548 Format 10 NumSamples 1 (Frame:1).
[2020.10.04-04.19.35:762][  0]LogContentBrowser: Native class hierarchy updated for 'HierarchicalLODOutliner' in 0.0004 seconds. Added 0 classes and 0 folders.
[2020.10.04-04.19.35:762][  0]LogLoad: (Engine Initialization) Total time: 8.30 seconds
[2020.10.04-04.19.35:762][  0]LogLoad: (Engine Initialization) Total Blueprint compile time: 0.00 seconds
[2020.10.04-04.19.35:795][  0]LogAssetRegistry: Asset discovery search completed in 3.9129 seconds
[2020.10.04-04.19.35:798][  0]LogCollectionManager: Fixed up redirectors for 0 collections in 0.000001 seconds (updated 0 objects)
[2020.10.04-04.19.35:800][  0]LogContentStreaming: Texture pool size now 1000 MB
[2020.10.04-04.19.35:861][  1]LogRenderer: Reallocating scene render targets to support 1000x564 Format 10 NumSamples 1 (Frame:3).
[2020.10.04-04.19.39:246][331]LogSlate: Took 0.000159 seconds to synchronously load lazily loaded font '../../../Engine/Content/Slate/Fonts/Roboto-Italic.ttf' (157K)
[2020.10.04-04.19.41:095][534]LogTemp: Repeating last play command: Selected Viewport
[2020.10.04-04.19.41:109][534]LogPlayLevel: PlayLevel: No blueprints needed recompiling
[2020.10.04-04.19.41:109][534]PIE: New page: PIE session: TopDownExampleMap (Oct 3, 2020, 4:19:41 PM)
[2020.10.04-04.19.41:111][534]LogOnline: OSS: Creating online subsystem instance for: NULL
[2020.10.04-04.19.41:114][534]LogOnline: OSS: TryLoadSubsystemAndSetDefault: Loaded subsystem for module [NULL]
[2020.10.04-04.19.41:114][534]LogPlayLevel: Creating play world package: /Game/TopDownBP/Maps/UEDPIE_0_TopDownExampleMap
[2020.10.04-04.19.41:126][534]LogPlayLevel: PIE: StaticDuplicateObject took: (0.011990s)
[2020.10.04-04.19.41:128][534]LogAIModule: Creating AISystem for world TopDownExampleMap
[2020.10.04-04.19.41:128][534]LogAISub: UAISubsystem::UAISubsystem EnvQueryManager (000002A5842A0600), frame # 534
[2020.10.04-04.19.41:128][534]LogAISub: UAISubsystem::UAISubsystem AIPerceptionSystem (000002A5525D7240), frame # 534
[2020.10.04-04.19.41:128][534]LogPlayLevel: PIE: World Init took: (0.002232s)
[2020.10.04-04.19.41:129][534]LogPlayLevel: PIE: Created PIE world by copying editor world from /Game/TopDownBP/Maps/TopDownExampleMap.TopDownExampleMap to /Game/TopDownBP/Maps/UEDPIE_0_TopDownExampleMap.TopDownExampleMap (0.014847s)
[2020.10.04-04.19.41:140][534]LogUObjectHash: Compacting FUObjectHashTables data took   0.63ms
[2020.10.04-04.19.41:143][534]LogAudioMixer: Display: Audio Mixer Platform Settings:
[2020.10.04-04.19.41:143][534]LogAudioMixer: Display: 	Sample Rate:						  48000
[2020.10.04-04.19.41:144][534]LogAudioMixer: Display: 	Callback Buffer Frame Size Requested: 1024
[2020.10.04-04.19.41:144][534]LogAudioMixer: Display: 	Callback Buffer Frame Size To Use:	  1024
[2020.10.04-04.19.41:144][534]LogAudioMixer: Display: 	Number of buffers to queue:			  2
[2020.10.04-04.19.41:144][534]LogAudioMixer: Display: 	Max Channels (voices):				  32
[2020.10.04-04.19.41:144][534]LogAudioMixer: Display: 	Number of Async Source Workers:		  0
[2020.10.04-04.19.41:144][534]LogAudio: Display: AudioDevice MaxSources: 32
[2020.10.04-04.19.41:145][534]LogAudio: Display: Using built-in audio occlusion.
[2020.10.04-04.19.41:145][534]LogAudioMixer: Display: Initializing audio mixer.
[2020.10.04-04.19.41:149][534]LogAudioMixer: Display: 0: FrontLeft
[2020.10.04-04.19.41:149][534]LogAudioMixer: Display: 1: FrontRight
[2020.10.04-04.19.41:183][534]LogAudioMixer: Display: Using Audio Device Headset Earphone (HyperX Virtual Surround Sound)
[2020.10.04-04.19.41:183][534]LogAudioMixer: Display: Initializing Sound Submixes...
[2020.10.04-04.19.41:183][534]LogAudioMixer: Display: Creating Master Submix 'MasterSubmixDefault'
[2020.10.04-04.19.41:183][534]LogAudioMixer: Display: Creating Master Submix 'MasterReverbSubmixDefault'
[2020.10.04-04.19.41:184][534]LogAudioMixer: Display: Creating Master Submix 'MasterEQSubmixDefault'
[2020.10.04-04.19.41:197][534]LogInit: FAudioDevice initialized.
[2020.10.04-04.19.41:211][534]LogLoad: Game class is 'TopDownGameMode_C'
[2020.10.04-04.19.41:213][534]LogWorld: Bringing World /Game/TopDownBP/Maps/UEDPIE_0_TopDownExampleMap.TopDownExampleMap up for play (max tick rate 0) at 2020.10.03-22.19.41
[2020.10.04-04.19.41:214][534]LogWorld: Bringing up level for play took: 0.001551
[2020.10.04-04.19.41:214][534]LogOnline: OSS: Creating online subsystem instance for: :Context_1
[2020.10.04-04.19.41:218][534]LogContentBrowser: Native class hierarchy updated for 'MovieSceneCapture' in 0.0004 seconds. Added 20 classes and 0 folders.
[2020.10.04-04.19.41:218][534]LogTemp: Warning: asdasd
[2020.10.04-04.19.41:224][534]LogTemp: Warning: asdasd
[2020.10.04-04.19.41:224][534]LogTemp: Warning: Count!:5 
[2020.10.04-04.19.41:224][534]LogTemp: Warning: Random numbeR?:3 
[2020.10.04-04.19.41:224][534]LogTemp: Warning: -1700
[2020.10.04-04.19.41:224][534]LogTemp: Warning: West
[2020.10.04-04.19.41:224][534]LogTemp: Warning: -1700
[2020.10.04-04.19.41:229][534]LogTemp: Warning: asdasd
[2020.10.04-04.19.41:229][534]LogTemp: Warning: Count!:4 
[2020.10.04-04.19.41:229][534]LogTemp: Warning: Random numbeR?:3 
[2020.10.04-04.19.41:229][534]LogTemp: Warning: -1700
[2020.10.04-04.19.41:229][534]LogTemp: Warning: West
[2020.10.04-04.19.41:229][534]LogTemp: Warning: -1700
[2020.10.04-04.19.41:235][534]PIE: Server logged in
[2020.10.04-04.19.41:237][534]PIE: Play in editor total start time 0.129 seconds.
[2020.10.04-04.19.51:075][511]LogSlate: Updating window title bar state: overlay mode, drag disabled, window buttons hidden, title bar hidden
[2020.10.04-04.19.51:075][511]LogWorld: BeginTearingDown for /Game/TopDownBP/Maps/UEDPIE_0_TopDownExampleMap
[2020.10.04-04.19.51:075][511]LogWorld: UWorld::CleanupWorld for TopDownExampleMap, bSessionEnded=true, bCleanupResources=true
[2020.10.04-04.19.51:076][511]LogSlate: InvalidateAllWidgets triggered.  All widgets were invalidated
[2020.10.04-04.19.51:090][511]LogPlayLevel: Display: Shutting down PIE online subsystems
[2020.10.04-04.19.51:092][511]LogSlate: InvalidateAllWidgets triggered.  All widgets were invalidated
[2020.10.04-04.19.51:131][511]LogSlate: Updating window title bar state: overlay mode, drag disabled, window buttons hidden, title bar hidden
[2020.10.04-04.19.51:133][511]LogAISub: UAISubsystem::~UAISubsystem AIPerceptionSystem (000002A5525D7240), frame # 1511
[2020.10.04-04.19.51:133][511]LogAISub: UAISubsystem::~UAISubsystem EnvQueryManager (000002A5842A0600), frame # 1511
[2020.10.04-04.19.51:134][511]LogUObjectHash: Compacting FUObjectHashTables data took   0.64ms
[2020.10.04-04.19.51:161][512]LogPlayLevel: Display: Destroying online subsystem :Context_1
[2020.10.04-04.19.56:436][112]LogTemp: Repeating last play command: Selected Viewport
[2020.10.04-04.19.56:449][112]LogPlayLevel: PlayLevel: No blueprints needed recompiling
[2020.10.04-04.19.56:449][112]PIE: New page: PIE session: TopDownExampleMap (Oct 3, 2020, 4:19:56 PM)
[2020.10.04-04.19.56:450][112]LogPlayLevel: Creating play world package: /Game/TopDownBP/Maps/UEDPIE_0_TopDownExampleMap
[2020.10.04-04.19.56:459][112]LogPlayLevel: PIE: StaticDuplicateObject took: (0.008919s)
[2020.10.04-04.19.56:460][112]LogAIModule: Creating AISystem for world TopDownExampleMap
[2020.10.04-04.19.56:460][112]LogAISub: UAISubsystem::UAISubsystem EnvQueryManager (000002A53DCC5200), frame # 2112
[2020.10.04-04.19.56:460][112]LogAISub: UAISubsystem::UAISubsystem AIPerceptionSystem (000002A558851940), frame # 2112
[2020.10.04-04.19.56:461][112]LogPlayLevel: PIE: World Init took: (0.002033s)
[2020.10.04-04.19.56:461][112]LogPlayLevel: PIE: Created PIE world by copying editor world from /Game/TopDownBP/Maps/TopDownExampleMap.TopDownExampleMap to /Game/TopDownBP/Maps/UEDPIE_0_TopDownExampleMap.TopDownExampleMap (0.011428s)
[2020.10.04-04.19.56:477][112]LogUObjectHash: Compacting FUObjectHashTables data took   0.64ms
[2020.10.04-04.19.56:480][112]LogAudioMixer: Display: Audio Mixer Platform Settings:
[2020.10.04-04.19.56:480][112]LogAudioMixer: Display: 	Sample Rate:						  48000
[2020.10.04-04.19.56:480][112]LogAudioMixer: Display: 	Callback Buffer Frame Size Requested: 1024
[2020.10.04-04.19.56:480][112]LogAudioMixer: Display: 	Callback Buffer Frame Size To Use:	  1024
[2020.10.04-04.19.56:480][112]LogAudioMixer: Display: 	Number of buffers to queue:			  2
[2020.10.04-04.19.56:480][112]LogAudioMixer: Display: 	Max Channels (voices):				  32
[2020.10.04-04.19.56:480][112]LogAudioMixer: Display: 	Number of Async Source Workers:		  0
[2020.10.04-04.19.56:480][112]LogAudio: Display: AudioDevice MaxSources: 32
[2020.10.04-04.19.56:481][112]LogAudio: Display: Using built-in audio occlusion.
[2020.10.04-04.19.56:481][112]LogAudioMixer: Display: Initializing audio mixer.
[2020.10.04-04.19.56:485][112]LogAudioMixer: Display: 0: FrontLeft
[2020.10.04-04.19.56:486][112]LogAudioMixer: Display: 1: FrontRight
[2020.10.04-04.19.56:523][112]LogAudioMixer: Display: Using Audio Device Headset Earphone (HyperX Virtual Surround Sound)
[2020.10.04-04.19.56:523][112]LogAudioMixer: Display: Initializing Sound Submixes...
[2020.10.04-04.19.56:523][112]LogAudioMixer: Display: Creating Master Submix 'MasterSubmixDefault'
[2020.10.04-04.19.56:523][112]LogAudioMixer: Display: Creating Master Submix 'MasterReverbSubmixDefault'
[2020.10.04-04.19.56:524][112]LogAudioMixer: Display: Creating Master Submix 'MasterEQSubmixDefault'
[2020.10.04-04.19.56:537][112]LogInit: FAudioDevice initialized.
[2020.10.04-04.19.56:548][112]LogLoad: Game class is 'TopDownGameMode_C'
[2020.10.04-04.19.56:550][112]LogWorld: Bringing World /Game/TopDownBP/Maps/UEDPIE_0_TopDownExampleMap.TopDownExampleMap up for play (max tick rate 0) at 2020.10.03-22.19.56
[2020.10.04-04.19.56:550][112]LogWorld: Bringing up level for play took: 0.001126
[2020.10.04-04.19.56:551][112]LogOnline: OSS: Creating online subsystem instance for: :Context_2
[2020.10.04-04.19.56:553][112]LogTemp: Warning: asdasd
[2020.10.04-04.19.56:559][112]LogTemp: Warning: asdasd
[2020.10.04-04.19.56:559][112]LogTemp: Warning: Count!:5 
[2020.10.04-04.19.56:559][112]LogTemp: Warning: Random numbeR?:2 
[2020.10.04-04.19.56:559][112]LogTemp: Warning: -1800
[2020.10.04-04.19.56:559][112]LogTemp: Warning: South
[2020.10.04-04.19.56:560][112]LogTemp: Warning: -1800
[2020.10.04-04.19.56:565][112]LogTemp: Warning: asdasd
[2020.10.04-04.19.56:565][112]LogTemp: Warning: Count!:4 
[2020.10.04-04.19.56:565][112]LogTemp: Warning: Random numbeR?:1 
[2020.10.04-04.19.56:565][112]LogTemp: Warning: 1800
[2020.10.04-04.19.56:565][112]LogTemp: Warning: NOrth
[2020.10.04-04.19.56:565][112]LogTemp: Warning: 1800
[2020.10.04-04.19.56:570][112]PIE: Server logged in
[2020.10.04-04.19.56:571][112]PIE: Play in editor total start time 0.122 seconds.
[2020.10.04-04.20.01:146][500]LogSlate: Updating window title bar state: overlay mode, drag disabled, window buttons hidden, title bar hidden
[2020.10.04-04.20.01:146][500]LogWorld: BeginTearingDown for /Game/TopDownBP/Maps/UEDPIE_0_TopDownExampleMap
[2020.10.04-04.20.01:146][500]LogWorld: UWorld::CleanupWorld for TopDownExampleMap, bSessionEnded=true, bCleanupResources=true
[2020.10.04-04.20.01:147][500]LogSlate: InvalidateAllWidgets triggered.  All widgets were invalidated
[2020.10.04-04.20.01:157][500]LogPlayLevel: Display: Shutting down PIE online subsystems
[2020.10.04-04.20.01:159][500]LogSlate: InvalidateAllWidgets triggered.  All widgets were invalidated
[2020.10.04-04.20.01:193][500]LogSlate: Updating window title bar state: overlay mode, drag disabled, window buttons hidden, title bar hidden
[2020.10.04-04.20.01:194][500]LogAISub: UAISubsystem::~UAISubsystem AIPerceptionSystem (000002A558851940), frame # 2500
[2020.10.04-04.20.01:195][500]LogAISub: UAISubsystem::~UAISubsystem EnvQueryManager (000002A53DCC5200), frame # 2500
[2020.10.04-04.20.01:195][500]LogUObjectHash: Compacting FUObjectHashTables data took   0.59ms
[2020.10.04-04.20.01:243][502]LogPlayLevel: Display: Destroying online subsystem :Context_2
[2020.10.04-04.20.08:411][333]LogTemp: Repeating last play command: Selected Viewport
[2020.10.04-04.20.08:425][333]LogPlayLevel: PlayLevel: No blueprints needed recompiling
[2020.10.04-04.20.08:425][333]PIE: New page: PIE session: TopDownExampleMap (Oct 3, 2020, 4:20:08 PM)
[2020.10.04-04.20.08:425][333]LogPlayLevel: Creating play world package: /Game/TopDownBP/Maps/UEDPIE_0_TopDownExampleMap
[2020.10.04-04.20.08:434][333]LogPlayLevel: PIE: StaticDuplicateObject took: (0.008532s)
[2020.10.04-04.20.08:436][333]LogAIModule: Creating AISystem for world TopDownExampleMap
[2020.10.04-04.20.08:436][333]LogAISub: UAISubsystem::UAISubsystem EnvQueryManager (000002A562B41400), frame # 3333
[2020.10.04-04.20.08:436][333]LogAISub: UAISubsystem::UAISubsystem AIPerceptionSystem (000002A5407E5E40), frame # 3333
[2020.10.04-04.20.08:437][333]LogPlayLevel: PIE: World Init took: (0.002299s)
[2020.10.04-04.20.08:437][333]LogPlayLevel: PIE: Created PIE world by copying editor world from /Game/TopDownBP/Maps/TopDownExampleMap.TopDownExampleMap to /Game/TopDownBP/Maps/UEDPIE_0_TopDownExampleMap.TopDownExampleMap (0.011387s)
[2020.10.04-04.20.08:450][333]LogUObjectHash: Compacting FUObjectHashTables data took   0.59ms
[2020.10.04-04.20.08:451][333]LogAudioMixer: Display: Audio Mixer Platform Settings:
[2020.10.04-04.20.08:451][333]LogAudioMixer: Display: 	Sample Rate:						  48000
[2020.10.04-04.20.08:452][333]LogAudioMixer: Display: 	Callback Buffer Frame Size Requested: 1024
[2020.10.04-04.20.08:452][333]LogAudioMixer: Display: 	Callback Buffer Frame Size To Use:	  1024
[2020.10.04-04.20.08:452][333]LogAudioMixer: Display: 	Number of buffers to queue:			  2
[2020.10.04-04.20.08:452][333]LogAudioMixer: Display: 	Max Channels (voices):				  32
[2020.10.04-04.20.08:452][333]LogAudioMixer: Display: 	Number of Async Source Workers:		  0
[2020.10.04-04.20.08:452][333]LogAudio: Display: AudioDevice MaxSources: 32
[2020.10.04-04.20.08:452][333]LogAudio: Display: Using built-in audio occlusion.
[2020.10.04-04.20.08:452][333]LogAudioMixer: Display: Initializing audio mixer.
[2020.10.04-04.20.08:456][333]LogAudioMixer: Display: 0: FrontLeft
[2020.10.04-04.20.08:456][333]LogAudioMixer: Display: 1: FrontRight
[2020.10.04-04.20.08:488][333]LogAudioMixer: Display: Using Audio Device Headset Earphone (HyperX Virtual Surround Sound)
[2020.10.04-04.20.08:489][333]LogAudioMixer: Display: Initializing Sound Submixes...
[2020.10.04-04.20.08:489][333]LogAudioMixer: Display: Creating Master Submix 'MasterSubmixDefault'
[2020.10.04-04.20.08:489][333]LogAudioMixer: Display: Creating Master Submix 'MasterReverbSubmixDefault'
[2020.10.04-04.20.08:489][333]LogAudioMixer: Display: Creating Master Submix 'MasterEQSubmixDefault'
[2020.10.04-04.20.08:502][333]LogInit: FAudioDevice initialized.
[2020.10.04-04.20.08:515][333]LogLoad: Game class is 'TopDownGameMode_C'
[2020.10.04-04.20.08:517][333]LogWorld: Bringing World /Game/TopDownBP/Maps/UEDPIE_0_TopDownExampleMap.TopDownExampleMap up for play (max tick rate 0) at 2020.10.03-22.20.08
[2020.10.04-04.20.08:517][333]LogWorld: Bringing up level for play took: 0.001178
[2020.10.04-04.20.08:517][333]LogOnline: OSS: Creating online subsystem instance for: :Context_3
[2020.10.04-04.20.08:520][333]LogTemp: Warning: asdasd
[2020.10.04-04.20.08:526][333]LogTemp: Warning: asdasd
[2020.10.04-04.20.08:526][333]LogTemp: Warning: Count!:5 
[2020.10.04-04.20.08:526][333]LogTemp: Warning: Random numbeR?:2 
[2020.10.04-04.20.08:526][333]LogTemp: Warning: -1800
[2020.10.04-04.20.08:526][333]LogTemp: Warning: South
[2020.10.04-04.20.08:526][333]LogTemp: Warning: -1800
[2020.10.04-04.20.08:531][333]LogTemp: Warning: asdasd
[2020.10.04-04.20.08:531][333]LogTemp: Warning: Count!:4 
[2020.10.04-04.20.08:531][333]LogTemp: Warning: Random numbeR?:2 
[2020.10.04-04.20.08:532][333]LogTemp: Warning: -1800
[2020.10.04-04.20.08:532][333]LogTemp: Warning: South
[2020.10.04-04.20.08:532][333]LogTemp: Warning: -1800
[2020.10.04-04.20.08:537][333]PIE: Server logged in
[2020.10.04-04.20.08:538][333]PIE: Play in editor total start time 0.114 seconds.
[2020.10.04-04.20.18:338][334]LogSlate: Updating window title bar state: overlay mode, drag disabled, window buttons hidden, title bar hidden
[2020.10.04-04.20.18:338][334]LogWorld: BeginTearingDown for /Game/TopDownBP/Maps/UEDPIE_0_TopDownExampleMap
[2020.10.04-04.20.18:339][334]LogWorld: UWorld::CleanupWorld for TopDownExampleMap, bSessionEnded=true, bCleanupResources=true
[2020.10.04-04.20.18:339][334]LogSlate: InvalidateAllWidgets triggered.  All widgets were invalidated
[2020.10.04-04.20.18:353][334]LogPlayLevel: Display: Shutting down PIE online subsystems
[2020.10.04-04.20.18:354][334]LogSlate: InvalidateAllWidgets triggered.  All widgets were invalidated
[2020.10.04-04.20.18:387][334]LogSlate: Updating window title bar state: overlay mode, drag disabled, window buttons hidden, title bar hidden
[2020.10.04-04.20.18:388][334]LogAISub: UAISubsystem::~UAISubsystem AIPerceptionSystem (000002A5407E5E40), frame # 4334
[2020.10.04-04.20.18:388][334]LogAISub: UAISubsystem::~UAISubsystem EnvQueryManager (000002A562B41400), frame # 4334
[2020.10.04-04.20.18:389][334]LogUObjectHash: Compacting FUObjectHashTables data took   0.59ms
[2020.10.04-04.20.18:417][335]LogPlayLevel: Display: Destroying online subsystem :Context_3
[2020.10.04-04.20.19:411][451]LogTemp: Repeating last play command: Selected Viewport
[2020.10.04-04.20.19:424][451]LogPlayLevel: PlayLevel: No blueprints needed recompiling
[2020.10.04-04.20.19:424][451]PIE: New page: PIE session: TopDownExampleMap (Oct 3, 2020, 4:20:19 PM)
[2020.10.04-04.20.19:448][451]LogPlayLevel: Creating play world package: /Game/TopDownBP/Maps/UEDPIE_0_TopDownExampleMap
[2020.10.04-04.20.19:455][451]LogPlayLevel: PIE: StaticDuplicateObject took: (0.007607s)
[2020.10.04-04.20.19:456][451]LogAIModule: Creating AISystem for world TopDownExampleMap
[2020.10.04-04.20.19:456][451]LogAISub: UAISubsystem::UAISubsystem EnvQueryManager (000002A503071800), frame # 4451
[2020.10.04-04.20.19:456][451]LogAISub: UAISubsystem::UAISubsystem AIPerceptionSystem (000002A5030425C0), frame # 4451
[2020.10.04-04.20.19:457][451]LogPlayLevel: PIE: World Init took: (0.001165s)
[2020.10.04-04.20.19:457][451]LogPlayLevel: PIE: Created PIE world by copying editor world from /Game/TopDownBP/Maps/TopDownExampleMap.TopDownExampleMap to /Game/TopDownBP/Maps/UEDPIE_0_TopDownExampleMap.TopDownExampleMap (0.009275s)
[2020.10.04-04.20.19:468][451]LogUObjectHash: Compacting FUObjectHashTables data took   0.61ms
[2020.10.04-04.20.19:469][451]LogAudioMixer: Display: Audio Mixer Platform Settings:
[2020.10.04-04.20.19:469][451]LogAudioMixer: Display: 	Sample Rate:						  48000
[2020.10.04-04.20.19:469][451]LogAudioMixer: Display: 	Callback Buffer Frame Size Requested: 1024
[2020.10.04-04.20.19:469][451]LogAudioMixer: Display: 	Callback Buffer Frame Size To Use:	  1024
[2020.10.04-04.20.19:469][451]LogAudioMixer: Display: 	Number of buffers to queue:			  2
[2020.10.04-04.20.19:469][451]LogAudioMixer: Display: 	Max Channels (voices):				  32
[2020.10.04-04.20.19:469][451]LogAudioMixer: Display: 	Number of Async Source Workers:		  0
[2020.10.04-04.20.19:469][451]LogAudio: Display: AudioDevice MaxSources: 32
[2020.10.04-04.20.19:469][451]LogAudio: Display: Using built-in audio occlusion.
[2020.10.04-04.20.19:470][451]LogAudioMixer: Display: Initializing audio mixer.
[2020.10.04-04.20.19:473][451]LogAudioMixer: Display: 0: FrontLeft
[2020.10.04-04.20.19:473][451]LogAudioMixer: Display: 1: FrontRight
[2020.10.04-04.20.19:507][451]LogAudioMixer: Display: Using Audio Device Headset Earphone (HyperX Virtual Surround Sound)
[2020.10.04-04.20.19:507][451]LogAudioMixer: Display: Initializing Sound Submixes...
[2020.10.04-04.20.19:507][451]LogAudioMixer: Display: Creating Master Submix 'MasterSubmixDefault'
[2020.10.04-04.20.19:507][451]LogAudioMixer: Display: Creating Master Submix 'MasterReverbSubmixDefault'
[2020.10.04-04.20.19:508][451]LogAudioMixer: Display: Creating Master Submix 'MasterEQSubmixDefault'
[2020.10.04-04.20.19:521][451]LogInit: FAudioDevice initialized.
[2020.10.04-04.20.19:536][451]LogLoad: Game class is 'TopDownGameMode_C'
[2020.10.04-04.20.19:538][451]LogWorld: Bringing World /Game/TopDownBP/Maps/UEDPIE_0_TopDownExampleMap.TopDownExampleMap up for play (max tick rate 0) at 2020.10.03-22.20.19
[2020.10.04-04.20.19:538][451]LogWorld: Bringing up level for play took: 0.001329
[2020.10.04-04.20.19:538][451]LogOnline: OSS: Creating online subsystem instance for: :Context_4
[2020.10.04-04.20.19:546][451]LogTemp: Warning: asdasd
[2020.10.04-04.20.19:552][451]LogTemp: Warning: asdasd
[2020.10.04-04.20.19:552][451]LogTemp: Warning: Count!:5 
[2020.10.04-04.20.19:553][451]LogTemp: Warning: Random numbeR?:2 
[2020.10.04-04.20.19:553][451]LogTemp: Warning: -1800
[2020.10.04-04.20.19:553][451]LogTemp: Warning: South
[2020.10.04-04.20.19:553][451]LogTemp: Warning: -1800
[2020.10.04-04.20.19:558][451]LogTemp: Warning: asdasd
[2020.10.04-04.20.19:558][451]LogTemp: Warning: Count!:4 
[2020.10.04-04.20.19:558][451]LogTemp: Warning: Random numbeR?:2 
[2020.10.04-04.20.19:558][451]LogTemp: Warning: -1800
[2020.10.04-04.20.19:558][451]LogTemp: Warning: South
[2020.10.04-04.20.19:559][451]LogTemp: Warning: -1800
[2020.10.04-04.20.19:564][451]PIE: Server logged in
[2020.10.04-04.20.19:564][451]PIE: Play in editor total start time 0.141 seconds.
[2020.10.04-04.20.36:211][406]LogSlate: Updating window title bar state: overlay mode, drag disabled, window buttons hidden, title bar hidden
[2020.10.04-04.20.36:211][406]LogWorld: BeginTearingDown for /Game/TopDownBP/Maps/UEDPIE_0_TopDownExampleMap
[2020.10.04-04.20.36:211][406]LogWorld: UWorld::CleanupWorld for TopDownExampleMap, bSessionEnded=true, bCleanupResources=true
[2020.10.04-04.20.36:212][406]LogSlate: InvalidateAllWidgets triggered.  All widgets were invalidated
[2020.10.04-04.20.36:224][406]LogPlayLevel: Display: Shutting down PIE online subsystems
[2020.10.04-04.20.36:225][406]LogSlate: InvalidateAllWidgets triggered.  All widgets were invalidated
[2020.10.04-04.20.36:235][406]LogSlate: Updating window title bar state: overlay mode, drag disabled, window buttons hidden, title bar hidden
[2020.10.04-04.20.36:259][406]LogAISub: UAISubsystem::~UAISubsystem AIPerceptionSystem (000002A5030425C0), frame # 6406
[2020.10.04-04.20.36:259][406]LogAISub: UAISubsystem::~UAISubsystem EnvQueryManager (000002A503071800), frame # 6406
[2020.10.04-04.20.36:260][406]LogUObjectHash: Compacting FUObjectHashTables data took   0.64ms
[2020.10.04-04.20.36:284][407]LogPlayLevel: Display: Destroying online subsystem :Context_4
[2020.10.04-04.20.40:169][852]LogTemp: Repeating last play command: Selected Viewport
[2020.10.04-04.20.40:183][852]LogPlayLevel: PlayLevel: No blueprints needed recompiling
[2020.10.04-04.20.40:184][852]PIE: New page: PIE session: TopDownExampleMap (Oct 3, 2020, 4:20:40 PM)
[2020.10.04-04.20.40:210][852]LogPlayLevel: Creating play world package: /Game/TopDownBP/Maps/UEDPIE_0_TopDownExampleMap
[2020.10.04-04.20.40:220][852]LogPlayLevel: PIE: StaticDuplicateObject took: (0.009210s)
[2020.10.04-04.20.40:221][852]LogAIModule: Creating AISystem for world TopDownExampleMap
[2020.10.04-04.20.40:221][852]LogAISub: UAISubsystem::UAISubsystem EnvQueryManager (000002A57510CE00), frame # 6852
[2020.10.04-04.20.40:221][852]LogAISub: UAISubsystem::UAISubsystem AIPerceptionSystem (000002A55900AC00), frame # 6852
[2020.10.04-04.20.40:221][852]LogPlayLevel: PIE: World Init took: (0.001488s)
[2020.10.04-04.20.40:222][852]LogPlayLevel: PIE: Created PIE world by copying editor world from /Game/TopDownBP/Maps/TopDownExampleMap.TopDownExampleMap to /Game/TopDownBP/Maps/UEDPIE_0_TopDownExampleMap.TopDownExampleMap (0.011265s)
[2020.10.04-04.20.40:235][852]LogUObjectHash: Compacting FUObjectHashTables data took   0.59ms
[2020.10.04-04.20.40:236][852]LogAudioMixer: Display: Audio Mixer Platform Settings:
[2020.10.04-04.20.40:236][852]LogAudioMixer: Display: 	Sample Rate:						  48000
[2020.10.04-04.20.40:236][852]LogAudioMixer: Display: 	Callback Buffer Frame Size Requested: 1024
[2020.10.04-04.20.40:236][852]LogAudioMixer: Display: 	Callback Buffer Frame Size To Use:	  1024
[2020.10.04-04.20.40:236][852]LogAudioMixer: Display: 	Number of buffers to queue:			  2
[2020.10.04-04.20.40:236][852]LogAudioMixer: Display: 	Max Channels (voices):				  32
[2020.10.04-04.20.40:237][852]LogAudioMixer: Display: 	Number of Async Source Workers:		  0
[2020.10.04-04.20.40:237][852]LogAudio: Display: AudioDevice MaxSources: 32
[2020.10.04-04.20.40:237][852]LogAudio: Display: Using built-in audio occlusion.
[2020.10.04-04.20.40:237][852]LogAudioMixer: Display: Initializing audio mixer.
[2020.10.04-04.20.40:241][852]LogAudioMixer: Display: 0: FrontLeft
[2020.10.04-04.20.40:241][852]LogAudioMixer: Display: 1: FrontRight
[2020.10.04-04.20.40:272][852]LogAudioMixer: Display: Using Audio Device Headset Earphone (HyperX Virtual Surround Sound)
[2020.10.04-04.20.40:272][852]LogAudioMixer: Display: Initializing Sound Submixes...
[2020.10.04-04.20.40:272][852]LogAudioMixer: Display: Creating Master Submix 'MasterSubmixDefault'
[2020.10.04-04.20.40:272][852]LogAudioMixer: Display: Creating Master Submix 'MasterReverbSubmixDefault'
[2020.10.04-04.20.40:273][852]LogAudioMixer: Display: Creating Master Submix 'MasterEQSubmixDefault'
[2020.10.04-04.20.40:285][852]LogInit: FAudioDevice initialized.
[2020.10.04-04.20.40:298][852]LogLoad: Game class is 'TopDownGameMode_C'
[2020.10.04-04.20.40:300][852]LogWorld: Bringing World /Game/TopDownBP/Maps/UEDPIE_0_TopDownExampleMap.TopDownExampleMap up for play (max tick rate 0) at 2020.10.03-22.20.40
[2020.10.04-04.20.40:300][852]LogWorld: Bringing up level for play took: 0.001274
[2020.10.04-04.20.40:300][852]LogOnline: OSS: Creating online subsystem instance for: :Context_5
[2020.10.04-04.20.40:303][852]LogTemp: Warning: asdasd
[2020.10.04-04.20.40:309][852]LogTemp: Warning: asdasd
[2020.10.04-04.20.40:309][852]LogTemp: Warning: Count!:5 
[2020.10.04-04.20.40:309][852]LogTemp: Warning: Random numbeR?:2 
[2020.10.04-04.20.40:309][852]LogTemp: Warning: -1800
[2020.10.04-04.20.40:309][852]LogTemp: Warning: South
[2020.10.04-04.20.40:309][852]LogTemp: Warning: -1800
[2020.10.04-04.20.40:314][852]LogTemp: Warning: asdasd
[2020.10.04-04.20.40:314][852]LogTemp: Warning: Count!:4 
[2020.10.04-04.20.40:315][852]LogTemp: Warning: Random numbeR?:1 
[2020.10.04-04.20.40:315][852]LogTemp: Warning: 1800
[2020.10.04-04.20.40:315][852]LogTemp: Warning: NOrth
[2020.10.04-04.20.40:315][852]LogTemp: Warning: 1800
[2020.10.04-04.20.40:320][852]PIE: Server logged in
[2020.10.04-04.20.40:321][852]PIE: Play in editor total start time 0.138 seconds.
[2020.10.04-04.20.48:483][557]LogSlate: Updating window title bar state: overlay mode, drag disabled, window buttons hidden, title bar hidden
[2020.10.04-04.20.48:484][557]LogWorld: BeginTearingDown for /Game/TopDownBP/Maps/UEDPIE_0_TopDownExampleMap
[2020.10.04-04.20.48:484][557]LogWorld: UWorld::CleanupWorld for TopDownExampleMap, bSessionEnded=true, bCleanupResources=true
[2020.10.04-04.20.48:485][557]LogSlate: InvalidateAllWidgets triggered.  All widgets were invalidated
[2020.10.04-04.20.48:496][557]LogPlayLevel: Display: Shutting down PIE online subsystems
[2020.10.04-04.20.48:497][557]LogSlate: InvalidateAllWidgets triggered.  All widgets were invalidated
[2020.10.04-04.20.48:539][557]LogSlate: Updating window title bar state: overlay mode, drag disabled, window buttons hidden, title bar hidden
[2020.10.04-04.20.48:540][557]LogAISub: UAISubsystem::~UAISubsystem AIPerceptionSystem (000002A55900AC00), frame # 7557
[2020.10.04-04.20.48:540][557]LogAISub: UAISubsystem::~UAISubsystem EnvQueryManager (000002A57510CE00), frame # 7557
[2020.10.04-04.20.48:542][557]LogUObjectHash: Compacting FUObjectHashTables data took   0.64ms
[2020.10.04-04.20.48:566][558]LogPlayLevel: Display: Destroying online subsystem :Context_5
