Log file open, 10/03/20 22:14:23
LogInit: Display: Running engine for game: DungeonGenerator
LogPlatformFile: Not using cached read wrapper
LogTaskGraph: Started task graph with 5 named threads and 47 total threads with 3 sets of task threads.
LogStats: Stats thread started at 0.261737
LogD3D11RHI: Loaded GFSDK_Aftermath_Lib.x64.dll
LogICUInternationalization: ICU TimeZone Detection - Raw Offset: -7:00, Platform Override: ''
LogPluginManager: Mounting plugin Paper2D
LogPluginManager: Mounting plugin AISupport
LogPluginManager: Mounting plugin LightPropagationVolume
LogPluginManager: Mounting plugin CameraShakePreviewer
LogPluginManager: Mounting plugin ActorLayerUtilities
LogPluginManager: Mounting plugin AnimationSharing
LogPluginManager: Mounting plugin CLionSourceCodeAccess
LogPluginManager: Mounting plugin CodeLiteSourceCodeAccess
LogPluginManager: Mounting plugin GitSourceControl
LogPluginManager: Mounting plugin KDevelopSourceCodeAccess
LogPluginManager: Mounting plugin NullSourceCodeAccess
LogPluginManager: Mounting plugin PerforceSourceControl
LogPluginManager: Mounting plugin PlasticSourceControl
LogPluginManager: Mounting plugin RiderSourceCodeAccess
LogPluginManager: Mounting plugin SubversionSourceControl
LogPluginManager: Mounting plugin UObjectPlugin
LogPluginManager: Mounting plugin VisualStudioCodeSourceCodeAccess
LogPluginManager: Mounting plugin VisualStudioSourceCodeAccess
LogPluginManager: Mounting plugin XCodeSourceCodeAccess
LogPluginManager: Mounting plugin AssetManagerEditor
LogPluginManager: Mounting plugin CryptoKeys
LogPluginManager: Mounting plugin CurveEditorTools
LogPluginManager: Mounting plugin DataValidation
LogPluginManager: Mounting plugin EditorScriptingUtilities
LogPluginManager: Mounting plugin FacialAnimation
LogPluginManager: Mounting plugin GameplayTagsEditor
LogPluginManager: Mounting plugin GeometryMode
LogPluginManager: Mounting plugin MacGraphicsSwitching
LogPluginManager: Mounting plugin MaterialAnalyzer
LogPluginManager: Mounting plugin MobileLauncherProfileWizard
LogPluginManager: Mounting plugin PluginBrowser
LogPluginManager: Mounting plugin SpeedTreeImporter
LogPluginManager: Mounting plugin DatasmithContent
LogPluginManager: Mounting plugin VariantManagerContent
LogPluginManager: Mounting plugin AlembicImporter
LogPluginManager: Mounting plugin AutomationUtils
LogPluginManager: Mounting plugin BackChannel
LogPluginManager: Mounting plugin ChaosCloth
LogPluginManager: Mounting plugin ChaosClothEditor
LogPluginManager: Mounting plugin ChaosEditor
LogPluginManager: Mounting plugin ChaosNiagara
LogPluginManager: Mounting plugin ChaosSolverPlugin
LogPluginManager: Mounting plugin CharacterAI
LogPluginManager: Mounting plugin GeometryCache
LogPluginManager: Mounting plugin GeometryCollectionPlugin
LogPluginManager: Mounting plugin GeometryProcessing
LogPluginManager: Mounting plugin PlanarCut
LogPluginManager: Mounting plugin PlatformCrypto
LogPluginManager: Mounting plugin ProxyLODPlugin
LogPluginManager: Mounting plugin SkeletalReduction
LogPluginManager: Mounting plugin Niagara
LogPluginManager: Mounting plugin MagicLeap
LogPluginManager: Mounting plugin MagicLeapLightEstimation
LogPluginManager: Mounting plugin MagicLeapMedia
LogPluginManager: Mounting plugin MagicLeapPassableWorld
LogPluginManager: Mounting plugin MLSDK
LogPluginManager: Mounting plugin AndroidMedia
LogPluginManager: Mounting plugin AvfMedia
LogPluginManager: Mounting plugin ImgMedia
LogPluginManager: Mounting plugin MediaCompositing
LogPluginManager: Mounting plugin MediaPlayerEditor
LogPluginManager: Mounting plugin WebMMedia
LogPluginManager: Mounting plugin WmfMedia
LogPluginManager: Mounting plugin MeshPainting
LogPluginManager: Mounting plugin TcpMessaging
LogPluginManager: Mounting plugin UdpMessaging
LogPluginManager: Mounting plugin ActorSequence
LogPluginManager: Mounting plugin LevelSequenceEditor
LogPluginManager: Mounting plugin MatineeToLevelSequence
LogPluginManager: Mounting plugin MovieRenderPipeline
LogPluginManager: Mounting plugin TemplateSequence
LogPluginManager: Mounting plugin NetcodeUnitTest
LogPluginManager: Mounting plugin NUTUnrealEngine4
LogPluginManager: Mounting plugin OnlineSubsystemGooglePlay
LogPluginManager: Mounting plugin OnlineSubsystemIOS
LogPluginManager: Mounting plugin OnlineSubsystem
LogPluginManager: Mounting plugin OnlineSubsystemNull
LogPluginManager: Mounting plugin OnlineSubsystemUtils
LogPluginManager: Mounting plugin LauncherChunkInstaller
LogPluginManager: Mounting plugin AndroidDeviceProfileSelector
LogPluginManager: Mounting plugin AndroidMoviePlayer
LogPluginManager: Mounting plugin AndroidPermission
LogPluginManager: Mounting plugin AppleImageUtils
LogPluginManager: Mounting plugin AppleMoviePlayer
LogPluginManager: Mounting plugin ArchVisCharacter
LogPluginManager: Mounting plugin AssetTags
LogPluginManager: Mounting plugin AudioCapture
LogPluginManager: Mounting plugin CableComponent
LogPluginManager: Mounting plugin CustomMeshComponent
LogPluginManager: Mounting plugin EditableMesh
LogPluginManager: Mounting plugin ExampleDeviceProfileSelector
LogPluginManager: Mounting plugin GoogleCloudMessaging
LogPluginManager: Mounting plugin GooglePAD
LogPluginManager: Mounting plugin IOSDeviceProfileSelector
LogPluginManager: Mounting plugin LinuxDeviceProfileSelector
LogPluginManager: Mounting plugin LocationServicesBPLibrary
LogPluginManager: Mounting plugin MobilePatchingUtils
LogPluginManager: Mounting plugin OculusVR
LogPluginManager: Mounting plugin PhysXVehicles
LogPluginManager: Mounting plugin PostSplashScreen
LogPluginManager: Mounting plugin ProceduralMeshComponent
LogPluginManager: Mounting plugin RuntimePhysXCooking
LogPluginManager: Mounting plugin SignificanceManager
LogPluginManager: Mounting plugin SoundFields
LogPluginManager: Mounting plugin SteamVR
LogPluginManager: Mounting plugin Synthesis
LogPluginManager: Mounting plugin WebMMoviePlayer
LogPluginManager: Mounting plugin WindowsMoviePlayer
LogPluginManager: Mounting plugin ScreenshotTools
LogInit: Using libcurl 7.55.1-DEV
LogInit:  - built for x86_64-pc-win32
LogInit:  - supports SSL with OpenSSL/1.1.1
LogInit:  - supports HTTP deflate (compression) using libz 1.2.8
LogInit:  - other features:
LogInit:      CURL_VERSION_SSL
LogInit:      CURL_VERSION_LIBZ
LogInit:      CURL_VERSION_IPV6
LogInit:      CURL_VERSION_ASYNCHDNS
LogInit:      CURL_VERSION_LARGEFILE
LogInit:      CURL_VERSION_IDN
LogInit:  CurlRequestOptions (configurable via config and command line):
LogInit:  - bVerifyPeer = true  - Libcurl will verify peer certificate
LogInit:  - bUseHttpProxy = false  - Libcurl will NOT use HTTP proxy
LogInit:  - bDontReuseConnections = false  - Libcurl will reuse connections
LogInit:  - MaxHostConnections = 16  - Libcurl will limit the number of connections to a host
LogInit:  - LocalHostAddr = Default
LogInit:  - BufferSize = 65536
LogOnline: OSS: Creating online subsystem instance for: NULL
LogInit: WinSock: version 1.1 (2.2), MaxSocks=32767, MaxUdp=65467
LogOnline: OSS: TryLoadSubsystemAndSetDefault: Loaded subsystem for module [NULL]
LogOculusPluginWrapper: OculusPlugin initialized successfully
LogHMD: Failed initializing OVRPlugin 1.44.0
LogInit: Build: ++UE4+Release-4.25-CL-13942748
LogInit: Engine Version: 4.25.3-13942748+++UE4+Release-4.25
LogInit: Compatible Engine Version: 4.25.0-13144385+++UE4+Release-4.25
LogInit: Net CL: 13144385
LogInit: OS: Windows 10 (Release 1909) (), CPU: AMD Ryzen 7 3700X 8-Core Processor             , GPU: NVIDIA GeForce RTX 2080 SUPER
LogInit: Compiled (64-bit): Jul 25 2020 02:07:48
LogInit: Compiled with Visual C++: 19.24.28315.00
LogInit: Build Configuration: Development
LogInit: Branch Name: ++UE4+Release-4.25
LogInit: Command Line:  -skipcompile
LogInit: Base Directory: E:/UnrealEngine/UE_4.25/Engine/Binaries/Win64/
LogInit: Allocator: TBB
LogInit: Installed Engine Build: 1
LogDevObjectVersion: Number of dev versions registered: 26
LogDevObjectVersion:   Dev-Blueprints (B0D832E4-1F89-4F0D-ACCF-7EB736FD4AA2): 10
LogDevObjectVersion:   Dev-Build (E1C64328-A22C-4D53-A36C-8E866417BD8C): 0
LogDevObjectVersion:   Dev-Core (375EC13C-06E4-48FB-B500-84F0262A717E): 4
LogDevObjectVersion:   Dev-Editor (E4B068ED-F494-42E9-A231-DA0B2E46BB41): 38
LogDevObjectVersion:   Dev-Framework (CFFC743F-43B0-4480-9391-14DF171D2073): 37
LogDevObjectVersion:   Dev-Mobile (B02B49B5-BB20-44E9-A304-32B752E40360): 2
LogDevObjectVersion:   Dev-Networking (A4E4105C-59A1-49B5-A7C5-40C4547EDFEE): 0
LogDevObjectVersion:   Dev-Online (39C831C9-5AE6-47DC-9A44-9C173E1C8E7C): 0
LogDevObjectVersion:   Dev-Physics (78F01B33-EBEA-4F98-B9B4-84EACCB95AA2): 4
LogDevObjectVersion:   Dev-Platform (6631380F-2D4D-43E0-8009-CF276956A95A): 0
LogDevObjectVersion:   Dev-Rendering (12F88B9F-8875-4AFC-A67C-D90C383ABD29): 43
LogDevObjectVersion:   Dev-Sequencer (7B5AE74C-D270-4C10-A958-57980B212A5A): 12
LogDevObjectVersion:   Dev-VR (D7296918-1DD6-4BDD-9DE2-64A83CC13884): 3
LogDevObjectVersion:   Dev-LoadTimes (C2A15278-BFE7-4AFE-6C17-90FF531DF755): 1
LogDevObjectVersion:   Private-Geometry (6EACA3D4-40EC-4CC1-B786-8BED09428FC5): 3
LogDevObjectVersion:   Dev-AnimPhys (29E575DD-E0A3-4627-9D10-D276232CDCEA): 17
LogDevObjectVersion:   Dev-Anim (AF43A65D-7FD3-4947-9873-3E8ED9C1BB05): 7
LogDevObjectVersion:   Dev-ReflectionCapture (6B266CEC-1EC7-4B8F-A30B-E4D90942FC07): 1
LogDevObjectVersion:   Dev-Automation (0DF73D61-A23F-47EA-B727-89E90C41499A): 1
LogDevObjectVersion:   FortniteMain (601D1886-AC64-4F84-AA16-D3DE0DEAC7D6): 31
LogDevObjectVersion:   Dev-Enterprise (9DFFBCD6-494F-0158-E221-12823C92A888): 10
LogDevObjectVersion:   Dev-Niagara (F2AED0AC-9AFE-416F-8664-AA7FFA26D6FC): 1
LogDevObjectVersion:   Dev-Destruction (174F1F0B-B4C6-45A5-B13F-2EE8D0FB917D): 10
LogDevObjectVersion:   Dev-Physics-Ext (35F94A83-E258-406C-A318-09F59610247C): 37
LogDevObjectVersion:   Dev-PhysicsMaterial-Chaos (B68FC16E-8B1B-42E2-B453-215C058844FE): 1
LogDevObjectVersion:   Dev-CineCamera (B2E18506-4273-CFC2-A54E-F4BB758BBA07): 1
LogInit: Presizing for max 25165824 objects, including 0 objects not considered by GC, pre-allocating 0 bytes for permanent pool.
LogConfig: Applying CVar settings from Section [/Script/Engine.StreamingSettings] File [E:/GameProgramming2/DungeonGenerator/procedural generation for unreal/DungeonGenerator/Saved/Config/Windows/Engine.ini]
LogConfig: Setting CVar [[s.MinBulkDataSizeForAsyncLoading:131072]]
LogConfig: Setting CVar [[s.AsyncLoadingThreadEnabled:0]]
LogConfig: Setting CVar [[s.EventDrivenLoaderEnabled:1]]
LogConfig: Setting CVar [[s.WarnIfTimeLimitExceeded:0]]
LogConfig: Setting CVar [[s.TimeLimitExceededMultiplier:1.5]]
LogConfig: Setting CVar [[s.TimeLimitExceededMinTime:0.005]]
LogConfig: Setting CVar [[s.UseBackgroundLevelStreaming:1]]
LogConfig: Setting CVar [[s.PriorityAsyncLoadingExtraTime:15.0]]
LogConfig: Setting CVar [[s.LevelStreamingActorsUpdateTimeLimit:5.0]]
LogConfig: Setting CVar [[s.PriorityLevelStreamingActorsUpdateExtraTime:5.0]]
LogConfig: Setting CVar [[s.LevelStreamingComponentsRegistrationGranularity:10]]
LogConfig: Setting CVar [[s.UnregisterComponentsTimeLimit:1.0]]
LogConfig: Setting CVar [[s.LevelStreamingComponentsUnregistrationGranularity:5]]
LogConfig: Setting CVar [[s.FlushStreamingOnExit:1]]
LogInit: Object subsystem initialized
LogConfig: Setting CVar [[con.DebugEarlyDefault:1]]
LogConfig: Setting CVar [[r.setres:1280x720]]
[2020.10.04-04.14.24:886][  0]LogConfig: Setting CVar [[r.VSync:0]]
[2020.10.04-04.14.24:886][  0]LogConfig: Setting CVar [[r.RHICmdBypass:0]]
[2020.10.04-04.14.24:886][  0]LogConfig: Applying CVar settings from Section [/Script/Engine.RendererSettings] File [E:/GameProgramming2/DungeonGenerator/procedural generation for unreal/DungeonGenerator/Saved/Config/Windows/Engine.ini]
[2020.10.04-04.14.24:886][  0]LogConfig: Setting CVar [[r.GPUCrashDebugging:0]]
[2020.10.04-04.14.24:886][  0]LogConfig: Applying CVar settings from Section [/Script/Engine.RendererOverrideSettings] File [E:/GameProgramming2/DungeonGenerator/procedural generation for unreal/DungeonGenerator/Saved/Config/Windows/Engine.ini]
[2020.10.04-04.14.24:886][  0]LogConfig: Applying CVar settings from Section [/Script/Engine.StreamingSettings] File [E:/GameProgramming2/DungeonGenerator/procedural generation for unreal/DungeonGenerator/Saved/Config/Windows/Engine.ini]
[2020.10.04-04.14.24:886][  0]LogConfig: Setting CVar [[s.MinBulkDataSizeForAsyncLoading:131072]]
[2020.10.04-04.14.24:886][  0]LogConfig: Setting CVar [[s.AsyncLoadingThreadEnabled:0]]
[2020.10.04-04.14.24:886][  0]LogConfig: Setting CVar [[s.EventDrivenLoaderEnabled:1]]
[2020.10.04-04.14.24:886][  0]LogConfig: Setting CVar [[s.WarnIfTimeLimitExceeded:0]]
[2020.10.04-04.14.24:886][  0]LogConfig: Setting CVar [[s.TimeLimitExceededMultiplier:1.5]]
[2020.10.04-04.14.24:887][  0]LogConfig: Setting CVar [[s.TimeLimitExceededMinTime:0.005]]
[2020.10.04-04.14.24:887][  0]LogConfig: Setting CVar [[s.UseBackgroundLevelStreaming:1]]
[2020.10.04-04.14.24:887][  0]LogConfig: Setting CVar [[s.PriorityAsyncLoadingExtraTime:15.0]]
[2020.10.04-04.14.24:887][  0]LogConfig: Setting CVar [[s.LevelStreamingActorsUpdateTimeLimit:5.0]]
[2020.10.04-04.14.24:887][  0]LogConfig: Setting CVar [[s.PriorityLevelStreamingActorsUpdateExtraTime:5.0]]
[2020.10.04-04.14.24:887][  0]LogConfig: Setting CVar [[s.LevelStreamingComponentsRegistrationGranularity:10]]
[2020.10.04-04.14.24:887][  0]LogConfig: Setting CVar [[s.UnregisterComponentsTimeLimit:1.0]]
[2020.10.04-04.14.24:887][  0]LogConfig: Setting CVar [[s.LevelStreamingComponentsUnregistrationGranularity:5]]
[2020.10.04-04.14.24:887][  0]LogConfig: Setting CVar [[s.FlushStreamingOnExit:1]]
[2020.10.04-04.14.24:887][  0]LogConfig: Applying CVar settings from Section [/Script/Engine.GarbageCollectionSettings] File [E:/GameProgramming2/DungeonGenerator/procedural generation for unreal/DungeonGenerator/Saved/Config/Windows/Engine.ini]
[2020.10.04-04.14.24:887][  0]LogConfig: Setting CVar [[gc.MaxObjectsNotConsideredByGC:1]]
[2020.10.04-04.14.24:887][  0]LogConfig: Setting CVar [[gc.SizeOfPermanentObjectPool:0]]
[2020.10.04-04.14.24:887][  0]LogConfig: Setting CVar [[gc.FlushStreamingOnGC:0]]
[2020.10.04-04.14.24:887][  0]LogConfig: Setting CVar [[gc.NumRetriesBeforeForcingGC:10]]
[2020.10.04-04.14.24:887][  0]LogConfig: Setting CVar [[gc.AllowParallelGC:1]]
[2020.10.04-04.14.24:887][  0]LogConfig: Setting CVar [[gc.TimeBetweenPurgingPendingKillObjects:61.1]]
[2020.10.04-04.14.24:887][  0]LogConfig: Setting CVar [[gc.MaxObjectsInEditor:25165824]]
[2020.10.04-04.14.24:888][  0]LogConfig: Setting CVar [[gc.IncrementalBeginDestroyEnabled:1]]
[2020.10.04-04.14.24:888][  0]LogConfig: Setting CVar [[gc.CreateGCClusters:1]]
[2020.10.04-04.14.24:888][  0]LogConfig: Setting CVar [[gc.MinGCClusterSize:5]]
[2020.10.04-04.14.24:888][  0]LogConfig: Setting CVar [[gc.ActorClusteringEnabled:0]]
[2020.10.04-04.14.24:888][  0]LogConfig: Setting CVar [[gc.BlueprintClusteringEnabled:0]]
[2020.10.04-04.14.24:888][  0]LogConfig: Setting CVar [[gc.UseDisregardForGCOnDedicatedServers:0]]
[2020.10.04-04.14.24:888][  0]LogConfig: Applying CVar settings from Section [/Script/Engine.NetworkSettings] File [E:/GameProgramming2/DungeonGenerator/procedural generation for unreal/DungeonGenerator/Saved/Config/Windows/Engine.ini]
[2020.10.04-04.14.24:888][  0]LogConfig: Applying CVar settings from Section [/Script/UnrealEd.CookerSettings] File [E:/GameProgramming2/DungeonGenerator/procedural generation for unreal/DungeonGenerator/Saved/Config/Windows/Engine.ini]
[2020.10.04-04.14.24:899][  0]LogConfig: Applying CVar settings from Section [ViewDistanceQuality@3] File [E:/GameProgramming2/DungeonGenerator/procedural generation for unreal/DungeonGenerator/Saved/Config/Windows/Scalability.ini]
[2020.10.04-04.14.24:899][  0]LogConfig: Setting CVar [[r.SkeletalMeshLODBias:0]]
[2020.10.04-04.14.24:899][  0]LogConfig: Setting CVar [[r.ViewDistanceScale:1.0]]
[2020.10.04-04.14.24:899][  0]LogConfig: Applying CVar settings from Section [AntiAliasingQuality@3] File [E:/GameProgramming2/DungeonGenerator/procedural generation for unreal/DungeonGenerator/Saved/Config/Windows/Scalability.ini]
[2020.10.04-04.14.24:899][  0]LogConfig: Setting CVar [[r.PostProcessAAQuality:4]]
[2020.10.04-04.14.24:899][  0]LogConfig: Applying CVar settings from Section [ShadowQuality@3] File [E:/GameProgramming2/DungeonGenerator/procedural generation for unreal/DungeonGenerator/Saved/Config/Windows/Scalability.ini]
[2020.10.04-04.14.24:899][  0]LogConfig: Setting CVar [[r.LightFunctionQuality:1]]
[2020.10.04-04.14.24:899][  0]LogConfig: Setting CVar [[r.ShadowQuality:5]]
[2020.10.04-04.14.24:899][  0]LogConfig: Setting CVar [[r.Shadow.CSM.MaxCascades:10]]
[2020.10.04-04.14.24:899][  0]LogConfig: Setting CVar [[r.Shadow.MaxResolution:2048]]
[2020.10.04-04.14.24:899][  0]LogConfig: Setting CVar [[r.Shadow.MaxCSMResolution:2048]]
[2020.10.04-04.14.24:900][  0]LogConfig: Setting CVar [[r.Shadow.RadiusThreshold:0.01]]
[2020.10.04-04.14.24:900][  0]LogConfig: Setting CVar [[r.Shadow.DistanceScale:1.0]]
[2020.10.04-04.14.24:900][  0]LogConfig: Setting CVar [[r.Shadow.CSM.TransitionScale:1.0]]
[2020.10.04-04.14.24:900][  0]LogConfig: Setting CVar [[r.Shadow.PreShadowResolutionFactor:1.0]]
[2020.10.04-04.14.24:900][  0]LogConfig: Setting CVar [[r.DistanceFieldShadowing:1]]
[2020.10.04-04.14.24:900][  0]LogConfig: Setting CVar [[r.DistanceFieldAO:1]]
[2020.10.04-04.14.24:900][  0]LogConfig: Setting CVar [[r.AOQuality:2]]
[2020.10.04-04.14.24:900][  0]LogConfig: Setting CVar [[r.VolumetricFog:1]]
[2020.10.04-04.14.24:900][  0]LogConfig: Setting CVar [[r.VolumetricFog.GridPixelSize:8]]
[2020.10.04-04.14.24:900][  0]LogConfig: Setting CVar [[r.VolumetricFog.GridSizeZ:128]]
[2020.10.04-04.14.24:900][  0]LogConfig: Setting CVar [[r.VolumetricFog.HistoryMissSupersampleCount:4]]
[2020.10.04-04.14.24:900][  0]LogConfig: Setting CVar [[r.LightMaxDrawDistanceScale:1]]
[2020.10.04-04.14.24:900][  0]LogConfig: Setting CVar [[r.CapsuleShadows:1]]
[2020.10.04-04.14.24:900][  0]LogConfig: Applying CVar settings from Section [PostProcessQuality@3] File [E:/GameProgramming2/DungeonGenerator/procedural generation for unreal/DungeonGenerator/Saved/Config/Windows/Scalability.ini]
[2020.10.04-04.14.24:900][  0]LogConfig: Setting CVar [[r.MotionBlurQuality:4]]
[2020.10.04-04.14.24:901][  0]LogConfig: Setting CVar [[r.AmbientOcclusionMipLevelFactor:0.4]]
[2020.10.04-04.14.24:901][  0]LogConfig: Setting CVar [[r.AmbientOcclusionMaxQuality:100]]
[2020.10.04-04.14.24:901][  0]LogConfig: Setting CVar [[r.AmbientOcclusionLevels:-1]]
[2020.10.04-04.14.24:901][  0]LogConfig: Setting CVar [[r.AmbientOcclusionRadiusScale:1.0]]
[2020.10.04-04.14.24:901][  0]LogConfig: Setting CVar [[r.DepthOfFieldQuality:2]]
[2020.10.04-04.14.24:901][  0]LogConfig: Setting CVar [[r.RenderTargetPoolMin:400]]
[2020.10.04-04.14.24:901][  0]LogConfig: Setting CVar [[r.LensFlareQuality:2]]
[2020.10.04-04.14.24:901][  0]LogConfig: Setting CVar [[r.SceneColorFringeQuality:1]]
[2020.10.04-04.14.24:901][  0]LogConfig: Setting CVar [[r.EyeAdaptationQuality:2]]
[2020.10.04-04.14.24:901][  0]LogConfig: Setting CVar [[r.BloomQuality:5]]
[2020.10.04-04.14.24:901][  0]LogConfig: Setting CVar [[r.FastBlurThreshold:100]]
[2020.10.04-04.14.24:901][  0]LogConfig: Setting CVar [[r.Upscale.Quality:3]]
[2020.10.04-04.14.24:901][  0]LogConfig: Setting CVar [[r.Tonemapper.GrainQuantization:1]]
[2020.10.04-04.14.24:901][  0]LogConfig: Setting CVar [[r.LightShaftQuality:1]]
[2020.10.04-04.14.24:901][  0]LogConfig: Setting CVar [[r.Filter.SizeScale:1]]
[2020.10.04-04.14.24:901][  0]LogConfig: Setting CVar [[r.Tonemapper.Quality:5]]
[2020.10.04-04.14.24:901][  0]LogConfig: Setting CVar [[r.DOF.Gather.AccumulatorQuality:1        ; higher gathering accumulator quality]]
[2020.10.04-04.14.24:902][  0]LogConfig: Setting CVar [[r.DOF.Gather.PostfilterMethod:1          ; Median3x3 postfilering method]]
[2020.10.04-04.14.24:902][  0]LogConfig: Setting CVar [[r.DOF.Gather.EnableBokehSettings:0       ; no bokeh simulation when gathering]]
[2020.10.04-04.14.24:902][  0]LogConfig: Setting CVar [[r.DOF.Gather.RingCount:4                 ; medium number of samples when gathering]]
[2020.10.04-04.14.24:902][  0]LogConfig: Setting CVar [[r.DOF.Scatter.ForegroundCompositing:1    ; additive foreground scattering]]
[2020.10.04-04.14.24:902][  0]LogConfig: Setting CVar [[r.DOF.Scatter.BackgroundCompositing:2    ; additive background scattering]]
[2020.10.04-04.14.24:902][  0]LogConfig: Setting CVar [[r.DOF.Scatter.EnableBokehSettings:1      ; bokeh simulation when scattering]]
[2020.10.04-04.14.24:902][  0]LogConfig: Setting CVar [[r.DOF.Scatter.MaxSpriteRatio:0.1         ; only a maximum of 10% of scattered bokeh]]
[2020.10.04-04.14.24:902][  0]LogConfig: Setting CVar [[r.DOF.Recombine.Quality:1                ; cheap slight out of focus]]
[2020.10.04-04.14.24:902][  0]LogConfig: Setting CVar [[r.DOF.Recombine.EnableBokehSettings:0    ; no bokeh simulation on slight out of focus]]
[2020.10.04-04.14.24:902][  0]LogConfig: Setting CVar [[r.DOF.TemporalAAQuality:1                ; more stable temporal accumulation]]
[2020.10.04-04.14.24:902][  0]LogConfig: Setting CVar [[r.DOF.Kernel.MaxForegroundRadius:0.025]]
[2020.10.04-04.14.24:902][  0]LogConfig: Setting CVar [[r.DOF.Kernel.MaxBackgroundRadius:0.025]]
[2020.10.04-04.14.24:902][  0]LogConfig: Applying CVar settings from Section [TextureQuality@3] File [E:/GameProgramming2/DungeonGenerator/procedural generation for unreal/DungeonGenerator/Saved/Config/Windows/Scalability.ini]
[2020.10.04-04.14.24:902][  0]LogConfig: Setting CVar [[r.Streaming.MipBias:0]]
[2020.10.04-04.14.24:902][  0]LogConfig: Setting CVar [[r.Streaming.AmortizeCPUToGPUCopy:0]]
[2020.10.04-04.14.24:902][  0]LogConfig: Setting CVar [[r.Streaming.MaxNumTexturesToStreamPerFrame:0]]
[2020.10.04-04.14.24:902][  0]LogConfig: Setting CVar [[r.Streaming.Boost:1]]
[2020.10.04-04.14.24:903][  0]LogConfig: Setting CVar [[r.MaxAnisotropy:8]]
[2020.10.04-04.14.24:903][  0]LogConfig: Setting CVar [[r.VT.MaxAnisotropy:8]]
[2020.10.04-04.14.24:903][  0]LogConfig: Setting CVar [[r.Streaming.LimitPoolSizeToVRAM:0]]
[2020.10.04-04.14.24:903][  0]LogConfig: Setting CVar [[r.Streaming.PoolSize:1000]]
[2020.10.04-04.14.24:903][  0]LogConfig: Setting CVar [[r.Streaming.MaxEffectiveScreenSize:0]]
[2020.10.04-04.14.24:903][  0]LogConfig: Applying CVar settings from Section [EffectsQuality@3] File [E:/GameProgramming2/DungeonGenerator/procedural generation for unreal/DungeonGenerator/Saved/Config/Windows/Scalability.ini]
[2020.10.04-04.14.24:903][  0]LogConfig: Setting CVar [[r.TranslucencyLightingVolumeDim:64]]
[2020.10.04-04.14.24:903][  0]LogConfig: Setting CVar [[r.RefractionQuality:2]]
[2020.10.04-04.14.24:903][  0]LogConfig: Setting CVar [[r.SSR.Quality:3]]
[2020.10.04-04.14.24:903][  0]LogConfig: Setting CVar [[r.SSR.HalfResSceneColor:0]]
[2020.10.04-04.14.24:903][  0]LogConfig: Setting CVar [[r.SceneColorFormat:4]]
[2020.10.04-04.14.24:903][  0]LogConfig: Setting CVar [[r.DetailMode:2]]
[2020.10.04-04.14.24:903][  0]LogConfig: Setting CVar [[r.TranslucencyVolumeBlur:1]]
[2020.10.04-04.14.24:903][  0]LogConfig: Setting CVar [[r.MaterialQualityLevel:1 ; High quality]]
[2020.10.04-04.14.24:903][  0]LogConfig: Setting CVar [[r.SSS.Scale:1]]
[2020.10.04-04.14.24:903][  0]LogConfig: Setting CVar [[r.SSS.SampleSet:2]]
[2020.10.04-04.14.24:903][  0]LogConfig: Setting CVar [[r.SSS.Quality:1]]
[2020.10.04-04.14.24:903][  0]LogConfig: Setting CVar [[r.SSS.HalfRes:0]]
[2020.10.04-04.14.24:904][  0]LogConfig: Setting CVar [[r.SSGI.Quality:3]]
[2020.10.04-04.14.24:904][  0]LogConfig: Setting CVar [[r.EmitterSpawnRateScale:1.0]]
[2020.10.04-04.14.24:904][  0]LogConfig: Setting CVar [[r.ParticleLightQuality:2]]
[2020.10.04-04.14.24:904][  0]LogConfig: Setting CVar [[r.SkyAtmosphere.AerialPerspectiveLUT.FastApplyOnOpaque:1 ; Always have FastSkyLUT 1 in this case to avoid wrong sky]]
[2020.10.04-04.14.24:904][  0]LogConfig: Setting CVar [[r.SkyAtmosphere.AerialPerspectiveLUT.SampleCountPerSlice:1]]
[2020.10.04-04.14.24:904][  0]LogConfig: Setting CVar [[r.SkyAtmosphere.AerialPerspectiveLUT.DepthResolution:16.0]]
[2020.10.04-04.14.24:904][  0]LogConfig: Setting CVar [[r.SkyAtmosphere.FastSkyLUT:1]]
[2020.10.04-04.14.24:904][  0]LogConfig: Setting CVar [[r.SkyAtmosphere.FastSkyLUT.SampleCountMin:4.0]]
[2020.10.04-04.14.24:904][  0]LogConfig: Setting CVar [[r.SkyAtmosphere.FastSkyLUT.SampleCountMax:32.0]]
[2020.10.04-04.14.24:904][  0]LogConfig: Setting CVar [[r.SkyAtmosphere.SampleCountMin:4.0]]
[2020.10.04-04.14.24:904][  0]LogConfig: Setting CVar [[r.SkyAtmosphere.SampleCountMax:32.0]]
[2020.10.04-04.14.24:904][  0]LogConfig: Setting CVar [[r.SkyAtmosphere.TransmittanceLUT.UseSmallFormat:0]]
[2020.10.04-04.14.24:904][  0]LogConfig: Setting CVar [[r.SkyAtmosphere.TransmittanceLUT.SampleCount:10.0]]
[2020.10.04-04.14.24:904][  0]LogConfig: Setting CVar [[r.SkyAtmosphere.MultiScatteringLUT.SampleCount:15.0]]
[2020.10.04-04.14.24:904][  0]LogConfig: Applying CVar settings from Section [FoliageQuality@3] File [E:/GameProgramming2/DungeonGenerator/procedural generation for unreal/DungeonGenerator/Saved/Config/Windows/Scalability.ini]
[2020.10.04-04.14.24:904][  0]LogConfig: Setting CVar [[foliage.DensityScale:1.0]]
[2020.10.04-04.14.24:904][  0]LogConfig: Setting CVar [[grass.DensityScale:1.0]]
[2020.10.04-04.14.24:904][  0]LogConfig: Applying CVar settings from Section [ShadingQuality@3] File [E:/GameProgramming2/DungeonGenerator/procedural generation for unreal/DungeonGenerator/Saved/Config/Windows/Scalability.ini]
[2020.10.04-04.14.24:904][  0]LogConfig: Setting CVar [[r.HairStrands.SkyLighting.SampleCount:16]]
[2020.10.04-04.14.24:905][  0]LogConfig: Setting CVar [[r.HairStrands.SkyLighting.JitterIntegration:0]]
[2020.10.04-04.14.24:905][  0]LogConfig: Setting CVar [[r.HairStrands.SkyAO.SampleCount:16]]
[2020.10.04-04.14.24:905][  0]LogConfig: Setting CVar [[r.HairStrands.DeepShadow.SuperSampling:0]]
[2020.10.04-04.14.24:905][  0]LogConfig: Setting CVar [[r.HairStrands.VisibilityPPLL:0]]
[2020.10.04-04.14.24:905][  0]LogConfig: Setting CVar [[r.HairStrands.RasterizationScale:0.5]]
[2020.10.04-04.14.24:905][  0]LogConfig: Setting CVar [[r.HairStrands.VelocityRasterizationScale:1]]
[2020.10.04-04.14.24:905][  0]LogInit: Selected Device Profile: [Windows]
[2020.10.04-04.14.24:905][  0]LogInit: Applying CVar settings loaded from the selected device profile: [Windows]
[2020.10.04-04.14.24:905][  0]LogHAL: Display: Platform has ~ 16 GB [17105043456 / 17179869184 / 16], which maps to Larger [LargestMinGB=32, LargerMinGB=12, DefaultMinGB=8, SmallerMinGB=6, SmallestMinGB=0)
[2020.10.04-04.14.24:905][  0]LogInit: Going up to parent DeviceProfile []
[2020.10.04-04.14.24:905][  0]LogConfig: Applying CVar settings from Section [ViewDistanceQuality@3] File [E:/GameProgramming2/DungeonGenerator/procedural generation for unreal/DungeonGenerator/Saved/Config/Windows/Scalability.ini]
[2020.10.04-04.14.24:905][  0]LogConfig: Setting CVar [[r.SkeletalMeshLODBias:0]]
[2020.10.04-04.14.24:905][  0]LogConfig: Setting CVar [[r.ViewDistanceScale:1.0]]
[2020.10.04-04.14.24:905][  0]LogConfig: Applying CVar settings from Section [AntiAliasingQuality@3] File [E:/GameProgramming2/DungeonGenerator/procedural generation for unreal/DungeonGenerator/Saved/Config/Windows/Scalability.ini]
[2020.10.04-04.14.24:905][  0]LogConfig: Setting CVar [[r.PostProcessAAQuality:4]]
[2020.10.04-04.14.24:906][  0]LogConfig: Applying CVar settings from Section [ShadowQuality@3] File [E:/GameProgramming2/DungeonGenerator/procedural generation for unreal/DungeonGenerator/Saved/Config/Windows/Scalability.ini]
[2020.10.04-04.14.24:906][  0]LogConfig: Setting CVar [[r.LightFunctionQuality:1]]
[2020.10.04-04.14.24:906][  0]LogConfig: Setting CVar [[r.ShadowQuality:5]]
[2020.10.04-04.14.24:906][  0]LogConfig: Setting CVar [[r.Shadow.CSM.MaxCascades:10]]
[2020.10.04-04.14.24:906][  0]LogConfig: Setting CVar [[r.Shadow.MaxResolution:2048]]
[2020.10.04-04.14.24:906][  0]LogConfig: Setting CVar [[r.Shadow.MaxCSMResolution:2048]]
[2020.10.04-04.14.24:906][  0]LogConfig: Setting CVar [[r.Shadow.RadiusThreshold:0.01]]
[2020.10.04-04.14.24:906][  0]LogConfig: Setting CVar [[r.Shadow.DistanceScale:1.0]]
[2020.10.04-04.14.24:906][  0]LogConfig: Setting CVar [[r.Shadow.CSM.TransitionScale:1.0]]
[2020.10.04-04.14.24:906][  0]LogConfig: Setting CVar [[r.Shadow.PreShadowResolutionFactor:1.0]]
[2020.10.04-04.14.24:906][  0]LogConfig: Setting CVar [[r.DistanceFieldShadowing:1]]
[2020.10.04-04.14.24:906][  0]LogConfig: Setting CVar [[r.DistanceFieldAO:1]]
[2020.10.04-04.14.24:906][  0]LogConfig: Setting CVar [[r.AOQuality:2]]
[2020.10.04-04.14.24:906][  0]LogConfig: Setting CVar [[r.VolumetricFog:1]]
[2020.10.04-04.14.24:906][  0]LogConfig: Setting CVar [[r.VolumetricFog.GridPixelSize:8]]
[2020.10.04-04.14.24:906][  0]LogConfig: Setting CVar [[r.VolumetricFog.GridSizeZ:128]]
[2020.10.04-04.14.24:906][  0]LogConfig: Setting CVar [[r.VolumetricFog.HistoryMissSupersampleCount:4]]
[2020.10.04-04.14.24:906][  0]LogConfig: Setting CVar [[r.LightMaxDrawDistanceScale:1]]
[2020.10.04-04.14.24:906][  0]LogConfig: Setting CVar [[r.CapsuleShadows:1]]
[2020.10.04-04.14.24:906][  0]LogConfig: Applying CVar settings from Section [PostProcessQuality@3] File [E:/GameProgramming2/DungeonGenerator/procedural generation for unreal/DungeonGenerator/Saved/Config/Windows/Scalability.ini]
[2020.10.04-04.14.24:906][  0]LogConfig: Setting CVar [[r.MotionBlurQuality:4]]
[2020.10.04-04.14.24:906][  0]LogConfig: Setting CVar [[r.AmbientOcclusionMipLevelFactor:0.4]]
[2020.10.04-04.14.24:906][  0]LogConfig: Setting CVar [[r.AmbientOcclusionMaxQuality:100]]
[2020.10.04-04.14.24:906][  0]LogConfig: Setting CVar [[r.AmbientOcclusionLevels:-1]]
[2020.10.04-04.14.24:906][  0]LogConfig: Setting CVar [[r.AmbientOcclusionRadiusScale:1.0]]
[2020.10.04-04.14.24:906][  0]LogConfig: Setting CVar [[r.DepthOfFieldQuality:2]]
[2020.10.04-04.14.24:906][  0]LogConfig: Setting CVar [[r.RenderTargetPoolMin:400]]
[2020.10.04-04.14.24:906][  0]LogConfig: Setting CVar [[r.LensFlareQuality:2]]
[2020.10.04-04.14.24:906][  0]LogConfig: Setting CVar [[r.SceneColorFringeQuality:1]]
[2020.10.04-04.14.24:906][  0]LogConfig: Setting CVar [[r.EyeAdaptationQuality:2]]
[2020.10.04-04.14.24:906][  0]LogConfig: Setting CVar [[r.BloomQuality:5]]
[2020.10.04-04.14.24:906][  0]LogConfig: Setting CVar [[r.FastBlurThreshold:100]]
[2020.10.04-04.14.24:906][  0]LogConfig: Setting CVar [[r.Upscale.Quality:3]]
[2020.10.04-04.14.24:906][  0]LogConfig: Setting CVar [[r.Tonemapper.GrainQuantization:1]]
[2020.10.04-04.14.24:906][  0]LogConfig: Setting CVar [[r.LightShaftQuality:1]]
[2020.10.04-04.14.24:907][  0]LogConfig: Setting CVar [[r.Filter.SizeScale:1]]
[2020.10.04-04.14.24:907][  0]LogConfig: Setting CVar [[r.Tonemapper.Quality:5]]
[2020.10.04-04.14.24:907][  0]LogConfig: Setting CVar [[r.DOF.Gather.AccumulatorQuality:1        ; higher gathering accumulator quality]]
[2020.10.04-04.14.24:907][  0]LogConfig: Setting CVar [[r.DOF.Gather.PostfilterMethod:1          ; Median3x3 postfilering method]]
[2020.10.04-04.14.24:907][  0]LogConfig: Setting CVar [[r.DOF.Gather.EnableBokehSettings:0       ; no bokeh simulation when gathering]]
[2020.10.04-04.14.24:907][  0]LogConfig: Setting CVar [[r.DOF.Gather.RingCount:4                 ; medium number of samples when gathering]]
[2020.10.04-04.14.24:907][  0]LogConfig: Setting CVar [[r.DOF.Scatter.ForegroundCompositing:1    ; additive foreground scattering]]
[2020.10.04-04.14.24:907][  0]LogConfig: Setting CVar [[r.DOF.Scatter.BackgroundCompositing:2    ; additive background scattering]]
[2020.10.04-04.14.24:907][  0]LogConfig: Setting CVar [[r.DOF.Scatter.EnableBokehSettings:1      ; bokeh simulation when scattering]]
[2020.10.04-04.14.24:907][  0]LogConfig: Setting CVar [[r.DOF.Scatter.MaxSpriteRatio:0.1         ; only a maximum of 10% of scattered bokeh]]
[2020.10.04-04.14.24:907][  0]LogConfig: Setting CVar [[r.DOF.Recombine.Quality:1                ; cheap slight out of focus]]
[2020.10.04-04.14.24:907][  0]LogConfig: Setting CVar [[r.DOF.Recombine.EnableBokehSettings:0    ; no bokeh simulation on slight out of focus]]
[2020.10.04-04.14.24:907][  0]LogConfig: Setting CVar [[r.DOF.TemporalAAQuality:1                ; more stable temporal accumulation]]
[2020.10.04-04.14.24:907][  0]LogConfig: Setting CVar [[r.DOF.Kernel.MaxForegroundRadius:0.025]]
[2020.10.04-04.14.24:907][  0]LogConfig: Setting CVar [[r.DOF.Kernel.MaxBackgroundRadius:0.025]]
[2020.10.04-04.14.24:907][  0]LogConfig: Applying CVar settings from Section [TextureQuality@3] File [E:/GameProgramming2/DungeonGenerator/procedural generation for unreal/DungeonGenerator/Saved/Config/Windows/Scalability.ini]
[2020.10.04-04.14.24:907][  0]LogConfig: Setting CVar [[r.Streaming.MipBias:0]]
[2020.10.04-04.14.24:907][  0]LogConfig: Setting CVar [[r.Streaming.AmortizeCPUToGPUCopy:0]]
[2020.10.04-04.14.24:907][  0]LogConfig: Setting CVar [[r.Streaming.MaxNumTexturesToStreamPerFrame:0]]
[2020.10.04-04.14.24:907][  0]LogConfig: Setting CVar [[r.Streaming.Boost:1]]
[2020.10.04-04.14.24:907][  0]LogConfig: Setting CVar [[r.MaxAnisotropy:8]]
[2020.10.04-04.14.24:908][  0]LogConfig: Setting CVar [[r.VT.MaxAnisotropy:8]]
[2020.10.04-04.14.24:908][  0]LogConfig: Setting CVar [[r.Streaming.LimitPoolSizeToVRAM:0]]
[2020.10.04-04.14.24:908][  0]LogConfig: Setting CVar [[r.Streaming.PoolSize:1000]]
[2020.10.04-04.14.24:908][  0]LogConfig: Setting CVar [[r.Streaming.MaxEffectiveScreenSize:0]]
[2020.10.04-04.14.24:908][  0]LogConfig: Applying CVar settings from Section [EffectsQuality@3] File [E:/GameProgramming2/DungeonGenerator/procedural generation for unreal/DungeonGenerator/Saved/Config/Windows/Scalability.ini]
[2020.10.04-04.14.24:908][  0]LogConfig: Setting CVar [[r.TranslucencyLightingVolumeDim:64]]
[2020.10.04-04.14.24:908][  0]LogConfig: Setting CVar [[r.RefractionQuality:2]]
[2020.10.04-04.14.24:908][  0]LogConfig: Setting CVar [[r.SSR.Quality:3]]
[2020.10.04-04.14.24:908][  0]LogConfig: Setting CVar [[r.SSR.HalfResSceneColor:0]]
[2020.10.04-04.14.24:908][  0]LogConfig: Setting CVar [[r.SceneColorFormat:4]]
[2020.10.04-04.14.24:908][  0]LogConfig: Setting CVar [[r.DetailMode:2]]
[2020.10.04-04.14.24:908][  0]LogConfig: Setting CVar [[r.TranslucencyVolumeBlur:1]]
[2020.10.04-04.14.24:908][  0]LogConfig: Setting CVar [[r.MaterialQualityLevel:1 ; High quality]]
[2020.10.04-04.14.24:908][  0]LogConfig: Setting CVar [[r.SSS.Scale:1]]
[2020.10.04-04.14.24:908][  0]LogConfig: Setting CVar [[r.SSS.SampleSet:2]]
[2020.10.04-04.14.24:908][  0]LogConfig: Setting CVar [[r.SSS.Quality:1]]
[2020.10.04-04.14.24:908][  0]LogConfig: Setting CVar [[r.SSS.HalfRes:0]]
[2020.10.04-04.14.24:908][  0]LogConfig: Setting CVar [[r.SSGI.Quality:3]]
[2020.10.04-04.14.24:908][  0]LogConfig: Setting CVar [[r.EmitterSpawnRateScale:1.0]]
[2020.10.04-04.14.24:909][  0]LogConfig: Setting CVar [[r.ParticleLightQuality:2]]
[2020.10.04-04.14.24:909][  0]LogConfig: Setting CVar [[r.SkyAtmosphere.AerialPerspectiveLUT.FastApplyOnOpaque:1 ; Always have FastSkyLUT 1 in this case to avoid wrong sky]]
[2020.10.04-04.14.24:909][  0]LogConfig: Setting CVar [[r.SkyAtmosphere.AerialPerspectiveLUT.SampleCountPerSlice:1]]
[2020.10.04-04.14.24:909][  0]LogConfig: Setting CVar [[r.SkyAtmosphere.AerialPerspectiveLUT.DepthResolution:16.0]]
[2020.10.04-04.14.24:909][  0]LogConfig: Setting CVar [[r.SkyAtmosphere.FastSkyLUT:1]]
[2020.10.04-04.14.24:909][  0]LogConfig: Setting CVar [[r.SkyAtmosphere.FastSkyLUT.SampleCountMin:4.0]]
[2020.10.04-04.14.24:909][  0]LogConfig: Setting CVar [[r.SkyAtmosphere.FastSkyLUT.SampleCountMax:32.0]]
[2020.10.04-04.14.24:909][  0]LogConfig: Setting CVar [[r.SkyAtmosphere.SampleCountMin:4.0]]
[2020.10.04-04.14.24:909][  0]LogConfig: Setting CVar [[r.SkyAtmosphere.SampleCountMax:32.0]]
[2020.10.04-04.14.24:909][  0]LogConfig: Setting CVar [[r.SkyAtmosphere.TransmittanceLUT.UseSmallFormat:0]]
[2020.10.04-04.14.24:909][  0]LogConfig: Setting CVar [[r.SkyAtmosphere.TransmittanceLUT.SampleCount:10.0]]
[2020.10.04-04.14.24:909][  0]LogConfig: Setting CVar [[r.SkyAtmosphere.MultiScatteringLUT.SampleCount:15.0]]
[2020.10.04-04.14.24:909][  0]LogConfig: Applying CVar settings from Section [FoliageQuality@3] File [E:/GameProgramming2/DungeonGenerator/procedural generation for unreal/DungeonGenerator/Saved/Config/Windows/Scalability.ini]
[2020.10.04-04.14.24:910][  0]LogConfig: Setting CVar [[foliage.DensityScale:1.0]]
[2020.10.04-04.14.24:910][  0]LogConfig: Setting CVar [[grass.DensityScale:1.0]]
[2020.10.04-04.14.24:910][  0]LogConfig: Applying CVar settings from Section [ShadingQuality@3] File [E:/GameProgramming2/DungeonGenerator/procedural generation for unreal/DungeonGenerator/Saved/Config/Windows/Scalability.ini]
[2020.10.04-04.14.24:910][  0]LogConfig: Setting CVar [[r.HairStrands.SkyLighting.SampleCount:16]]
[2020.10.04-04.14.24:910][  0]LogConfig: Setting CVar [[r.HairStrands.SkyLighting.JitterIntegration:0]]
[2020.10.04-04.14.24:910][  0]LogConfig: Setting CVar [[r.HairStrands.SkyAO.SampleCount:16]]
[2020.10.04-04.14.24:910][  0]LogConfig: Setting CVar [[r.HairStrands.DeepShadow.SuperSampling:0]]
[2020.10.04-04.14.24:910][  0]LogConfig: Setting CVar [[r.HairStrands.VisibilityPPLL:0]]
[2020.10.04-04.14.24:910][  0]LogConfig: Setting CVar [[r.HairStrands.RasterizationScale:0.5]]
[2020.10.04-04.14.24:910][  0]LogConfig: Setting CVar [[r.HairStrands.VelocityRasterizationScale:1]]
[2020.10.04-04.14.24:910][  0]LogConfig: Applying CVar settings from Section [Startup] File [../../../Engine/Config/ConsoleVariables.ini]
[2020.10.04-04.14.24:910][  0]LogConfig: Setting CVar [[net.UseAdaptiveNetUpdateFrequency:0]]
[2020.10.04-04.14.24:911][  0]LogConfig: Setting CVar [[p.chaos.AllowCreatePhysxBodies:1]]
[2020.10.04-04.14.24:911][  0]LogConfig: Setting CVar [[fx.SkipVectorVMBackendOptimizations:1]]
[2020.10.04-04.14.24:911][  0]LogConfig: Applying CVar settings from Section [ConsoleVariables] File [E:/GameProgramming2/DungeonGenerator/procedural generation for unreal/DungeonGenerator/Saved/Config/Windows/Engine.ini]
[2020.10.04-04.14.24:911][  0]LogInit: Computer: DESKTOP-7A4L19L
[2020.10.04-04.14.24:911][  0]LogInit: User: balaj
[2020.10.04-04.14.24:911][  0]LogInit: CPU Page size=4096, Cores=8
[2020.10.04-04.14.24:911][  0]LogInit: High frequency timer resolution =10.000000 MHz
[2020.10.04-04.14.24:911][  0]LogMemory: Memory total: Physical=15.9GB (16GB approx)
[2020.10.04-04.14.24:911][  0]LogMemory: Platform Memory Stats for Windows
[2020.10.04-04.14.24:911][  0]LogMemory: Process Physical Memory: 119.17 MB used, 119.17 MB peak
[2020.10.04-04.14.24:911][  0]LogMemory: Process Virtual Memory: 101.98 MB used, 101.98 MB peak
[2020.10.04-04.14.24:911][  0]LogMemory: Physical Memory: 11514.41 MB used,  4798.23 MB free, 16312.64 MB total
[2020.10.04-04.14.24:911][  0]LogMemory: Virtual Memory: 5226.23 MB used,  134212504.00 MB free, 134217728.00 MB total
[2020.10.04-04.14.25:200][  0]LogWindows: WindowsPlatformFeatures enabled
[2020.10.04-04.14.25:395][  0]LogInit: Physics initialised using underlying interface: PhysX
[2020.10.04-04.14.25:396][  0]LogInit: Using OS detected language (en-US).
[2020.10.04-04.14.25:396][  0]LogInit: Using OS detected locale (en-US).
[2020.10.04-04.14.25:398][  0]LogTextLocalizationManager: No specific localization for 'en-US' exists, so the 'en' localization will be used.
[2020.10.04-04.14.25:554][  0]LogInit: Setting process to per monitor DPI aware
[2020.10.04-04.14.25:617][  0]LogSlate: New Slate User Created.  User Index 0, Is Virtual User: 0
[2020.10.04-04.14.25:617][  0]LogSlate: Slate User Registered.  User Index 0, Is Virtual User: 0
[2020.10.04-04.14.25:722][  0]LogHMD: Failed to initialize OpenVR with code 110
[2020.10.04-04.14.25:722][  0]LogD3D11RHI: D3D11 min allowed feature level: 11_0
[2020.10.04-04.14.25:722][  0]LogD3D11RHI: D3D11 max allowed feature level: 11_0
[2020.10.04-04.14.25:722][  0]LogD3D11RHI: D3D11 adapters:
[2020.10.04-04.14.25:801][  0]LogD3D11RHI:    0. 'NVIDIA GeForce RTX 2080 SUPER' (Feature Level 11_0)
[2020.10.04-04.14.25:801][  0]LogD3D11RHI:       8010/0/8156 MB DedicatedVideo/DedicatedSystem/SharedSystem, Outputs:3, VendorId:0x10de
[2020.10.04-04.14.25:807][  0]LogD3D11RHI:    1. 'Microsoft Basic Render Driver' (Feature Level 11_0)
[2020.10.04-04.14.25:807][  0]LogD3D11RHI:       0/0/8156 MB DedicatedVideo/DedicatedSystem/SharedSystem, Outputs:0, VendorId:0x1414
[2020.10.04-04.14.25:807][  0]LogD3D11RHI: Chosen D3D11 Adapter: 0
[2020.10.04-04.14.25:818][  0]LogD3D11RHI: Creating new Direct3DDevice
[2020.10.04-04.14.25:818][  0]LogD3D11RHI:     GPU DeviceId: 0x1e81 (for the marketing name, search the web for "GPU Device Id")
[2020.10.04-04.14.25:818][  0]LogWindows: EnumDisplayDevices:
[2020.10.04-04.14.25:819][  0]LogWindows:    0. 'NVIDIA GeForce RTX 2080 SUPER' (P:0 D:1)
[2020.10.04-04.14.25:819][  0]LogWindows:    1. 'NVIDIA GeForce RTX 2080 SUPER' (P:1 D:1)
[2020.10.04-04.14.25:819][  0]LogWindows:    2. 'NVIDIA GeForce RTX 2080 SUPER' (P:0 D:1)
[2020.10.04-04.14.25:819][  0]LogWindows:    3. 'NVIDIA GeForce RTX 2080 SUPER' (P:0 D:0)
[2020.10.04-04.14.25:820][  0]LogWindows: DebugString: FoundDriverCount:4 
[2020.10.04-04.14.25:820][  0]LogD3D11RHI:     Adapter Name: NVIDIA GeForce RTX 2080 SUPER
[2020.10.04-04.14.25:820][  0]LogD3D11RHI:   Driver Version: 451.67 (internal:27.21.14.5167, unified:451.67)
[2020.10.04-04.14.25:820][  0]LogD3D11RHI:      Driver Date: 7-5-2020
[2020.10.04-04.14.25:820][  0]LogRHI: Texture pool is 5607 MB (70% of 8010 MB)
[2020.10.04-04.14.25:880][  0]LogD3D11RHI: RHI has support for 64 bit atomics
[2020.10.04-04.14.25:882][  0]LogD3D11RHI: [Aftermath] Enabled and primed
[2020.10.04-04.14.25:882][  0]LogD3D11RHI: Async texture creation enabled
[2020.10.04-04.14.25:882][  0]LogD3D11RHI: Array index from any shader is supported
[2020.10.04-04.14.25:912][  0]LogD3D11RHI: GPU Timing Frequency: 1000.000000 (Debug: 2 1)
[2020.10.04-04.14.26:179][  0]LogTargetPlatformManager: Display: Loaded TargetPlatform 'AllDesktop'
[2020.10.04-04.14.26:199][  0]LogTargetPlatformManager: Display: Loaded TargetPlatform 'Android'
[2020.10.04-04.14.26:200][  0]LogTargetPlatformManager: Display: Loaded TargetPlatform 'Android_ASTC'
[2020.10.04-04.14.26:200][  0]LogTargetPlatformManager: Display: Loaded TargetPlatform 'Android_DXT'
[2020.10.04-04.14.26:200][  0]LogTargetPlatformManager: Display: Loaded TargetPlatform 'Android_ETC2'
[2020.10.04-04.14.26:200][  0]LogTargetPlatformManager: Display: Loaded TargetPlatform 'AndroidClient'
[2020.10.04-04.14.26:200][  0]LogTargetPlatformManager: Display: Loaded TargetPlatform 'Android_ASTCClient'
[2020.10.04-04.14.26:200][  0]LogTargetPlatformManager: Display: Loaded TargetPlatform 'Android_DXTClient'
[2020.10.04-04.14.26:200][  0]LogTargetPlatformManager: Display: Loaded TargetPlatform 'Android_ETC2Client'
[2020.10.04-04.14.26:200][  0]LogTargetPlatformManager: Display: Loaded TargetPlatform 'Android_Multi'
[2020.10.04-04.14.26:200][  0]LogTargetPlatformManager: Display: Loaded TargetPlatform 'Android_MultiClient'
[2020.10.04-04.14.26:228][  0]LogTargetPlatformManager: Display: Loaded TargetPlatform 'IOSClient'
[2020.10.04-04.14.26:228][  0]LogTargetPlatformManager: Display: Loaded TargetPlatform 'IOS'
[2020.10.04-04.14.26:244][  0]LogTargetPlatformManager: Display: Loaded TargetPlatform 'Linux'
[2020.10.04-04.14.26:255][  0]LogTargetPlatformManager: Display: Loaded TargetPlatform 'LinuxNoEditor'
[2020.10.04-04.14.26:266][  0]LogTargetPlatformManager: Display: Loaded TargetPlatform 'LinuxClient'
[2020.10.04-04.14.26:277][  0]LogTargetPlatformManager: Display: Loaded TargetPlatform 'LinuxServer'
[2020.10.04-04.14.26:287][  0]LogTargetPlatformManager: Display: Loaded TargetPlatform 'LinuxAArch64NoEditor'
[2020.10.04-04.14.26:298][  0]LogTargetPlatformManager: Display: Loaded TargetPlatform 'LinuxAArch64Client'
[2020.10.04-04.14.26:308][  0]LogTargetPlatformManager: Display: Loaded TargetPlatform 'LinuxAArch64Server'
[2020.10.04-04.14.26:335][  0]LogTargetPlatformManager: Display: Loaded TargetPlatform 'Lumin'
[2020.10.04-04.14.26:335][  0]LogTargetPlatformManager: Display: Loaded TargetPlatform 'LuminClient'
[2020.10.04-04.14.26:350][  0]LogTargetPlatformManager: Display: Loaded TargetPlatform 'TVOSClient'
[2020.10.04-04.14.26:351][  0]LogTargetPlatformManager: Display: Loaded TargetPlatform 'TVOS'
[2020.10.04-04.14.26:362][  0]LogTargetPlatformManager: Display: Loaded TargetPlatform 'WindowsNoEditor'
[2020.10.04-04.14.26:380][  0]LogTargetPlatformManager: Display: Loaded TargetPlatform 'Windows'
[2020.10.04-04.14.26:390][  0]LogTargetPlatformManager: Display: Loaded TargetPlatform 'WindowsClient'
[2020.10.04-04.14.26:400][  0]LogTargetPlatformManager: Display: Loaded TargetPlatform 'WindowsServer'
[2020.10.04-04.14.26:401][  0]LogTargetPlatformManager: Display: Building Assets For Windows
[2020.10.04-04.14.26:417][  0]LogAudioDebug: Display: Lib vorbis DLL was dynamically loaded.
[2020.10.04-04.14.26:513][  0]LogShaderCompilers: Guid format shader working directory is -53 characters bigger than the processId version (../../../../../GameProgramming2/DungeonGenerator/procedural generation for unreal/DungeonGenerator/Intermediate/Shaders/WorkingDirectory/17900/).
[2020.10.04-04.14.26:514][  0]LogShaderCompilers: Cleaned the shader compiler working directory 'C:/Users/balaj/AppData/Local/Temp/UnrealShaderWorkingDir/239DF0F9411458C29ADBCC92410B5A9C/'.
[2020.10.04-04.14.26:514][  0]LogXGEController: Cleaning working directory: C:/Users/balaj/AppData/Local/Temp/UnrealXGEWorkingDir/
[2020.10.04-04.14.26:514][  0]LogXGEController: Cannot use XGE Controller as Incredibuild is not installed on this machine.
[2020.10.04-04.14.26:515][  0]LogShaderCompilers: Cannot use XGE Shader Compiler as Incredibuild is not installed on this machine.
[2020.10.04-04.14.26:515][  0]LogShaderCompilers: Display: Using Local Shader Compiler.
[2020.10.04-04.14.27:156][  0]LogDerivedDataCache: Display: Max Cache Size: 512 MB
[2020.10.04-04.14.27:211][  0]LogDerivedDataCache: Loaded boot cache 0.05s 79MB C:/Users/balaj/AppData/Local/UnrealEngine/4.25/DerivedDataCache/Boot.ddc.
[2020.10.04-04.14.27:211][  0]LogDerivedDataCache: Display: Loaded Boot cache: C:/Users/balaj/AppData/Local/UnrealEngine/4.25/DerivedDataCache/Boot.ddc
[2020.10.04-04.14.27:211][  0]LogDerivedDataCache: FDerivedDataBackendGraph:  Pak pak cache file ../../../../../GameProgramming2/DungeonGenerator/procedural generation for unreal/DungeonGenerator/DerivedDataCache/DDC.ddp not found, will not use a pak cache.
[2020.10.04-04.14.27:211][  0]LogDerivedDataCache: Unable to find inner node Pak for hierarchical cache Hierarchy.
[2020.10.04-04.14.27:211][  0]LogDerivedDataCache: FDerivedDataBackendGraph:  CompressedPak pak cache file ../../../../../GameProgramming2/DungeonGenerator/procedural generation for unreal/DungeonGenerator/DerivedDataCache/Compressed.ddp not found, will not use a pak cache.
[2020.10.04-04.14.27:211][  0]LogDerivedDataCache: Unable to find inner node CompressedPak for hierarchical cache Hierarchy.
[2020.10.04-04.14.27:221][  0]LogDerivedDataCache: Display: Pak cache opened for reading ../../../Engine/DerivedDataCache/Compressed.ddp.
[2020.10.04-04.14.27:221][  0]LogDerivedDataCache: FDerivedDataBackendGraph:  EnterprisePak pak cache file ../../../Enterprise/DerivedDataCache/Compressed.ddp not found, will not use a pak cache.
[2020.10.04-04.14.27:221][  0]LogDerivedDataCache: Unable to find inner node EnterprisePak for hierarchical cache Hierarchy.
[2020.10.04-04.14.27:223][  0]LogDerivedDataCache: Using Local data cache path C:/Users/balaj/AppData/Local/UnrealEngine/Common/DerivedDataCache: Writable
[2020.10.04-04.14.27:224][  0]LogDerivedDataCache: Shared data cache path not found in *engine.ini, will not use an Shared cache.
[2020.10.04-04.14.27:224][  0]LogDerivedDataCache: Unable to find inner node Shared for hierarchical cache Hierarchy.
[2020.10.04-04.14.27:267][  0]LogSlate: Using FreeType 2.10.0
[2020.10.04-04.14.27:267][  0]LogSlate: SlateFontServices - WITH_FREETYPE: 1, WITH_HARFBUZZ: 1
[2020.10.04-04.14.27:291][  0]LogAssetRegistry: FAssetRegistry took 0.0050 seconds to start up
[2020.10.04-04.14.27:495][  0]LogInit: Selected Device Profile: [Windows]
[2020.10.04-04.14.27:613][  0]LogMeshReduction: Using QuadricMeshReduction for automatic static mesh reduction
[2020.10.04-04.14.27:613][  0]LogMeshReduction: Using SimplygonMeshReduction for automatic skeletal mesh reduction
[2020.10.04-04.14.27:613][  0]LogMeshReduction: Using ProxyLODMeshReduction for automatic mesh merging
[2020.10.04-04.14.27:613][  0]LogMeshReduction: No distributed automatic mesh merging module available
[2020.10.04-04.14.27:613][  0]LogMeshMerging: No distributed automatic mesh merging module available
[2020.10.04-04.14.27:633][  0]LogNetVersion: DungeonGenerator 1.0.0, NetCL: 13144385, EngineNetVer: 14, GameNetVer: 0 (Checksum: 1437415712)
[2020.10.04-04.14.27:963][  0]LogAISub: UAISubsystem::UAISubsystem AISubsystem (0000010A26621BC0), frame # 0
[2020.10.04-04.14.27:963][  0]LogAISub: UAISubsystem::UAISubsystem AIPerceptionSystem (0000010A265711C0), frame # 0
[2020.10.04-04.14.27:965][  0]LogAISub: UAISubsystem::UAISubsystem EnvQueryManager (0000010A265B9E00), frame # 0
[2020.10.04-04.14.28:006][  0]LogPackageLocalizationCache: Processed 19 localized package path(s) for 1 prioritized culture(s) in 0.034573 seconds
[2020.10.04-04.14.28:011][  0]LogUObjectArray: 15917 objects as part of root set at end of initial load.
[2020.10.04-04.14.28:011][  0]LogUObjectAllocator: 3965568 out of 0 bytes used by permanent object pool.
[2020.10.04-04.14.28:011][  0]LogUObjectArray: CloseDisregardForGC: 0/0 objects in disregard for GC pool
[2020.10.04-04.14.28:426][  0]LogTcpMessaging: Initializing TcpMessaging bridge
[2020.10.04-04.14.28:433][  0]LogUdpMessaging: Initializing bridge on interface 0.0.0.0:0 to multicast group 230.0.0.1:6666.
[2020.10.04-04.14.28:579][  0]SourceControl: Source control is disabled
[2020.10.04-04.14.28:579][  0]SourceControl: Source control is disabled
[2020.10.04-04.14.28:584][  0]SourceControl: Source control is disabled
[2020.10.04-04.14.28:589][  0]SourceControl: Source control is disabled
[2020.10.04-04.14.28:598][  0]SourceControl: Source control is disabled
[2020.10.04-04.14.28:953][  0]LogAndroidPermission: UAndroidPermissionCallbackProxy::GetInstance
[2020.10.04-04.14.28:988][  0]LogAudioCaptureCore: Display: No Audio Capture implementations found. Audio input will be silent.
[2020.10.04-04.14.28:988][  0]LogAudioCaptureCore: Display: No Audio Capture implementations found. Audio input will be silent.
[2020.10.04-04.14.29:045][  0]LogOcInput: OculusInput pre-init called
[2020.10.04-04.14.29:248][  0]LogEngine: Initializing Engine...
[2020.10.04-04.14.29:249][  0]LogHMD: Failed to initialize OpenVR with code 110
[2020.10.04-04.14.29:249][  0]LogMagicLeap: Warning: VR disabled because ZI is not enabled.  To enable, in the editor, Edit -> Project Settings -> Plugins -> Magic Leap Plugin -> Enable Zero Iteration
[2020.10.04-04.14.29:250][  0]LogStats: UGameplayTagsManager::InitializeManager -  0.000 s
[2020.10.04-04.14.29:337][  0]LogInit: Initializing FReadOnlyCVARCache
[2020.10.04-04.14.29:345][  0]LogAIModule: Creating AISystem for world Untitled
[2020.10.04-04.14.29:345][  0]LogAISub: UAISubsystem::UAISubsystem EnvQueryManager (0000010A3029FC00), frame # 0
[2020.10.04-04.14.29:345][  0]LogAISub: UAISubsystem::UAISubsystem AIPerceptionSystem (0000010A302ABB00), frame # 0
[2020.10.04-04.14.29:359][  0]LogAudioMixer: Display: Audio Mixer Platform Settings:
[2020.10.04-04.14.29:359][  0]LogAudioMixer: Display: 	Sample Rate:						  48000
[2020.10.04-04.14.29:359][  0]LogAudioMixer: Display: 	Callback Buffer Frame Size Requested: 1024
[2020.10.04-04.14.29:359][  0]LogAudioMixer: Display: 	Callback Buffer Frame Size To Use:	  1024
[2020.10.04-04.14.29:359][  0]LogAudioMixer: Display: 	Number of buffers to queue:			  2
[2020.10.04-04.14.29:359][  0]LogAudioMixer: Display: 	Max Channels (voices):				  32
[2020.10.04-04.14.29:359][  0]LogAudioMixer: Display: 	Number of Async Source Workers:		  0
[2020.10.04-04.14.29:360][  0]LogAudio: Display: AudioDevice MaxSources: 32
[2020.10.04-04.14.29:360][  0]LogAudio: Display: Using built-in audio occlusion.
[2020.10.04-04.14.29:360][  0]LogAudioMixer: Display: Initializing audio mixer.
[2020.10.04-04.14.29:464][  0]LogAudioMixer: Display: 0: FrontLeft
[2020.10.04-04.14.29:464][  0]LogAudioMixer: Display: 1: FrontRight
[2020.10.04-04.14.29:514][  0]LogAudioMixer: Display: Using Audio Device Headset Earphone (HyperX Virtual Surround Sound)
[2020.10.04-04.14.29:518][  0]LogAudioMixer: Display: Initializing Sound Submixes...
[2020.10.04-04.14.29:519][  0]LogAudioMixer: Display: Creating Master Submix 'MasterSubmixDefault'
[2020.10.04-04.14.29:519][  0]LogAudioMixer: Display: Creating Master Submix 'MasterReverbSubmixDefault'
[2020.10.04-04.14.29:520][  0]LogAudioMixer: Display: Creating Master Submix 'MasterEQSubmixDefault'
[2020.10.04-04.14.29:522][  0]LogInit: FAudioDevice initialized.
[2020.10.04-04.14.29:522][  0]LogNetVersion: Set ProjectVersion to 1.0.0.0. Version Checksum will be recalculated on next use.
[2020.10.04-04.14.29:569][  0]LogDerivedDataCache: Saved boot cache 0.05s 79MB C:/Users/balaj/AppData/Local/UnrealEngine/4.25/DerivedDataCache/Boot.ddc.
[2020.10.04-04.14.29:572][  0]LogInit: Texture streaming: Enabled
[2020.10.04-04.14.29:594][  0]LogEngineSessionManager: EngineSessionManager initialized
[2020.10.04-04.14.29:594][  0]LogEditorSessionSummary: Verbose: Initializing EditorSessionSummaryWriter for editor session tracking
[2020.10.04-04.14.29:596][  0]LogEditorSessionSummary: EditorSessionSummaryWriter initialized
[2020.10.04-04.14.29:649][  0]LogInit: Transaction tracking system initialized
[2020.10.04-04.14.29:685][  0]BlueprintLog: New page: Editor Load
[2020.10.04-04.14.29:791][  0]LocalizationService: Localization service is disabled
[2020.10.04-04.14.29:956][  0]LogCook: Display: Max memory allowance for cook 16384mb min free memory 0mb
[2020.10.04-04.14.29:956][  0]LogCook: Display: Mobile HDR setting 1
[2020.10.04-04.14.30:139][  0]LogFileCache: Scanning file cache for directory 'E:/GameProgramming2/DungeonGenerator/procedural generation for unreal/DungeonGenerator/Content/' took 0.00s
[2020.10.04-04.14.30:284][  0]SourceControl: Source control is disabled
[2020.10.04-04.14.30:284][  0]LogUnrealEdMisc: Loading editor; pre map load, took 7.391
[2020.10.04-04.14.30:285][  0]LightingResults: New page: Lighting Build
[2020.10.04-04.14.30:285][  0]LogWorld: UWorld::CleanupWorld for Untitled, bSessionEnded=true, bCleanupResources=true
[2020.10.04-04.14.30:285][  0]LogSlate: InvalidateAllWidgets triggered.  All widgets were invalidated
[2020.10.04-04.14.30:286][  0]MapCheck: New page: Map Check
[2020.10.04-04.14.30:286][  0]LightingResults: New page: Lighting Build
[2020.10.04-04.14.30:302][  0]LogAISub: UAISubsystem::~UAISubsystem EnvQueryManager (0000010A3029FC00), frame # 0
[2020.10.04-04.14.30:302][  0]LogAISub: UAISubsystem::~UAISubsystem AIPerceptionSystem (0000010A302ABB00), frame # 0
[2020.10.04-04.14.30:303][  0]LogUObjectHash: Compacting FUObjectHashTables data took   0.64ms
[2020.10.04-04.14.30:501][  0]LogAIModule: Creating AISystem for world TopDownExampleMap
[2020.10.04-04.14.30:502][  0]LogAISub: UAISubsystem::UAISubsystem EnvQueryManager (0000010A18124A00), frame # 0
[2020.10.04-04.14.30:502][  0]LogAISub: UAISubsystem::UAISubsystem AIPerceptionSystem (0000010A1812A5C0), frame # 0
[2020.10.04-04.14.30:516][  0]LogEditorServer: Finished looking for orphan Actors (0.000 secs)
[2020.10.04-04.14.30:517][  0]LogNavigationDataBuild: Display:    Building NavData:  Name Default class /Script/NavigationSystem.RecastNavMesh agent radius 35.0.
[2020.10.04-04.14.30:533][  0]LogUObjectHash: Compacting FUObjectHashTables data took   0.73ms
[2020.10.04-04.14.30:534][  0]Cmd: MAP CHECKDEP NOCLEARLOG
[2020.10.04-04.14.30:534][  0]MapCheck: Map check complete: 0 Error(s), 0 Warning(s), took 0.107ms to complete.
[2020.10.04-04.14.30:534][  0]LogFileHelpers: Loading map 'TopDownExampleMap' took 0.250
[2020.10.04-04.14.30:536][  0]LogUnrealEdMisc: Total Editor Startup Time, took 7.643
[2020.10.04-04.14.30:687][  0]LogSlate: Updating window title bar state: overlay mode, drag disabled, window buttons hidden, title bar hidden
[2020.10.04-04.14.30:695][  0]LogSlate: Updating window title bar state: overlay mode, drag disabled, window buttons hidden, title bar hidden
[2020.10.04-04.14.30:701][  0]LogSlate: Updating window title bar state: overlay mode, drag disabled, window buttons hidden, title bar hidden
[2020.10.04-04.14.30:708][  0]LogSlate: Updating window title bar state: overlay mode, drag disabled, window buttons hidden, title bar hidden
[2020.10.04-04.14.30:718][  0]LogCollectionManager: Loaded 0 collections in 0.000742 seconds
[2020.10.04-04.14.30:739][  0]LogFileCache: Scanning file cache for directory 'E:/GameProgramming2/DungeonGenerator/procedural generation for unreal/DungeonGenerator/Saved/Collections/' took 0.00s
[2020.10.04-04.14.30:739][  0]LogFileCache: Scanning file cache for directory 'E:/GameProgramming2/DungeonGenerator/procedural generation for unreal/DungeonGenerator/Content/Developers/balaj/Collections/' took 0.00s
[2020.10.04-04.14.30:739][  0]LogFileCache: Scanning file cache for directory 'E:/GameProgramming2/DungeonGenerator/procedural generation for unreal/DungeonGenerator/Content/Collections/' took 0.00s
[2020.10.04-04.14.30:739][  0]LogContentBrowser: Native class hierarchy populated in 0.0091 seconds. Added 3433 classes and 823 folders.
[2020.10.04-04.14.30:741][  0]LogContentBrowser: Native class hierarchy updated for 'WidgetCarousel' in 0.0003 seconds. Added 0 classes and 0 folders.
[2020.10.04-04.14.30:774][  0]LogContentBrowser: Native class hierarchy updated for 'AddContentDialog' in 0.0003 seconds. Added 0 classes and 0 folders.
[2020.10.04-04.14.30:775][  0]LogContentBrowser: Native class hierarchy updated for 'SceneOutliner' in 0.0002 seconds. Added 2 classes and 0 folders.
[2020.10.04-04.14.30:784][  0]LogContentBrowser: Native class hierarchy updated for 'WorldBrowser' in 0.0003 seconds. Added 2 classes and 3 folders.
[2020.10.04-04.14.30:876][  0]LogSlate: Took 0.000149 seconds to synchronously load lazily loaded font '../../../Engine/Content/Slate/Fonts/Roboto-Regular.ttf' (155K)
[2020.10.04-04.14.30:878][  0]LogSlate: Took 0.000093 seconds to synchronously load lazily loaded font '../../../Engine/Content/Slate/Fonts/Roboto-Bold.ttf' (160K)
[2020.10.04-04.14.30:883][  0]LogSlate: Took 0.000175 seconds to synchronously load lazily loaded font '../../../Engine/Content/Editor/Slate/Fonts/FontAwesome.ttf' (139K)
[2020.10.04-04.14.30:883][  0]LogSlate: Took 0.000080 seconds to synchronously load lazily loaded font '../../../Engine/Content/Slate/Fonts/DroidSansMono.ttf' (77K)
[2020.10.04-04.14.30:981][  0]LogRenderer: Reallocating scene render targets to support 1000x548 Format 10 NumSamples 1 (Frame:1).
[2020.10.04-04.14.31:059][  0]LogContentBrowser: Native class hierarchy updated for 'HierarchicalLODOutliner' in 0.0003 seconds. Added 0 classes and 0 folders.
[2020.10.04-04.14.31:059][  0]LogLoad: (Engine Initialization) Total time: 8.17 seconds
[2020.10.04-04.14.31:059][  0]LogLoad: (Engine Initialization) Total Blueprint compile time: 0.00 seconds
[2020.10.04-04.14.31:115][  0]LogAssetRegistry: Asset discovery search completed in 3.8268 seconds
[2020.10.04-04.14.31:118][  0]LogCollectionManager: Fixed up redirectors for 0 collections in 0.000001 seconds (updated 0 objects)
[2020.10.04-04.14.31:120][  0]LogContentStreaming: Texture pool size now 1000 MB
[2020.10.04-04.14.31:167][  1]LogRenderer: Reallocating scene render targets to support 1000x564 Format 10 NumSamples 1 (Frame:3).
[2020.10.04-04.14.39:847][906]LogSlate: Took 0.000115 seconds to synchronously load lazily loaded font '../../../Engine/Content/Slate/Fonts/Roboto-Italic.ttf' (157K)
[2020.10.04-04.14.47:271][774]LogTemp: Repeating last play command: Selected Viewport
[2020.10.04-04.14.47:285][774]LogPlayLevel: PlayLevel: No blueprints needed recompiling
[2020.10.04-04.14.47:286][774]PIE: New page: PIE session: TopDownExampleMap (Oct 3, 2020, 4:14:47 PM)
[2020.10.04-04.14.47:288][774]LogOnline: OSS: Creating online subsystem instance for: NULL
[2020.10.04-04.14.47:290][774]LogOnline: OSS: TryLoadSubsystemAndSetDefault: Loaded subsystem for module [NULL]
[2020.10.04-04.14.47:291][774]LogPlayLevel: Creating play world package: /Game/TopDownBP/Maps/UEDPIE_0_TopDownExampleMap
[2020.10.04-04.14.47:305][774]LogPlayLevel: PIE: StaticDuplicateObject took: (0.014514s)
[2020.10.04-04.14.47:307][774]LogAIModule: Creating AISystem for world TopDownExampleMap
[2020.10.04-04.14.47:307][774]LogAISub: UAISubsystem::UAISubsystem EnvQueryManager (0000010A449EFE00), frame # 1774
[2020.10.04-04.14.47:307][774]LogAISub: UAISubsystem::UAISubsystem AIPerceptionSystem (0000010A29D7D1C0), frame # 1774
[2020.10.04-04.14.47:307][774]LogPlayLevel: PIE: World Init took: (0.001908s)
[2020.10.04-04.14.47:308][774]LogPlayLevel: PIE: Created PIE world by copying editor world from /Game/TopDownBP/Maps/TopDownExampleMap.TopDownExampleMap to /Game/TopDownBP/Maps/UEDPIE_0_TopDownExampleMap.TopDownExampleMap (0.016943s)
[2020.10.04-04.14.47:322][774]LogUObjectHash: Compacting FUObjectHashTables data took   0.60ms
[2020.10.04-04.14.47:324][774]LogAudioMixer: Display: Audio Mixer Platform Settings:
[2020.10.04-04.14.47:324][774]LogAudioMixer: Display: 	Sample Rate:						  48000
[2020.10.04-04.14.47:324][774]LogAudioMixer: Display: 	Callback Buffer Frame Size Requested: 1024
[2020.10.04-04.14.47:324][774]LogAudioMixer: Display: 	Callback Buffer Frame Size To Use:	  1024
[2020.10.04-04.14.47:324][774]LogAudioMixer: Display: 	Number of buffers to queue:			  2
[2020.10.04-04.14.47:324][774]LogAudioMixer: Display: 	Max Channels (voices):				  32
[2020.10.04-04.14.47:324][774]LogAudioMixer: Display: 	Number of Async Source Workers:		  0
[2020.10.04-04.14.47:325][774]LogAudio: Display: AudioDevice MaxSources: 32
[2020.10.04-04.14.47:325][774]LogAudio: Display: Using built-in audio occlusion.
[2020.10.04-04.14.47:325][774]LogAudioMixer: Display: Initializing audio mixer.
[2020.10.04-04.14.47:330][774]LogAudioMixer: Display: 0: FrontLeft
[2020.10.04-04.14.47:330][774]LogAudioMixer: Display: 1: FrontRight
[2020.10.04-04.14.47:363][774]LogAudioMixer: Display: Using Audio Device Headset Earphone (HyperX Virtual Surround Sound)
[2020.10.04-04.14.47:363][774]LogAudioMixer: Display: Initializing Sound Submixes...
[2020.10.04-04.14.47:363][774]LogAudioMixer: Display: Creating Master Submix 'MasterSubmixDefault'
[2020.10.04-04.14.47:363][774]LogAudioMixer: Display: Creating Master Submix 'MasterReverbSubmixDefault'
[2020.10.04-04.14.47:364][774]LogAudioMixer: Display: Creating Master Submix 'MasterEQSubmixDefault'
[2020.10.04-04.14.47:377][774]LogInit: FAudioDevice initialized.
[2020.10.04-04.14.47:386][774]LogLoad: Game class is 'TopDownGameMode_C'
[2020.10.04-04.14.47:388][774]LogWorld: Bringing World /Game/TopDownBP/Maps/UEDPIE_0_TopDownExampleMap.TopDownExampleMap up for play (max tick rate 0) at 2020.10.03-22.14.47
[2020.10.04-04.14.47:388][774]LogWorld: Bringing up level for play took: 0.001356
[2020.10.04-04.14.47:388][774]LogOnline: OSS: Creating online subsystem instance for: :Context_1
[2020.10.04-04.14.47:392][774]LogContentBrowser: Native class hierarchy updated for 'MovieSceneCapture' in 0.0004 seconds. Added 20 classes and 0 folders.
[2020.10.04-04.14.47:393][774]LogTemp: Warning: asdasd
[2020.10.04-04.14.47:398][774]LogTemp: Warning: asdasd
[2020.10.04-04.14.47:398][774]LogTemp: Warning: Random numbeR?:2 
[2020.10.04-04.14.47:398][774]LogTemp: Warning: Random numbeR?:1 
[2020.10.04-04.14.47:399][774]LogTemp: Warning: Random numbeR?:2 
[2020.10.04-04.14.47:399][774]LogTemp: Warning: -1800
[2020.10.04-04.14.47:399][774]LogTemp: Warning: South
[2020.10.04-04.14.47:399][774]LogTemp: Warning: -1800
[2020.10.04-04.14.47:404][774]LogTemp: Warning: asdasd
[2020.10.04-04.14.47:404][774]LogTemp: Warning: Random numbeR?:1 
[2020.10.04-04.14.47:404][774]LogTemp: Warning: Random numbeR?:1 
[2020.10.04-04.14.47:404][774]LogTemp: Warning: 1800
[2020.10.04-04.14.47:404][774]LogTemp: Warning: NOrth
[2020.10.04-04.14.47:404][774]LogTemp: Warning: 1800
[2020.10.04-04.14.47:409][774]LogTemp: Warning: asdasd
[2020.10.04-04.14.47:409][774]LogTemp: Warning: Random numbeR?:1 
[2020.10.04-04.14.47:409][774]LogTemp: Warning: Random numbeR?:1 
[2020.10.04-04.14.47:409][774]LogTemp: Warning: 1800
[2020.10.04-04.14.47:409][774]LogTemp: Warning: NOrth
[2020.10.04-04.14.47:409][774]LogTemp: Warning: 1800
[2020.10.04-04.14.47:415][774]PIE: Server logged in
[2020.10.04-04.14.47:417][774]PIE: Play in editor total start time 0.132 seconds.
[2020.10.04-04.16.36:046][  3]LogSlate: Updating window title bar state: overlay mode, drag disabled, window buttons hidden, title bar hidden
[2020.10.04-04.16.36:046][  3]LogWorld: BeginTearingDown for /Game/TopDownBP/Maps/UEDPIE_0_TopDownExampleMap
[2020.10.04-04.16.36:046][  3]LogWorld: UWorld::CleanupWorld for TopDownExampleMap, bSessionEnded=true, bCleanupResources=true
[2020.10.04-04.16.36:047][  3]LogSlate: InvalidateAllWidgets triggered.  All widgets were invalidated
[2020.10.04-04.16.36:059][  3]LogPlayLevel: Display: Shutting down PIE online subsystems
[2020.10.04-04.16.36:060][  3]LogSlate: InvalidateAllWidgets triggered.  All widgets were invalidated
[2020.10.04-04.16.36:095][  3]LogSlate: Updating window title bar state: overlay mode, drag disabled, window buttons hidden, title bar hidden
[2020.10.04-04.16.36:096][  3]LogAISub: UAISubsystem::~UAISubsystem AIPerceptionSystem (0000010A29D7D1C0), frame # 5003
[2020.10.04-04.16.36:096][  3]LogAISub: UAISubsystem::~UAISubsystem EnvQueryManager (0000010A449EFE00), frame # 5003
[2020.10.04-04.16.36:097][  3]LogUObjectHash: Compacting FUObjectHashTables data took   0.63ms
[2020.10.04-04.16.36:125][  4]LogPlayLevel: Display: Destroying online subsystem :Context_1
[2020.10.04-04.16.42:954][796]LogTemp: Repeating last play command: Selected Viewport
[2020.10.04-04.16.42:967][796]LogPlayLevel: PlayLevel: No blueprints needed recompiling
[2020.10.04-04.16.42:967][796]PIE: New page: PIE session: TopDownExampleMap (Oct 3, 2020, 4:16:42 PM)
[2020.10.04-04.16.43:006][796]LogPlayLevel: Creating play world package: /Game/TopDownBP/Maps/UEDPIE_0_TopDownExampleMap
[2020.10.04-04.16.43:016][796]LogPlayLevel: PIE: StaticDuplicateObject took: (0.010252s)
[2020.10.04-04.16.43:018][796]LogAIModule: Creating AISystem for world TopDownExampleMap
[2020.10.04-04.16.43:018][796]LogAISub: UAISubsystem::UAISubsystem EnvQueryManager (0000010A3A7FE200), frame # 5796
[2020.10.04-04.16.43:018][796]LogAISub: UAISubsystem::UAISubsystem AIPerceptionSystem (0000010A29D1C900), frame # 5796
[2020.10.04-04.16.43:019][796]LogPlayLevel: PIE: World Init took: (0.002165s)
[2020.10.04-04.16.43:019][796]LogPlayLevel: PIE: Created PIE world by copying editor world from /Game/TopDownBP/Maps/TopDownExampleMap.TopDownExampleMap to /Game/TopDownBP/Maps/UEDPIE_0_TopDownExampleMap.TopDownExampleMap (0.012925s)
[2020.10.04-04.16.43:030][796]LogUObjectHash: Compacting FUObjectHashTables data took   0.59ms
[2020.10.04-04.16.43:033][796]LogAudioMixer: Display: Audio Mixer Platform Settings:
[2020.10.04-04.16.43:033][796]LogAudioMixer: Display: 	Sample Rate:						  48000
[2020.10.04-04.16.43:033][796]LogAudioMixer: Display: 	Callback Buffer Frame Size Requested: 1024
[2020.10.04-04.16.43:033][796]LogAudioMixer: Display: 	Callback Buffer Frame Size To Use:	  1024
[2020.10.04-04.16.43:033][796]LogAudioMixer: Display: 	Number of buffers to queue:			  2
[2020.10.04-04.16.43:033][796]LogAudioMixer: Display: 	Max Channels (voices):				  32
[2020.10.04-04.16.43:033][796]LogAudioMixer: Display: 	Number of Async Source Workers:		  0
[2020.10.04-04.16.43:033][796]LogAudio: Display: AudioDevice MaxSources: 32
[2020.10.04-04.16.43:034][796]LogAudio: Display: Using built-in audio occlusion.
[2020.10.04-04.16.43:034][796]LogAudioMixer: Display: Initializing audio mixer.
[2020.10.04-04.16.43:038][796]LogAudioMixer: Display: 0: FrontLeft
[2020.10.04-04.16.43:038][796]LogAudioMixer: Display: 1: FrontRight
[2020.10.04-04.16.43:074][796]LogAudioMixer: Display: Using Audio Device Headset Earphone (HyperX Virtual Surround Sound)
[2020.10.04-04.16.43:074][796]LogAudioMixer: Display: Initializing Sound Submixes...
[2020.10.04-04.16.43:074][796]LogAudioMixer: Display: Creating Master Submix 'MasterSubmixDefault'
[2020.10.04-04.16.43:074][796]LogAudioMixer: Display: Creating Master Submix 'MasterReverbSubmixDefault'
[2020.10.04-04.16.43:075][796]LogAudioMixer: Display: Creating Master Submix 'MasterEQSubmixDefault'
[2020.10.04-04.16.43:088][796]LogInit: FAudioDevice initialized.
[2020.10.04-04.16.43:096][796]LogLoad: Game class is 'TopDownGameMode_C'
[2020.10.04-04.16.43:097][796]LogWorld: Bringing World /Game/TopDownBP/Maps/UEDPIE_0_TopDownExampleMap.TopDownExampleMap up for play (max tick rate 0) at 2020.10.03-22.16.43
[2020.10.04-04.16.43:098][796]LogWorld: Bringing up level for play took: 0.001191
[2020.10.04-04.16.43:098][796]LogOnline: OSS: Creating online subsystem instance for: :Context_2
[2020.10.04-04.16.43:101][796]LogTemp: Warning: asdasd
[2020.10.04-04.16.43:107][796]PIE: Server logged in
[2020.10.04-04.16.43:108][796]PIE: Play in editor total start time 0.141 seconds.
[2020.10.04-04.16.49:897][589]LogSlate: Updating window title bar state: overlay mode, drag disabled, window buttons hidden, title bar hidden
[2020.10.04-04.16.49:898][589]LogWorld: BeginTearingDown for /Game/TopDownBP/Maps/UEDPIE_0_TopDownExampleMap
[2020.10.04-04.16.49:898][589]LogWorld: UWorld::CleanupWorld for TopDownExampleMap, bSessionEnded=true, bCleanupResources=true
[2020.10.04-04.16.49:899][589]LogSlate: InvalidateAllWidgets triggered.  All widgets were invalidated
[2020.10.04-04.16.49:908][589]LogPlayLevel: Display: Shutting down PIE online subsystems
[2020.10.04-04.16.49:910][589]LogSlate: InvalidateAllWidgets triggered.  All widgets were invalidated
[2020.10.04-04.16.49:950][589]LogSlate: Updating window title bar state: overlay mode, drag disabled, window buttons hidden, title bar hidden
[2020.10.04-04.16.49:951][589]LogAISub: UAISubsystem::~UAISubsystem AIPerceptionSystem (0000010A29D1C900), frame # 6589
[2020.10.04-04.16.49:951][589]LogAISub: UAISubsystem::~UAISubsystem EnvQueryManager (0000010A3A7FE200), frame # 6589
[2020.10.04-04.16.49:952][589]LogUObjectHash: Compacting FUObjectHashTables data took   0.59ms
[2020.10.04-04.16.49:981][590]LogPlayLevel: Display: Destroying online subsystem :Context_2
[2020.10.04-04.16.50:336][632]LogTemp: Repeating last play command: Selected Viewport
[2020.10.04-04.16.50:349][632]LogPlayLevel: PlayLevel: No blueprints needed recompiling
[2020.10.04-04.16.50:349][632]PIE: New page: PIE session: TopDownExampleMap (Oct 3, 2020, 4:16:50 PM)
[2020.10.04-04.16.50:386][632]LogPlayLevel: Creating play world package: /Game/TopDownBP/Maps/UEDPIE_0_TopDownExampleMap
[2020.10.04-04.16.50:394][632]LogPlayLevel: PIE: StaticDuplicateObject took: (0.007688s)
[2020.10.04-04.16.50:395][632]LogAIModule: Creating AISystem for world TopDownExampleMap
[2020.10.04-04.16.50:395][632]LogAISub: UAISubsystem::UAISubsystem EnvQueryManager (0000010A449EEE00), frame # 6632
[2020.10.04-04.16.50:396][632]LogAISub: UAISubsystem::UAISubsystem AIPerceptionSystem (0000010A47510900), frame # 6632
[2020.10.04-04.16.50:396][632]LogPlayLevel: PIE: World Init took: (0.001409s)
[2020.10.04-04.16.50:396][632]LogPlayLevel: PIE: Created PIE world by copying editor world from /Game/TopDownBP/Maps/TopDownExampleMap.TopDownExampleMap to /Game/TopDownBP/Maps/UEDPIE_0_TopDownExampleMap.TopDownExampleMap (0.009518s)
[2020.10.04-04.16.50:407][632]LogUObjectHash: Compacting FUObjectHashTables data took   0.58ms
[2020.10.04-04.16.50:408][632]LogAudioMixer: Display: Audio Mixer Platform Settings:
[2020.10.04-04.16.50:408][632]LogAudioMixer: Display: 	Sample Rate:						  48000
[2020.10.04-04.16.50:408][632]LogAudioMixer: Display: 	Callback Buffer Frame Size Requested: 1024
[2020.10.04-04.16.50:409][632]LogAudioMixer: Display: 	Callback Buffer Frame Size To Use:	  1024
[2020.10.04-04.16.50:409][632]LogAudioMixer: Display: 	Number of buffers to queue:			  2
[2020.10.04-04.16.50:409][632]LogAudioMixer: Display: 	Max Channels (voices):				  32
[2020.10.04-04.16.50:409][632]LogAudioMixer: Display: 	Number of Async Source Workers:		  0
[2020.10.04-04.16.50:409][632]LogAudio: Display: AudioDevice MaxSources: 32
[2020.10.04-04.16.50:409][632]LogAudio: Display: Using built-in audio occlusion.
[2020.10.04-04.16.50:409][632]LogAudioMixer: Display: Initializing audio mixer.
[2020.10.04-04.16.50:413][632]LogAudioMixer: Display: 0: FrontLeft
[2020.10.04-04.16.50:413][632]LogAudioMixer: Display: 1: FrontRight
[2020.10.04-04.16.50:439][632]LogAudioMixer: Display: Using Audio Device Headset Earphone (HyperX Virtual Surround Sound)
[2020.10.04-04.16.50:440][632]LogAudioMixer: Display: Initializing Sound Submixes...
[2020.10.04-04.16.50:440][632]LogAudioMixer: Display: Creating Master Submix 'MasterSubmixDefault'
[2020.10.04-04.16.50:440][632]LogAudioMixer: Display: Creating Master Submix 'MasterReverbSubmixDefault'
[2020.10.04-04.16.50:440][632]LogAudioMixer: Display: Creating Master Submix 'MasterEQSubmixDefault'
[2020.10.04-04.16.50:453][632]LogInit: FAudioDevice initialized.
[2020.10.04-04.16.50:466][632]LogLoad: Game class is 'TopDownGameMode_C'
[2020.10.04-04.16.50:467][632]LogWorld: Bringing World /Game/TopDownBP/Maps/UEDPIE_0_TopDownExampleMap.TopDownExampleMap up for play (max tick rate 0) at 2020.10.03-22.16.50
[2020.10.04-04.16.50:467][632]LogWorld: Bringing up level for play took: 0.001138
[2020.10.04-04.16.50:467][632]LogOnline: OSS: Creating online subsystem instance for: :Context_3
[2020.10.04-04.16.50:470][632]LogTemp: Warning: asdasd
[2020.10.04-04.16.50:475][632]PIE: Server logged in
[2020.10.04-04.16.50:476][632]PIE: Play in editor total start time 0.128 seconds.
[2020.10.04-04.16.52:008][810]LogSlate: Updating window title bar state: overlay mode, drag disabled, window buttons hidden, title bar hidden
[2020.10.04-04.16.52:008][810]LogWorld: BeginTearingDown for /Game/TopDownBP/Maps/UEDPIE_0_TopDownExampleMap
[2020.10.04-04.16.52:008][810]LogWorld: UWorld::CleanupWorld for TopDownExampleMap, bSessionEnded=true, bCleanupResources=true
[2020.10.04-04.16.52:009][810]LogSlate: InvalidateAllWidgets triggered.  All widgets were invalidated
[2020.10.04-04.16.52:016][810]LogPlayLevel: Display: Shutting down PIE online subsystems
[2020.10.04-04.16.52:018][810]LogSlate: InvalidateAllWidgets triggered.  All widgets were invalidated
[2020.10.04-04.16.52:027][810]LogSlate: Updating window title bar state: overlay mode, drag disabled, window buttons hidden, title bar hidden
[2020.10.04-04.16.52:051][810]LogAISub: UAISubsystem::~UAISubsystem AIPerceptionSystem (0000010A47510900), frame # 6810
[2020.10.04-04.16.52:051][810]LogAISub: UAISubsystem::~UAISubsystem EnvQueryManager (0000010A449EEE00), frame # 6810
[2020.10.04-04.16.52:052][810]LogUObjectHash: Compacting FUObjectHashTables data took   0.58ms
[2020.10.04-04.16.52:098][812]LogPlayLevel: Display: Destroying online subsystem :Context_3
